<?xml version="1.0" encoding="UTF-8"?>
<testsuites name="EndtoEndDemo" time="116" tests="1" failures="0" errors="0">
   <testsuite name="EndtoEndDemo" tests="1" failures="0" errors="0" time="116" timestamp="2018-12-18 10:47:23" hostname="C5281054 - INLN56580283A.apj.global.corp.sap" id="Test Suites/Nirmal/EndtoEndDemo">
      <properties>
         <property name="deviceName" value=""/>
         <property name="devicePlatform" value=""/>
         <property name="logFolder" value="C:\\Users\\c5281054\\git\\KatalonDemo\\Reports\\Nirmal\\EndtoEndDemo\\20181218_104655"/>
         <property name="logFiles" value="C:\\Users\\c5281054\\git\\KatalonDemo\\Reports\\Nirmal\\EndtoEndDemo\\20181218_104655\\execution0.log"/>
         <property name="attachments" value=""/>
         <property name="hostName" value="C5281054 - INLN56580283A.apj.global.corp.sap"/>
         <property name="os" value="Windows 10 64bit"/>
         <property name="katalonVersion" value="5.9.1.2"/>
         <property name="browser" value="Chrome 71.0.3578.98"/>
         <property name="hostAddress" value="192.168.242.1"/>
         <property name="sessionId" value="ce190409471dde80f18088a2562e5cee"/>
         <property name="seleniumVersion" value="3.7.1"/>
         <property name="proxyInformation" value="ProxyInformation{proxyOption=NO_PROXY, proxyServerType=HTTP, password=, proxyServerAddress=, proxyServerPort=0}"/>
         <property name="platform" value="Windows 10"/>
      </properties>
      <testcase name="Test Cases/Nirmal/TC5 - End To End Scenario" classname="Test Cases/Nirmal/TC5 - End To End Scenario" status="PASSED">
         <system-out><![CDATA[2018-12-18 10:47:29 - [TEST_CASE][PASSED] - Test Cases/Nirmal/TC5 - End To End Scenario: Test Cases/Nirmal/TC5 - End To End Scenario

2018-12-18 10:47:30 - [TEST_STEP][PASSED] - Start listener action : sampleBeforeTestCase: null

2018-12-18 10:47:30 - [TEST_STEP][PASSED] - println(testCaseContext.getTestCaseId()): null

2018-12-18 10:47:30 - [TEST_STEP][PASSED] - println(testCaseContext.getTestCaseVariables()): null

2018-12-18 10:47:30 - [TEST_STEP][PASSED] - println(testCaseContext.getMessage()): null

2018-12-18 10:47:30 - [TEST_STEP][PASSED] - Start listener action : sampleBeforeTestCase: null

2018-12-18 10:47:30 - [TEST_STEP][PASSED] - println(testCaseContext.getTestCaseId()): null

2018-12-18 10:47:30 - [TEST_STEP][PASSED] - println(testCaseContext.getTestCaseVariables()): null

2018-12-18 10:47:33 - [TEST_STEP][PASSED] - dNow = new java.util.Date(): null

2018-12-18 10:47:33 - [TEST_STEP][PASSED] - ft = new java.text.SimpleDateFormat(MM_DD_YYYY_HH_MM_SS): null

2018-12-18 10:47:33 - [TEST_STEP][PASSED] - println(ft.format(dNow)): null

2018-12-18 10:47:33 - [TEST_STEP][PASSED] - Email = "Katalon_Demo_" + ft.format(dNow) + "@gmail.com": null

2018-12-18 10:47:33 - [TEST_STEP][PASSED] - openBrowser(""): Browser is opened with url: ''

2018-12-18 10:47:35 - [MESSAGE][INFO] - Starting 'Chrome (headless)' driver

2018-12-18 10:47:35 - [MESSAGE][INFO] - Action delay is set to 0 seconds

2018-12-18 10:48:11 - [MESSAGE][PASSED] - Browser is opened with url: ''

2018-12-18 10:48:11 - [TEST_STEP][PASSED] - navigateToUrl("http://demowebshop.tricentis.com/"): Navigate to 'http://demowebshop.tricentis.com/' successfully

2018-12-18 10:48:15 - [MESSAGE][PASSED] - Navigate to 'http://demowebshop.tricentis.com/' successfully

2018-12-18 10:48:15 - [TEST_STEP][PASSED] - maximizeWindow(): Current window maximized

2018-12-18 10:48:16 - [MESSAGE][PASSED] - Current window maximized

2018-12-18 10:48:16 - [TEST_STEP][PASSED] - delay(5): Delayed 5 second(s)

2018-12-18 10:48:21 - [MESSAGE][PASSED] - Delayed 5 second(s)

2018-12-18 10:48:21 - [TEST_STEP][PASSED] - click(findTestObject("Object Repository/End To End Senario/Page_Demo Web Shop/a_Register")): Object: 'Object Repository/End To End Senario/Page_Demo Web Shop/a_Register' is clicked on

2018-12-18 10:48:23 - [MESSAGE][PASSED] - Object: 'Object Repository/End To End Senario/Page_Demo Web Shop/a_Register' is clicked on

2018-12-18 10:48:23 - [TEST_STEP][PASSED] - click(findTestObject("Object Repository/End To End Senario/Page_Demo Web Shop. Register/input_Gender_Gender")): Object: 'Object Repository/End To End Senario/Page_Demo Web Shop. Register/input_Gender_Gender' is clicked on

2018-12-18 10:48:23 - [MESSAGE][PASSED] - Object: 'Object Repository/End To End Senario/Page_Demo Web Shop. Register/input_Gender_Gender' is clicked on

2018-12-18 10:48:23 - [TEST_STEP][PASSED] - sendKeys(findTestObject("Object Repository/End To End Senario/Page_Demo Web Shop. Register/input_First name_FirstName"), First_name): Keys 'Test123' sent to object: 'Object Repository/End To End Senario/Page_Demo Web Shop. Register/input_First name_FirstName'

2018-12-18 10:48:24 - [MESSAGE][PASSED] - Keys 'Test123' sent to object: 'Object Repository/End To End Senario/Page_Demo Web Shop. Register/input_First name_FirstName'

2018-12-18 10:48:24 - [TEST_STEP][PASSED] - sendKeys(findTestObject("Object Repository/End To End Senario/Page_Demo Web Shop. Register/input_Last name_LastName"), Last_name): Keys 'katalon' sent to object: 'Object Repository/End To End Senario/Page_Demo Web Shop. Register/input_Last name_LastName'

2018-12-18 10:48:25 - [MESSAGE][PASSED] - Keys 'katalon' sent to object: 'Object Repository/End To End Senario/Page_Demo Web Shop. Register/input_Last name_LastName'

2018-12-18 10:48:25 - [TEST_STEP][PASSED] - sendKeys(findTestObject("Object Repository/End To End Senario/Page_Demo Web Shop. Register/input_Email_Email"), Email): Keys 'Katalon_Demo_12_352_2018_10_12_826@gmail.com' sent to object: 'Object Repository/End To End Senario/Page_Demo Web Shop. Register/input_Email_Email'

2018-12-18 10:48:26 - [MESSAGE][PASSED] - Keys 'Katalon_Demo_12_352_2018_10_12_826@gmail.com' sent to object: 'Object Repository/End To End Senario/Page_Demo Web Shop. Register/input_Email_Email'

2018-12-18 10:48:26 - [TEST_STEP][PASSED] - sendKeys(findTestObject("Object Repository/End To End Senario/Page_Demo Web Shop. Register/input_Password_Password"), Password): Keys 'password@123' sent to object: 'Object Repository/End To End Senario/Page_Demo Web Shop. Register/input_Password_Password'

2018-12-18 10:48:26 - [MESSAGE][PASSED] - Keys 'password@123' sent to object: 'Object Repository/End To End Senario/Page_Demo Web Shop. Register/input_Password_Password'

2018-12-18 10:48:26 - [TEST_STEP][PASSED] - sendKeys(findTestObject("Object Repository/End To End Senario/Page_Demo Web Shop. Register/input_Confirm password_Confirm"), Password): Keys 'password@123' sent to object: 'Object Repository/End To End Senario/Page_Demo Web Shop. Register/input_Confirm password_Confirm'

2018-12-18 10:48:26 - [MESSAGE][PASSED] - Keys 'password@123' sent to object: 'Object Repository/End To End Senario/Page_Demo Web Shop. Register/input_Confirm password_Confirm'

2018-12-18 10:48:26 - [TEST_STEP][PASSED] - click(findTestObject("Object Repository/End To End Senario/Page_Demo Web Shop. Register/input__register-button")): Object: 'Object Repository/End To End Senario/Page_Demo Web Shop. Register/input__register-button' is clicked on

2018-12-18 10:48:28 - [MESSAGE][PASSED] - Object: 'Object Repository/End To End Senario/Page_Demo Web Shop. Register/input__register-button' is clicked on

2018-12-18 10:48:28 - [TEST_STEP][PASSED] - click(findTestObject("Object Repository/End To End Senario/Page_Demo Web Shop. Register/input_Your registration comple")): Object: 'Object Repository/End To End Senario/Page_Demo Web Shop. Register/input_Your registration comple' is clicked on

2018-12-18 10:48:28 - [MESSAGE][PASSED] - Object: 'Object Repository/End To End Senario/Page_Demo Web Shop. Register/input_Your registration comple' is clicked on

2018-12-18 10:48:28 - [TEST_STEP][PASSED] - delay(5): Delayed 5 second(s)

2018-12-18 10:48:33 - [MESSAGE][PASSED] - Delayed 5 second(s)

2018-12-18 10:48:33 - [TEST_STEP][PASSED] - mouseOver(findTestObject("Object Repository/Page_Demo Web Shop/a_Computers")): Object: 'Object Repository/Page_Demo Web Shop/a_Computers' is hovered

2018-12-18 10:48:34 - [MESSAGE][PASSED] - Object: 'Object Repository/Page_Demo Web Shop/a_Computers' is hovered

2018-12-18 10:48:34 - [TEST_STEP][PASSED] - click(findTestObject("Object Repository/Page_Demo Web Shop/a_Desktops")): Object: 'Object Repository/Page_Demo Web Shop/a_Desktops' is clicked on

2018-12-18 10:48:35 - [MESSAGE][PASSED] - Object: 'Object Repository/Page_Demo Web Shop/a_Desktops' is clicked on

2018-12-18 10:48:35 - [TEST_STEP][PASSED] - delay(5): Delayed 5 second(s)

2018-12-18 10:48:40 - [MESSAGE][PASSED] - Delayed 5 second(s)

2018-12-18 10:48:40 - [TEST_STEP][PASSED] - click(findTestObject("Object Repository/End To End Senario/Page_Demo Web Shop. Desktops/input_Build it_button-2 produc")): Object: 'Object Repository/End To End Senario/Page_Demo Web Shop. Desktops/input_Build it_button-2 produc' is clicked on

2018-12-18 10:48:41 - [MESSAGE][PASSED] - Object: 'Object Repository/End To End Senario/Page_Demo Web Shop. Desktops/input_Build it_button-2 produc' is clicked on

2018-12-18 10:48:41 - [TEST_STEP][PASSED] - click(findTestObject("Object Repository/Page_Demo Web Shop. Build your own/input_Qty_add-to-cart-button-7")): Object: 'Object Repository/Page_Demo Web Shop. Build your own/input_Qty_add-to-cart-button-7' is clicked on

2018-12-18 10:48:43 - [MESSAGE][PASSED] - Object: 'Object Repository/Page_Demo Web Shop. Build your own/input_Qty_add-to-cart-button-7' is clicked on

2018-12-18 10:48:43 - [TEST_STEP][PASSED] - delay(5): Delayed 5 second(s)

2018-12-18 10:48:48 - [MESSAGE][PASSED] - Delayed 5 second(s)

2018-12-18 10:48:48 - [TEST_STEP][PASSED] - click(findTestObject("Object Repository/Page_Demo Web Shop. Build your own/span_Shopping cart")): Object: 'Object Repository/Page_Demo Web Shop. Build your own/span_Shopping cart' is clicked on

2018-12-18 10:48:49 - [MESSAGE][PASSED] - Object: 'Object Repository/Page_Demo Web Shop. Build your own/span_Shopping cart' is clicked on

2018-12-18 10:48:49 - [TEST_STEP][PASSED] - selectOptionByLabel(findTestObject("Object Repository/End To End Senario/Page_Demo Web Shop. Shopping Cart/select_Select countryUnited St"), "India", false): All options with label 'India' are selected in object 'Object Repository/End To End Senario/Page_Demo Web Shop. Shopping Cart/select_Select countryUnited St' 

2018-12-18 10:48:49 - [MESSAGE][PASSED] - All options with label 'India' are selected in object 'Object Repository/End To End Senario/Page_Demo Web Shop. Shopping Cart/select_Select countryUnited St' 

2018-12-18 10:48:49 - [TEST_STEP][PASSED] - sendKeys(findTestObject("Object Repository/End To End Senario/Page_Demo Web Shop. Shopping Cart/input_Zip  postal code_ZipPost"), Zip_postal_code): Keys '411037' sent to object: 'Object Repository/End To End Senario/Page_Demo Web Shop. Shopping Cart/input_Zip  postal code_ZipPost'

2018-12-18 10:48:50 - [MESSAGE][PASSED] - Keys '411037' sent to object: 'Object Repository/End To End Senario/Page_Demo Web Shop. Shopping Cart/input_Zip  postal code_ZipPost'

2018-12-18 10:48:50 - [TEST_STEP][PASSED] - click(findTestObject("Object Repository/End To End Senario/Page_Demo Web Shop. Shopping Cart/input_Zip  postal code_estimat")): Object: 'Object Repository/End To End Senario/Page_Demo Web Shop. Shopping Cart/input_Zip  postal code_estimat' is clicked on

2018-12-18 10:48:50 - [MESSAGE][PASSED] - Object: 'Object Repository/End To End Senario/Page_Demo Web Shop. Shopping Cart/input_Zip  postal code_estimat' is clicked on

2018-12-18 10:48:50 - [TEST_STEP][PASSED] - click(findTestObject("Object Repository/End To End Senario/Page_Demo Web Shop. Shopping Cart/input_I agree with the terms o")): Object: 'Object Repository/End To End Senario/Page_Demo Web Shop. Shopping Cart/input_I agree with the terms o' is clicked on

2018-12-18 10:48:51 - [MESSAGE][PASSED] - Object: 'Object Repository/End To End Senario/Page_Demo Web Shop. Shopping Cart/input_I agree with the terms o' is clicked on

2018-12-18 10:48:51 - [TEST_STEP][PASSED] - click(findTestObject("Object Repository/End To End Senario/Page_Demo Web Shop. Shopping Cart/button_Checkout")): Object: 'Object Repository/End To End Senario/Page_Demo Web Shop. Shopping Cart/button_Checkout' is clicked on

2018-12-18 10:48:52 - [MESSAGE][PASSED] - Object: 'Object Repository/End To End Senario/Page_Demo Web Shop. Shopping Cart/button_Checkout' is clicked on

2018-12-18 10:48:52 - [TEST_STEP][PASSED] - delay(5): Delayed 5 second(s)

2018-12-18 10:48:57 - [MESSAGE][PASSED] - Delayed 5 second(s)

2018-12-18 10:48:57 - [TEST_STEP][PASSED] - setText(findTestObject("Object Repository/End To End Senario/Page_Demo Web Shop. Checkout/input_Company_BillingNewAddres"), Company): Text 'Electronica' is set on object 'Object Repository/End To End Senario/Page_Demo Web Shop. Checkout/input_Company_BillingNewAddres'

2018-12-18 10:48:57 - [MESSAGE][PASSED] - Text 'Electronica' is set on object 'Object Repository/End To End Senario/Page_Demo Web Shop. Checkout/input_Company_BillingNewAddres'

2018-12-18 10:48:57 - [TEST_STEP][PASSED] - selectOptionByLabel(findTestObject("Object Repository/End To End Senario/Page_Demo Web Shop. Checkout/select_Select countryUnited St"), "India", false): All options with label 'India' are selected in object 'Object Repository/End To End Senario/Page_Demo Web Shop. Checkout/select_Select countryUnited St' 

2018-12-18 10:48:57 - [MESSAGE][PASSED] - All options with label 'India' are selected in object 'Object Repository/End To End Senario/Page_Demo Web Shop. Checkout/select_Select countryUnited St' 

2018-12-18 10:48:57 - [TEST_STEP][PASSED] - setText(findTestObject("Object Repository/End To End Senario/Page_Demo Web Shop. Checkout/input_City_BillingNewAddress.C"), City): Text 'Bombay' is set on object 'Object Repository/End To End Senario/Page_Demo Web Shop. Checkout/input_City_BillingNewAddress.C'

2018-12-18 10:48:57 - [MESSAGE][PASSED] - Text 'Bombay' is set on object 'Object Repository/End To End Senario/Page_Demo Web Shop. Checkout/input_City_BillingNewAddress.C'

2018-12-18 10:48:57 - [TEST_STEP][PASSED] - setText(findTestObject("Object Repository/End To End Senario/Page_Demo Web Shop. Checkout/input_Address 1_BillingNewAddr"), Address_1): Text 'RockStar Road RockStar Soc' is set on object 'Object Repository/End To End Senario/Page_Demo Web Shop. Checkout/input_Address 1_BillingNewAddr'

2018-12-18 10:48:58 - [MESSAGE][PASSED] - Text 'RockStar Road RockStar Soc' is set on object 'Object Repository/End To End Senario/Page_Demo Web Shop. Checkout/input_Address 1_BillingNewAddr'

2018-12-18 10:48:58 - [TEST_STEP][PASSED] - setText(findTestObject("Object Repository/End To End Senario/Page_Demo Web Shop. Checkout/input_Address 2_BillingNewAddr"), Address_2): Text 'Flat no 1001' is set on object 'Object Repository/End To End Senario/Page_Demo Web Shop. Checkout/input_Address 2_BillingNewAddr'

2018-12-18 10:48:58 - [MESSAGE][PASSED] - Text 'Flat no 1001' is set on object 'Object Repository/End To End Senario/Page_Demo Web Shop. Checkout/input_Address 2_BillingNewAddr'

2018-12-18 10:48:58 - [TEST_STEP][PASSED] - setText(findTestObject("Object Repository/End To End Senario/Page_Demo Web Shop. Checkout/input_Zip  postal code_Billing"), Zip_postal_code_1): Text '411033' is set on object 'Object Repository/End To End Senario/Page_Demo Web Shop. Checkout/input_Zip  postal code_Billing'

2018-12-18 10:48:58 - [MESSAGE][PASSED] - Text '411033' is set on object 'Object Repository/End To End Senario/Page_Demo Web Shop. Checkout/input_Zip  postal code_Billing'

2018-12-18 10:48:58 - [TEST_STEP][PASSED] - setText(findTestObject("Object Repository/End To End Senario/Page_Demo Web Shop. Checkout/input_Phone number_BillingNewA"), Phone_number): Text '9922445566' is set on object 'Object Repository/End To End Senario/Page_Demo Web Shop. Checkout/input_Phone number_BillingNewA'

2018-12-18 10:48:58 - [MESSAGE][PASSED] - Text '9922445566' is set on object 'Object Repository/End To End Senario/Page_Demo Web Shop. Checkout/input_Phone number_BillingNewA'

2018-12-18 10:48:58 - [TEST_STEP][PASSED] - setText(findTestObject("Object Repository/End To End Senario/Page_Demo Web Shop. Checkout/input_Fax number_BillingNewAdd"), Fax_number): Text '+44 161 999 8888' is set on object 'Object Repository/End To End Senario/Page_Demo Web Shop. Checkout/input_Fax number_BillingNewAdd'

2018-12-18 10:48:58 - [MESSAGE][PASSED] - Text '+44 161 999 8888' is set on object 'Object Repository/End To End Senario/Page_Demo Web Shop. Checkout/input_Fax number_BillingNewAdd'

2018-12-18 10:48:58 - [TEST_STEP][PASSED] - click(findTestObject("Object Repository/End To End Senario/Page_Demo Web Shop. Checkout/input__button-1 new-address-ne")): Object: 'Object Repository/End To End Senario/Page_Demo Web Shop. Checkout/input__button-1 new-address-ne' is clicked on

2018-12-18 10:48:58 - [MESSAGE][PASSED] - Object: 'Object Repository/End To End Senario/Page_Demo Web Shop. Checkout/input__button-1 new-address-ne' is clicked on

2018-12-18 10:48:58 - [TEST_STEP][PASSED] - delay(5): Delayed 5 second(s)

2018-12-18 10:49:03 - [MESSAGE][PASSED] - Delayed 5 second(s)

2018-12-18 10:49:03 - [TEST_STEP][PASSED] - verifyElementPresent(findTestObject("Object Repository/End To End Senario/Page_Demo Web Shop. Checkout/input__button-1 Custom"), 10): Object 'Object Repository/End To End Senario/Page_Demo Web Shop. Checkout/input__button-1 Custom' is present

2018-12-18 10:49:03 - [MESSAGE][PASSED] - Object 'Object Repository/End To End Senario/Page_Demo Web Shop. Checkout/input__button-1 Custom' is present

2018-12-18 10:49:03 - [TEST_STEP][PASSED] - driver = getWebDriver(): null

2018-12-18 10:49:03 - [TEST_STEP][PASSED] - elem = driver.findElement(By.xpath("(//input[@type = 'button' and @class = 'button-1 new-address-next-step-button' and @title = 'Continue' and @value = 'Continue'])[2]")): null

2018-12-18 10:49:04 - [TEST_STEP][PASSED] - executeJavaScript("arguments[0].click()", Arrays.asList(elem)): Execute JavaScript 'arguments[0].click()' successfully

2018-12-18 10:49:04 - [MESSAGE][PASSED] - Execute JavaScript 'arguments[0].click()' successfully

2018-12-18 10:49:04 - [TEST_STEP][PASSED] - verifyElementPresent(findTestObject("Object Repository/End To End Senario/Page_Demo Web Shop. Checkout/input_Ground (0.00)_shippingop"), 10): Object 'Object Repository/End To End Senario/Page_Demo Web Shop. Checkout/input_Ground (0.00)_shippingop' is present

2018-12-18 10:49:04 - [MESSAGE][PASSED] - Object 'Object Repository/End To End Senario/Page_Demo Web Shop. Checkout/input_Ground (0.00)_shippingop' is present

2018-12-18 10:49:04 - [TEST_STEP][PASSED] - click(findTestObject("Object Repository/End To End Senario/Page_Demo Web Shop. Checkout/input_Ground (0.00)_shippingop")): Object: 'Object Repository/End To End Senario/Page_Demo Web Shop. Checkout/input_Ground (0.00)_shippingop' is clicked on

2018-12-18 10:49:04 - [MESSAGE][PASSED] - Object: 'Object Repository/End To End Senario/Page_Demo Web Shop. Checkout/input_Ground (0.00)_shippingop' is clicked on

2018-12-18 10:49:04 - [TEST_STEP][PASSED] - click(findTestObject("Object Repository/End To End Senario/Page_Demo Web Shop. Checkout/input__button-1 shipping-metho")): Object: 'Object Repository/End To End Senario/Page_Demo Web Shop. Checkout/input__button-1 shipping-metho' is clicked on

2018-12-18 10:49:04 - [MESSAGE][PASSED] - Object: 'Object Repository/End To End Senario/Page_Demo Web Shop. Checkout/input__button-1 shipping-metho' is clicked on

2018-12-18 10:49:04 - [TEST_STEP][PASSED] - click(findTestObject("Object Repository/End To End Senario/Page_Demo Web Shop. Checkout/input_Check  Money Order (5.00")): Object: 'Object Repository/End To End Senario/Page_Demo Web Shop. Checkout/input_Check  Money Order (5.00' is clicked on

2018-12-18 10:49:05 - [MESSAGE][PASSED] - Object: 'Object Repository/End To End Senario/Page_Demo Web Shop. Checkout/input_Check  Money Order (5.00' is clicked on

2018-12-18 10:49:05 - [TEST_STEP][PASSED] - click(findTestObject("Object Repository/End To End Senario/Page_Demo Web Shop. Checkout/input__button-1 payment-method")): Object: 'Object Repository/End To End Senario/Page_Demo Web Shop. Checkout/input__button-1 payment-method' is clicked on

2018-12-18 10:49:05 - [MESSAGE][PASSED] - Object: 'Object Repository/End To End Senario/Page_Demo Web Shop. Checkout/input__button-1 payment-method' is clicked on

2018-12-18 10:49:05 - [TEST_STEP][PASSED] - delay(5): Delayed 5 second(s)

2018-12-18 10:49:10 - [MESSAGE][PASSED] - Delayed 5 second(s)

2018-12-18 10:49:10 - [TEST_STEP][PASSED] - selectOptionByValue(findTestObject("Object Repository/End To End Senario/Page_Demo Web Shop. Checkout/select_VisaMaster cardDiscover"), "MasterCard", false): All options with value 'MasterCard' are selected in object 'Object Repository/End To End Senario/Page_Demo Web Shop. Checkout/select_VisaMaster cardDiscover' 

2018-12-18 10:49:10 - [MESSAGE][PASSED] - All options with value 'MasterCard' are selected in object 'Object Repository/End To End Senario/Page_Demo Web Shop. Checkout/select_VisaMaster cardDiscover' 

2018-12-18 10:49:10 - [TEST_STEP][PASSED] - sendKeys(findTestObject("Object Repository/End To End Senario/Page_Demo Web Shop. Checkout/input_Cardholder name_Cardhold"), Cardholder_name): Keys 'John Doe' sent to object: 'Object Repository/End To End Senario/Page_Demo Web Shop. Checkout/input_Cardholder name_Cardhold'

2018-12-18 10:49:10 - [MESSAGE][PASSED] - Keys 'John Doe' sent to object: 'Object Repository/End To End Senario/Page_Demo Web Shop. Checkout/input_Cardholder name_Cardhold'

2018-12-18 10:49:10 - [TEST_STEP][PASSED] - sendKeys(findTestObject("Object Repository/End To End Senario/Page_Demo Web Shop. Checkout/input_Card number_CardNumber"), Card_number): Keys '378282246310005' sent to object: 'Object Repository/End To End Senario/Page_Demo Web Shop. Checkout/input_Card number_CardNumber'

2018-12-18 10:49:11 - [MESSAGE][PASSED] - Keys '378282246310005' sent to object: 'Object Repository/End To End Senario/Page_Demo Web Shop. Checkout/input_Card number_CardNumber'

2018-12-18 10:49:11 - [TEST_STEP][PASSED] - selectOptionByValue(findTestObject("Object Repository/Page_Demo Web Shop. Checkout/select_01020304050607080910111"), "3", false): All options with value '3' are selected in object 'Object Repository/Page_Demo Web Shop. Checkout/select_01020304050607080910111' 

2018-12-18 10:49:11 - [MESSAGE][PASSED] - All options with value '3' are selected in object 'Object Repository/Page_Demo Web Shop. Checkout/select_01020304050607080910111' 

2018-12-18 10:49:11 - [TEST_STEP][PASSED] - selectOptionByValue(findTestObject("Object Repository/Page_Demo Web Shop. Checkout/select_20182019202020212022202"), "2020", false): All options with value '2020' are selected in object 'Object Repository/Page_Demo Web Shop. Checkout/select_20182019202020212022202' 

2018-12-18 10:49:11 - [MESSAGE][PASSED] - All options with value '2020' are selected in object 'Object Repository/Page_Demo Web Shop. Checkout/select_20182019202020212022202' 

2018-12-18 10:49:11 - [TEST_STEP][PASSED] - sendKeys(findTestObject("Object Repository/Page_Demo Web Shop. Checkout/input_Card code_CardCode"), Card_code): Keys '111' sent to object: 'Object Repository/Page_Demo Web Shop. Checkout/input_Card code_CardCode'

2018-12-18 10:49:11 - [MESSAGE][PASSED] - Keys '111' sent to object: 'Object Repository/Page_Demo Web Shop. Checkout/input_Card code_CardCode'

2018-12-18 10:49:11 - [TEST_STEP][PASSED] - click(findTestObject("Object Repository/Page_Demo Web Shop. Checkout/input__button-1 payment-info-n")): Object: 'Object Repository/Page_Demo Web Shop. Checkout/input__button-1 payment-info-n' is clicked on

2018-12-18 10:49:11 - [MESSAGE][PASSED] - Object: 'Object Repository/Page_Demo Web Shop. Checkout/input__button-1 payment-info-n' is clicked on

2018-12-18 10:49:11 - [TEST_STEP][PASSED] - delay(5): Delayed 5 second(s)

2018-12-18 10:49:16 - [MESSAGE][PASSED] - Delayed 5 second(s)

2018-12-18 10:49:16 - [TEST_STEP][PASSED] - click(findTestObject("Object Repository/Page_Demo Web Shop. Checkout/input__button-1 confirm-order-")): Object: 'Object Repository/Page_Demo Web Shop. Checkout/input__button-1 confirm-order-' is clicked on

2018-12-18 10:49:17 - [MESSAGE][PASSED] - Object: 'Object Repository/Page_Demo Web Shop. Checkout/input__button-1 confirm-order-' is clicked on

2018-12-18 10:49:17 - [TEST_STEP][PASSED] - click(findTestObject("Object Repository/Page_Demo Web Shop. Checkout/input_Click here for order det")): Object: 'Object Repository/Page_Demo Web Shop. Checkout/input_Click here for order det' is clicked on

2018-12-18 10:49:18 - [MESSAGE][PASSED] - Object: 'Object Repository/Page_Demo Web Shop. Checkout/input_Click here for order det' is clicked on

2018-12-18 10:49:18 - [TEST_STEP][PASSED] - Start listener action : sampleAfterTestCase: null

2018-12-18 10:49:18 - [TEST_STEP][PASSED] - println(testCaseContext.getTestCaseId()): null

2018-12-18 10:49:18 - [TEST_STEP][PASSED] - println(testCaseContext.getTestCaseStatus()): null

2018-12-18 10:49:18 - [TEST_STEP][PASSED] - println(testCaseContext.getMessage()): null

2018-12-18 10:49:18 - [TEST_STEP][PASSED] - Start listener action : sampleAfterTestCase: null

2018-12-18 10:49:18 - [TEST_STEP][PASSED] - println(testCaseContext.getTestCaseId()): null

2018-12-18 10:49:18 - [TEST_STEP][PASSED] - println(testCaseContext.getTestCaseStatus()): null]]></system-out>
         <system-err><![CDATA[]]></system-err>
      </testcase>
      <system-out><![CDATA[2018-12-18 10:47:23 - [TEST_SUITE][PASSED] - EndtoEndDemo: Test Cases/Nirmal/TC5 - End To End Scenario]]></system-out>
      <system-err><![CDATA[]]></system-err>
   </testsuite>
</testsuites>
