<?xml version="1.0" encoding="UTF-8"?>
<testsuites name="TestSuite1" time="70" tests="1" failures="0" errors="0">
   <testsuite name="TestSuite1" tests="1" failures="0" errors="0" time="70" timestamp="2018-12-18 11:03:13" hostname="C5281054 - INLN56580283A.apj.global.corp.sap" id="Test Suites/Bhawna/TestSuite1">
      <properties>
         <property name="deviceName" value=""/>
         <property name="devicePlatform" value=""/>
         <property name="logFolder" value="C:\\Users\\c5281054\\git\\KatalonDemo\\Reports\\Bhawna\\TestSuite1\\20181218_110254"/>
         <property name="logFiles" value="C:\\Users\\c5281054\\git\\KatalonDemo\\Reports\\Bhawna\\TestSuite1\\20181218_110254\\execution0.log"/>
         <property name="attachments" value="C:\\Users\\c5281054\\git\\KatalonDemo\\Snapshots\\MainPage.PNG"/>
         <property name="hostName" value="C5281054 - INLN56580283A.apj.global.corp.sap"/>
         <property name="os" value="Windows 10 64bit"/>
         <property name="katalonVersion" value="5.9.1.2"/>
         <property name="browser" value="Chrome 71.0.3578.98"/>
         <property name="hostAddress" value="192.168.242.1"/>
         <property name="sessionId" value="d9557bea93dbe04c7927f41221f8ae7b"/>
         <property name="seleniumVersion" value="3.7.1"/>
         <property name="proxyInformation" value="ProxyInformation{proxyOption=NO_PROXY, proxyServerType=HTTP, password=, proxyServerAddress=, proxyServerPort=0}"/>
         <property name="platform" value="Windows 10"/>
      </properties>
      <testcase name="Test Cases/Bhawna/TC_MouseHoverAndScreenshot" classname="Test Cases/Bhawna/TC_MouseHoverAndScreenshot" status="PASSED">
         <system-out><![CDATA[2018-12-18 11:03:20 - [TEST_CASE][PASSED] - Test Cases/Bhawna/TC_MouseHoverAndScreenshot: Test Cases/Bhawna/TC_MouseHoverAndScreenshot

2018-12-18 11:03:21 - [TEST_STEP][PASSED] - Start listener action : sampleBeforeTestCase: null

2018-12-18 11:03:21 - [TEST_STEP][PASSED] - println(testCaseContext.getTestCaseId()): null

2018-12-18 11:03:21 - [TEST_STEP][PASSED] - println(testCaseContext.getTestCaseVariables()): null

2018-12-18 11:03:21 - [TEST_STEP][PASSED] - println(testCaseContext.getMessage()): null

2018-12-18 11:03:21 - [TEST_STEP][PASSED] - Start listener action : sampleBeforeTestCase: null

2018-12-18 11:03:21 - [TEST_STEP][PASSED] - println(testCaseContext.getTestCaseId()): null

2018-12-18 11:03:21 - [TEST_STEP][PASSED] - println(testCaseContext.getTestCaseVariables()): null

2018-12-18 11:03:24 - [TEST_STEP][PASSED] - openBrowser(Url): Browser is opened with url: 'https://siteorigin.com/'

2018-12-18 11:03:28 - [MESSAGE][INFO] - Starting 'Chrome (headless)' driver

2018-12-18 11:03:28 - [MESSAGE][INFO] - Action delay is set to 0 seconds

2018-12-18 11:04:10 - [MESSAGE][PASSED] - Browser is opened with url: 'https://siteorigin.com/'

2018-12-18 11:04:10 - [TEST_STEP][PASSED] - maximizeWindow(): Current window maximized

2018-12-18 11:04:12 - [MESSAGE][PASSED] - Current window maximized

2018-12-18 11:04:12 - [TEST_STEP][PASSED] - if (verifyElementVisible(findTestObject("Object Repository/Page_SiteOrigin - Free WordPress Th/a_Plugins"))): Object: 'Object Repository/Page_SiteOrigin - Free WordPress Th/a_Plugins' is hovered

2018-12-18 11:04:13 - [MESSAGE][PASSED] - Object 'Object Repository/Page_SiteOrigin - Free WordPress Th/a_Plugins' is visible

2018-12-18 11:04:13 - [TEST_STEP][PASSED] - mouseOver(findTestObject("Object Repository/Page_SiteOrigin - Free WordPress Th/a_Plugins")): Object: 'Object Repository/Page_SiteOrigin - Free WordPress Th/a_Plugins' is hovered

2018-12-18 11:04:13 - [MESSAGE][PASSED] - Object: 'Object Repository/Page_SiteOrigin - Free WordPress Th/a_Plugins' is hovered

2018-12-18 11:04:13 - [TEST_STEP][PASSED] - delay(3): Delayed 3 second(s)

2018-12-18 11:04:17 - [MESSAGE][PASSED] - Delayed 3 second(s)

2018-12-18 11:04:17 - [TEST_STEP][PASSED] - com.util.TakeScreenshot.takeScreenshotOfWebPage(filename): com.util.TakeScreenshot.takeScreenshotOfWebPage is PASSED

2018-12-18 11:04:17 - [MESSAGE][PASSED] - Taking screenshot successfully
[[ATTACHMENT|C:\\Users\\c5281054\\git\\KatalonDemo\\Snapshots\\MainPage.PNG]]

2018-12-18 11:04:17 - [MESSAGE][PASSED] - com.util.TakeScreenshot.takeScreenshotOfWebPage is PASSED

2018-12-18 11:04:17 - [TEST_STEP][PASSED] - closeBrowser(): Browser is closed

2018-12-18 11:04:23 - [MESSAGE][PASSED] - Browser is closed

2018-12-18 11:04:23 - [TEST_STEP][PASSED] - Start listener action : sampleAfterTestCase: null

2018-12-18 11:04:23 - [TEST_STEP][PASSED] - println(testCaseContext.getTestCaseId()): null

2018-12-18 11:04:23 - [TEST_STEP][PASSED] - println(testCaseContext.getTestCaseStatus()): null

2018-12-18 11:04:23 - [TEST_STEP][PASSED] - println(testCaseContext.getMessage()): null

2018-12-18 11:04:23 - [TEST_STEP][PASSED] - Start listener action : sampleAfterTestCase: null

2018-12-18 11:04:23 - [TEST_STEP][PASSED] - println(testCaseContext.getTestCaseId()): null

2018-12-18 11:04:23 - [TEST_STEP][PASSED] - println(testCaseContext.getTestCaseStatus()): null]]></system-out>
         <system-err><![CDATA[]]></system-err>
      </testcase>
      <system-out><![CDATA[2018-12-18 11:03:13 - [TEST_SUITE][PASSED] - TestSuite1: Test Cases/Bhawna/TC_MouseHoverAndScreenshot]]></system-out>
      <system-err><![CDATA[]]></system-err>
   </testsuite>
</testsuites>
