<?xml version="1.0" encoding="UTF-8"?>
<testsuites name="Nikita" time="23" tests="2" failures="0" errors="0">
   <testsuite name="Nikita" tests="2" failures="0" errors="0" time="23" timestamp="2018-12-11 16:52:05" hostname="goswami_n - Nikita-G.India.XoriantCorp.com" id="Test Suites/Nikita/Nikita">
      <properties>
         <property name="deviceName" value=""/>
         <property name="devicePlatform" value=""/>
         <property name="logFolder" value="C:\\Users\\goswami_n\\git\\KatalonDemo\\Reports\\Nikita\\Nikita\\20181211_165200"/>
         <property name="logFiles" value="C:\\Users\\goswami_n\\git\\KatalonDemo\\Reports\\Nikita\\Nikita\\20181211_165200\\execution0.log"/>
         <property name="attachments" value=""/>
         <property name="hostName" value="goswami_n - Nikita-G.India.XoriantCorp.com"/>
         <property name="os" value="Windows 10 64bit"/>
         <property name="katalonVersion" value="5.9.1.2"/>
         <property name="browser" value="Chrome 70.0.3538.110"/>
         <property name="hostAddress" value="10.20.3.71"/>
         <property name="sessionId" value="a92f659e7419bdae0b8962252eee41e1"/>
         <property name="seleniumVersion" value="3.7.1"/>
         <property name="proxyInformation" value="ProxyInformation{proxyOption=NO_PROXY, proxyServerType=HTTP, password=, proxyServerAddress=, proxyServerPort=0}"/>
         <property name="platform" value="Windows 10"/>
      </properties>
      <testcase name="Test Cases/Nikita/Orange HRM/List_excel Write" classname="Test Cases/Nikita/Orange HRM/List_excel Write" status="PASSED">
         <system-out><![CDATA[2018-12-11 16:52:06 - [TEST_CASE][PASSED] - Test Cases/Nikita/Orange HRM/List_excel Write: Test Cases/Nikita/Orange HRM/List_excel Write

2018-12-11 16:52:07 - [TEST_STEP][PASSED] - openBrowser("https://www.w3schools.com/"): Browser is opened with url: 'https://www.w3schools.com/'

2018-12-11 16:52:07 - [MESSAGE][INFO] - Starting 'Chrome' driver

2018-12-11 16:52:08 - [MESSAGE][INFO] - Action delay is set to 0 seconds

2018-12-11 16:52:19 - [MESSAGE][PASSED] - Browser is opened with url: 'https://www.w3schools.com/'

2018-12-11 16:52:19 - [TEST_STEP][PASSED] - wb = findWebElements(findTestObject("Object Repository/List"), 30): null

2018-12-11 16:52:19 - [TEST_STEP][PASSED] - for (org.openqa.selenium.WebElement wa : wb): com.poi.writeExcelSheet.excelWrite is PASSED

2018-12-11 16:52:19 - [TEST_STEP][PASSED] - element_list = wa.getText(): null

2018-12-11 16:52:20 - [TEST_STEP][PASSED] - println(element_list): null

2018-12-11 16:52:20 - [TEST_STEP][PASSED] - com.poi.writeExcelSheet.excelWrite(element_list): com.poi.writeExcelSheet.excelWrite is PASSED

2018-12-11 16:52:22 - [MESSAGE][PASSED] - com.poi.writeExcelSheet.excelWrite is PASSED

2018-12-11 16:52:22 - [TEST_STEP][PASSED] - element_list = wa.getText(): null

2018-12-11 16:52:22 - [TEST_STEP][PASSED] - println(element_list): null

2018-12-11 16:52:22 - [TEST_STEP][PASSED] - com.poi.writeExcelSheet.excelWrite(element_list): com.poi.writeExcelSheet.excelWrite is PASSED

2018-12-11 16:52:22 - [MESSAGE][PASSED] - com.poi.writeExcelSheet.excelWrite is PASSED

2018-12-11 16:52:22 - [TEST_STEP][PASSED] - element_list = wa.getText(): null

2018-12-11 16:52:22 - [TEST_STEP][PASSED] - println(element_list): null

2018-12-11 16:52:22 - [TEST_STEP][PASSED] - com.poi.writeExcelSheet.excelWrite(element_list): com.poi.writeExcelSheet.excelWrite is PASSED

2018-12-11 16:52:22 - [MESSAGE][PASSED] - com.poi.writeExcelSheet.excelWrite is PASSED

2018-12-11 16:52:22 - [TEST_STEP][PASSED] - element_list = wa.getText(): null

2018-12-11 16:52:22 - [TEST_STEP][PASSED] - println(element_list): null

2018-12-11 16:52:22 - [TEST_STEP][PASSED] - com.poi.writeExcelSheet.excelWrite(element_list): com.poi.writeExcelSheet.excelWrite is PASSED

2018-12-11 16:52:22 - [MESSAGE][PASSED] - com.poi.writeExcelSheet.excelWrite is PASSED

2018-12-11 16:52:22 - [TEST_STEP][PASSED] - element_list = wa.getText(): null

2018-12-11 16:52:22 - [TEST_STEP][PASSED] - println(element_list): null

2018-12-11 16:52:22 - [TEST_STEP][PASSED] - com.poi.writeExcelSheet.excelWrite(element_list): com.poi.writeExcelSheet.excelWrite is PASSED

2018-12-11 16:52:22 - [MESSAGE][PASSED] - com.poi.writeExcelSheet.excelWrite is PASSED

2018-12-11 16:52:22 - [TEST_STEP][PASSED] - element_list = wa.getText(): null

2018-12-11 16:52:22 - [TEST_STEP][PASSED] - println(element_list): null

2018-12-11 16:52:22 - [TEST_STEP][PASSED] - com.poi.writeExcelSheet.excelWrite(element_list): com.poi.writeExcelSheet.excelWrite is PASSED

2018-12-11 16:52:22 - [MESSAGE][PASSED] - com.poi.writeExcelSheet.excelWrite is PASSED

2018-12-11 16:52:22 - [TEST_STEP][PASSED] - element_list = wa.getText(): null

2018-12-11 16:52:22 - [TEST_STEP][PASSED] - println(element_list): null

2018-12-11 16:52:22 - [TEST_STEP][PASSED] - com.poi.writeExcelSheet.excelWrite(element_list): com.poi.writeExcelSheet.excelWrite is PASSED

2018-12-11 16:52:22 - [MESSAGE][PASSED] - com.poi.writeExcelSheet.excelWrite is PASSED

2018-12-11 16:52:22 - [TEST_STEP][PASSED] - element_list = wa.getText(): null

2018-12-11 16:52:22 - [TEST_STEP][PASSED] - println(element_list): null

2018-12-11 16:52:22 - [TEST_STEP][PASSED] - com.poi.writeExcelSheet.excelWrite(element_list): com.poi.writeExcelSheet.excelWrite is PASSED

2018-12-11 16:52:22 - [MESSAGE][PASSED] - com.poi.writeExcelSheet.excelWrite is PASSED

2018-12-11 16:52:22 - [TEST_STEP][PASSED] - element_list = wa.getText(): null

2018-12-11 16:52:22 - [TEST_STEP][PASSED] - println(element_list): null

2018-12-11 16:52:22 - [TEST_STEP][PASSED] - com.poi.writeExcelSheet.excelWrite(element_list): com.poi.writeExcelSheet.excelWrite is PASSED

2018-12-11 16:52:23 - [MESSAGE][PASSED] - com.poi.writeExcelSheet.excelWrite is PASSED

2018-12-11 16:52:23 - [TEST_STEP][PASSED] - element_list = wa.getText(): null

2018-12-11 16:52:23 - [TEST_STEP][PASSED] - println(element_list): null

2018-12-11 16:52:23 - [TEST_STEP][PASSED] - com.poi.writeExcelSheet.excelWrite(element_list): com.poi.writeExcelSheet.excelWrite is PASSED

2018-12-11 16:52:23 - [MESSAGE][PASSED] - com.poi.writeExcelSheet.excelWrite is PASSED

2018-12-11 16:52:23 - [TEST_STEP][PASSED] - element_list = wa.getText(): null

2018-12-11 16:52:23 - [TEST_STEP][PASSED] - println(element_list): null

2018-12-11 16:52:23 - [TEST_STEP][PASSED] - com.poi.writeExcelSheet.excelWrite(element_list): com.poi.writeExcelSheet.excelWrite is PASSED

2018-12-11 16:52:23 - [MESSAGE][PASSED] - com.poi.writeExcelSheet.excelWrite is PASSED

2018-12-11 16:52:23 - [TEST_STEP][PASSED] - element_list = wa.getText(): null

2018-12-11 16:52:23 - [TEST_STEP][PASSED] - println(element_list): null

2018-12-11 16:52:23 - [TEST_STEP][PASSED] - com.poi.writeExcelSheet.excelWrite(element_list): com.poi.writeExcelSheet.excelWrite is PASSED

2018-12-11 16:52:23 - [MESSAGE][PASSED] - com.poi.writeExcelSheet.excelWrite is PASSED

2018-12-11 16:52:23 - [TEST_STEP][PASSED] - element_list = wa.getText(): null

2018-12-11 16:52:23 - [TEST_STEP][PASSED] - println(element_list): null

2018-12-11 16:52:23 - [TEST_STEP][PASSED] - com.poi.writeExcelSheet.excelWrite(element_list): com.poi.writeExcelSheet.excelWrite is PASSED

2018-12-11 16:52:23 - [MESSAGE][PASSED] - com.poi.writeExcelSheet.excelWrite is PASSED

2018-12-11 16:52:23 - [TEST_STEP][PASSED] - element_list = wa.getText(): null

2018-12-11 16:52:23 - [TEST_STEP][PASSED] - println(element_list): null

2018-12-11 16:52:23 - [TEST_STEP][PASSED] - com.poi.writeExcelSheet.excelWrite(element_list): com.poi.writeExcelSheet.excelWrite is PASSED

2018-12-11 16:52:23 - [MESSAGE][PASSED] - com.poi.writeExcelSheet.excelWrite is PASSED

2018-12-11 16:52:23 - [TEST_STEP][PASSED] - element_list = wa.getText(): null

2018-12-11 16:52:23 - [TEST_STEP][PASSED] - println(element_list): null

2018-12-11 16:52:23 - [TEST_STEP][PASSED] - com.poi.writeExcelSheet.excelWrite(element_list): com.poi.writeExcelSheet.excelWrite is PASSED

2018-12-11 16:52:23 - [MESSAGE][PASSED] - com.poi.writeExcelSheet.excelWrite is PASSED

2018-12-11 16:52:23 - [TEST_STEP][PASSED] - element_list = wa.getText(): null

2018-12-11 16:52:23 - [TEST_STEP][PASSED] - println(element_list): null

2018-12-11 16:52:23 - [TEST_STEP][PASSED] - com.poi.writeExcelSheet.excelWrite(element_list): com.poi.writeExcelSheet.excelWrite is PASSED

2018-12-11 16:52:23 - [MESSAGE][PASSED] - com.poi.writeExcelSheet.excelWrite is PASSED

2018-12-11 16:52:23 - [TEST_STEP][PASSED] - element_list = wa.getText(): null

2018-12-11 16:52:23 - [TEST_STEP][PASSED] - println(element_list): null

2018-12-11 16:52:23 - [TEST_STEP][PASSED] - com.poi.writeExcelSheet.excelWrite(element_list): com.poi.writeExcelSheet.excelWrite is PASSED

2018-12-11 16:52:24 - [MESSAGE][PASSED] - com.poi.writeExcelSheet.excelWrite is PASSED

2018-12-11 16:52:24 - [TEST_STEP][PASSED] - element_list = wa.getText(): null

2018-12-11 16:52:24 - [TEST_STEP][PASSED] - println(element_list): null

2018-12-11 16:52:24 - [TEST_STEP][PASSED] - com.poi.writeExcelSheet.excelWrite(element_list): com.poi.writeExcelSheet.excelWrite is PASSED

2018-12-11 16:52:24 - [MESSAGE][PASSED] - com.poi.writeExcelSheet.excelWrite is PASSED

2018-12-11 16:52:24 - [TEST_STEP][PASSED] - element_list = wa.getText(): null

2018-12-11 16:52:24 - [TEST_STEP][PASSED] - println(element_list): null

2018-12-11 16:52:24 - [TEST_STEP][PASSED] - com.poi.writeExcelSheet.excelWrite(element_list): com.poi.writeExcelSheet.excelWrite is PASSED

2018-12-11 16:52:24 - [MESSAGE][PASSED] - com.poi.writeExcelSheet.excelWrite is PASSED

2018-12-11 16:52:24 - [TEST_STEP][PASSED] - element_list = wa.getText(): null

2018-12-11 16:52:24 - [TEST_STEP][PASSED] - println(element_list): null

2018-12-11 16:52:24 - [TEST_STEP][PASSED] - com.poi.writeExcelSheet.excelWrite(element_list): com.poi.writeExcelSheet.excelWrite is PASSED

2018-12-11 16:52:24 - [MESSAGE][PASSED] - com.poi.writeExcelSheet.excelWrite is PASSED

2018-12-11 16:52:24 - [TEST_STEP][PASSED] - element_list = wa.getText(): null

2018-12-11 16:52:24 - [TEST_STEP][PASSED] - println(element_list): null

2018-12-11 16:52:24 - [TEST_STEP][PASSED] - com.poi.writeExcelSheet.excelWrite(element_list): com.poi.writeExcelSheet.excelWrite is PASSED

2018-12-11 16:52:24 - [MESSAGE][PASSED] - com.poi.writeExcelSheet.excelWrite is PASSED

2018-12-11 16:52:24 - [TEST_STEP][PASSED] - element_list = wa.getText(): null

2018-12-11 16:52:24 - [TEST_STEP][PASSED] - println(element_list): null

2018-12-11 16:52:24 - [TEST_STEP][PASSED] - com.poi.writeExcelSheet.excelWrite(element_list): com.poi.writeExcelSheet.excelWrite is PASSED

2018-12-11 16:52:24 - [MESSAGE][PASSED] - com.poi.writeExcelSheet.excelWrite is PASSED

2018-12-11 16:52:24 - [TEST_STEP][PASSED] - element_list = wa.getText(): null

2018-12-11 16:52:24 - [TEST_STEP][PASSED] - println(element_list): null

2018-12-11 16:52:24 - [TEST_STEP][PASSED] - com.poi.writeExcelSheet.excelWrite(element_list): com.poi.writeExcelSheet.excelWrite is PASSED

2018-12-11 16:52:24 - [MESSAGE][PASSED] - com.poi.writeExcelSheet.excelWrite is PASSED

2018-12-11 16:52:24 - [TEST_STEP][PASSED] - element_list = wa.getText(): null

2018-12-11 16:52:24 - [TEST_STEP][PASSED] - println(element_list): null

2018-12-11 16:52:24 - [TEST_STEP][PASSED] - com.poi.writeExcelSheet.excelWrite(element_list): com.poi.writeExcelSheet.excelWrite is PASSED

2018-12-11 16:52:24 - [MESSAGE][PASSED] - com.poi.writeExcelSheet.excelWrite is PASSED

2018-12-11 16:52:24 - [TEST_STEP][PASSED] - element_list = wa.getText(): null

2018-12-11 16:52:25 - [TEST_STEP][PASSED] - println(element_list): null

2018-12-11 16:52:25 - [TEST_STEP][PASSED] - com.poi.writeExcelSheet.excelWrite(element_list): com.poi.writeExcelSheet.excelWrite is PASSED

2018-12-11 16:52:25 - [MESSAGE][PASSED] - com.poi.writeExcelSheet.excelWrite is PASSED

2018-12-11 16:52:25 - [TEST_STEP][PASSED] - element_list = wa.getText(): null

2018-12-11 16:52:25 - [TEST_STEP][PASSED] - println(element_list): null

2018-12-11 16:52:25 - [TEST_STEP][PASSED] - com.poi.writeExcelSheet.excelWrite(element_list): com.poi.writeExcelSheet.excelWrite is PASSED

2018-12-11 16:52:25 - [MESSAGE][PASSED] - com.poi.writeExcelSheet.excelWrite is PASSED

2018-12-11 16:52:25 - [TEST_STEP][PASSED] - element_list = wa.getText(): null

2018-12-11 16:52:25 - [TEST_STEP][PASSED] - println(element_list): null

2018-12-11 16:52:25 - [TEST_STEP][PASSED] - com.poi.writeExcelSheet.excelWrite(element_list): com.poi.writeExcelSheet.excelWrite is PASSED

2018-12-11 16:52:25 - [MESSAGE][PASSED] - com.poi.writeExcelSheet.excelWrite is PASSED

2018-12-11 16:52:25 - [TEST_STEP][PASSED] - element_list = wa.getText(): null

2018-12-11 16:52:25 - [TEST_STEP][PASSED] - println(element_list): null

2018-12-11 16:52:25 - [TEST_STEP][PASSED] - com.poi.writeExcelSheet.excelWrite(element_list): com.poi.writeExcelSheet.excelWrite is PASSED

2018-12-11 16:52:25 - [MESSAGE][PASSED] - com.poi.writeExcelSheet.excelWrite is PASSED

2018-12-11 16:52:25 - [TEST_STEP][PASSED] - element_list = wa.getText(): null

2018-12-11 16:52:25 - [TEST_STEP][PASSED] - println(element_list): null

2018-12-11 16:52:25 - [TEST_STEP][PASSED] - com.poi.writeExcelSheet.excelWrite(element_list): com.poi.writeExcelSheet.excelWrite is PASSED

2018-12-11 16:52:25 - [MESSAGE][PASSED] - com.poi.writeExcelSheet.excelWrite is PASSED

2018-12-11 16:52:25 - [TEST_STEP][PASSED] - element_list = wa.getText(): null

2018-12-11 16:52:25 - [TEST_STEP][PASSED] - println(element_list): null

2018-12-11 16:52:25 - [TEST_STEP][PASSED] - com.poi.writeExcelSheet.excelWrite(element_list): com.poi.writeExcelSheet.excelWrite is PASSED

2018-12-11 16:52:25 - [MESSAGE][PASSED] - com.poi.writeExcelSheet.excelWrite is PASSED

2018-12-11 16:52:25 - [TEST_STEP][PASSED] - element_list = wa.getText(): null

2018-12-11 16:52:26 - [TEST_STEP][PASSED] - println(element_list): null

2018-12-11 16:52:26 - [TEST_STEP][PASSED] - com.poi.writeExcelSheet.excelWrite(element_list): com.poi.writeExcelSheet.excelWrite is PASSED

2018-12-11 16:52:26 - [MESSAGE][PASSED] - com.poi.writeExcelSheet.excelWrite is PASSED

2018-12-11 16:52:26 - [TEST_STEP][PASSED] - element_list = wa.getText(): null

2018-12-11 16:52:26 - [TEST_STEP][PASSED] - println(element_list): null

2018-12-11 16:52:26 - [TEST_STEP][PASSED] - com.poi.writeExcelSheet.excelWrite(element_list): com.poi.writeExcelSheet.excelWrite is PASSED

2018-12-11 16:52:26 - [MESSAGE][PASSED] - com.poi.writeExcelSheet.excelWrite is PASSED

2018-12-11 16:52:26 - [TEST_STEP][PASSED] - element_list = wa.getText(): null

2018-12-11 16:52:26 - [TEST_STEP][PASSED] - println(element_list): null

2018-12-11 16:52:26 - [TEST_STEP][PASSED] - com.poi.writeExcelSheet.excelWrite(element_list): com.poi.writeExcelSheet.excelWrite is PASSED

2018-12-11 16:52:26 - [MESSAGE][PASSED] - com.poi.writeExcelSheet.excelWrite is PASSED

2018-12-11 16:52:26 - [TEST_STEP][PASSED] - element_list = wa.getText(): null

2018-12-11 16:52:26 - [TEST_STEP][PASSED] - println(element_list): null

2018-12-11 16:52:26 - [TEST_STEP][PASSED] - com.poi.writeExcelSheet.excelWrite(element_list): com.poi.writeExcelSheet.excelWrite is PASSED

2018-12-11 16:52:26 - [MESSAGE][PASSED] - com.poi.writeExcelSheet.excelWrite is PASSED

2018-12-11 16:52:26 - [TEST_STEP][PASSED] - element_list = wa.getText(): null

2018-12-11 16:52:26 - [TEST_STEP][PASSED] - println(element_list): null

2018-12-11 16:52:26 - [TEST_STEP][PASSED] - com.poi.writeExcelSheet.excelWrite(element_list): com.poi.writeExcelSheet.excelWrite is PASSED

2018-12-11 16:52:26 - [MESSAGE][PASSED] - com.poi.writeExcelSheet.excelWrite is PASSED

2018-12-11 16:52:26 - [TEST_STEP][PASSED] - element_list = wa.getText(): null

2018-12-11 16:52:26 - [TEST_STEP][PASSED] - println(element_list): null

2018-12-11 16:52:26 - [TEST_STEP][PASSED] - com.poi.writeExcelSheet.excelWrite(element_list): com.poi.writeExcelSheet.excelWrite is PASSED

2018-12-11 16:52:26 - [MESSAGE][PASSED] - com.poi.writeExcelSheet.excelWrite is PASSED

2018-12-11 16:52:26 - [TEST_STEP][PASSED] - element_list = wa.getText(): null

2018-12-11 16:52:26 - [TEST_STEP][PASSED] - println(element_list): null

2018-12-11 16:52:26 - [TEST_STEP][PASSED] - com.poi.writeExcelSheet.excelWrite(element_list): com.poi.writeExcelSheet.excelWrite is PASSED

2018-12-11 16:52:26 - [MESSAGE][PASSED] - com.poi.writeExcelSheet.excelWrite is PASSED

2018-12-11 16:52:26 - [TEST_STEP][PASSED] - element_list = wa.getText(): null

2018-12-11 16:52:26 - [TEST_STEP][PASSED] - println(element_list): null

2018-12-11 16:52:26 - [TEST_STEP][PASSED] - com.poi.writeExcelSheet.excelWrite(element_list): com.poi.writeExcelSheet.excelWrite is PASSED

2018-12-11 16:52:26 - [MESSAGE][PASSED] - com.poi.writeExcelSheet.excelWrite is PASSED

2018-12-11 16:52:26 - [TEST_STEP][PASSED] - element_list = wa.getText(): null

2018-12-11 16:52:26 - [TEST_STEP][PASSED] - println(element_list): null

2018-12-11 16:52:26 - [TEST_STEP][PASSED] - com.poi.writeExcelSheet.excelWrite(element_list): com.poi.writeExcelSheet.excelWrite is PASSED

2018-12-11 16:52:26 - [MESSAGE][PASSED] - com.poi.writeExcelSheet.excelWrite is PASSED

2018-12-11 16:52:26 - [TEST_STEP][PASSED] - element_list = wa.getText(): null

2018-12-11 16:52:27 - [TEST_STEP][PASSED] - println(element_list): null

2018-12-11 16:52:27 - [TEST_STEP][PASSED] - com.poi.writeExcelSheet.excelWrite(element_list): com.poi.writeExcelSheet.excelWrite is PASSED

2018-12-11 16:52:27 - [MESSAGE][PASSED] - com.poi.writeExcelSheet.excelWrite is PASSED

2018-12-11 16:52:27 - [TEST_STEP][PASSED] - element_list = wa.getText(): null

2018-12-11 16:52:27 - [TEST_STEP][PASSED] - println(element_list): null

2018-12-11 16:52:27 - [TEST_STEP][PASSED] - com.poi.writeExcelSheet.excelWrite(element_list): com.poi.writeExcelSheet.excelWrite is PASSED

2018-12-11 16:52:27 - [MESSAGE][PASSED] - com.poi.writeExcelSheet.excelWrite is PASSED

2018-12-11 16:52:27 - [TEST_STEP][PASSED] - element_list = wa.getText(): null

2018-12-11 16:52:27 - [TEST_STEP][PASSED] - println(element_list): null

2018-12-11 16:52:27 - [TEST_STEP][PASSED] - com.poi.writeExcelSheet.excelWrite(element_list): com.poi.writeExcelSheet.excelWrite is PASSED

2018-12-11 16:52:27 - [MESSAGE][PASSED] - com.poi.writeExcelSheet.excelWrite is PASSED

2018-12-11 16:52:27 - [TEST_STEP][PASSED] - element_list = wa.getText(): null

2018-12-11 16:52:27 - [TEST_STEP][PASSED] - println(element_list): null

2018-12-11 16:52:27 - [TEST_STEP][PASSED] - com.poi.writeExcelSheet.excelWrite(element_list): com.poi.writeExcelSheet.excelWrite is PASSED

2018-12-11 16:52:27 - [MESSAGE][PASSED] - com.poi.writeExcelSheet.excelWrite is PASSED

2018-12-11 16:52:27 - [TEST_STEP][PASSED] - element_list = wa.getText(): null

2018-12-11 16:52:27 - [TEST_STEP][PASSED] - println(element_list): null

2018-12-11 16:52:27 - [TEST_STEP][PASSED] - com.poi.writeExcelSheet.excelWrite(element_list): com.poi.writeExcelSheet.excelWrite is PASSED

2018-12-11 16:52:27 - [MESSAGE][PASSED] - com.poi.writeExcelSheet.excelWrite is PASSED

2018-12-11 16:52:27 - [TEST_STEP][PASSED] - element_list = wa.getText(): null

2018-12-11 16:52:27 - [TEST_STEP][PASSED] - println(element_list): null

2018-12-11 16:52:27 - [TEST_STEP][PASSED] - com.poi.writeExcelSheet.excelWrite(element_list): com.poi.writeExcelSheet.excelWrite is PASSED

2018-12-11 16:52:27 - [MESSAGE][PASSED] - com.poi.writeExcelSheet.excelWrite is PASSED

2018-12-11 16:52:27 - [TEST_STEP][PASSED] - element_list = wa.getText(): null

2018-12-11 16:52:27 - [TEST_STEP][PASSED] - println(element_list): null

2018-12-11 16:52:27 - [TEST_STEP][PASSED] - com.poi.writeExcelSheet.excelWrite(element_list): com.poi.writeExcelSheet.excelWrite is PASSED

2018-12-11 16:52:27 - [MESSAGE][PASSED] - com.poi.writeExcelSheet.excelWrite is PASSED

2018-12-11 16:52:27 - [TEST_STEP][PASSED] - element_list = wa.getText(): null

2018-12-11 16:52:27 - [TEST_STEP][PASSED] - println(element_list): null

2018-12-11 16:52:27 - [TEST_STEP][PASSED] - com.poi.writeExcelSheet.excelWrite(element_list): com.poi.writeExcelSheet.excelWrite is PASSED

2018-12-11 16:52:27 - [MESSAGE][PASSED] - com.poi.writeExcelSheet.excelWrite is PASSED

2018-12-11 16:52:27 - [TEST_STEP][PASSED] - element_list = wa.getText(): null

2018-12-11 16:52:27 - [TEST_STEP][PASSED] - println(element_list): null

2018-12-11 16:52:27 - [TEST_STEP][PASSED] - com.poi.writeExcelSheet.excelWrite(element_list): com.poi.writeExcelSheet.excelWrite is PASSED

2018-12-11 16:52:27 - [MESSAGE][PASSED] - com.poi.writeExcelSheet.excelWrite is PASSED

2018-12-11 16:52:27 - [TEST_STEP][PASSED] - element_list = wa.getText(): null

2018-12-11 16:52:27 - [TEST_STEP][PASSED] - println(element_list): null

2018-12-11 16:52:27 - [TEST_STEP][PASSED] - com.poi.writeExcelSheet.excelWrite(element_list): com.poi.writeExcelSheet.excelWrite is PASSED

2018-12-11 16:52:27 - [MESSAGE][PASSED] - com.poi.writeExcelSheet.excelWrite is PASSED

2018-12-11 16:52:27 - [TEST_STEP][PASSED] - element_list = wa.getText(): null

2018-12-11 16:52:27 - [TEST_STEP][PASSED] - println(element_list): null

2018-12-11 16:52:27 - [TEST_STEP][PASSED] - com.poi.writeExcelSheet.excelWrite(element_list): com.poi.writeExcelSheet.excelWrite is PASSED

2018-12-11 16:52:27 - [MESSAGE][PASSED] - com.poi.writeExcelSheet.excelWrite is PASSED

2018-12-11 16:52:27 - [TEST_STEP][PASSED] - element_list = wa.getText(): null

2018-12-11 16:52:27 - [TEST_STEP][PASSED] - println(element_list): null

2018-12-11 16:52:27 - [TEST_STEP][PASSED] - com.poi.writeExcelSheet.excelWrite(element_list): com.poi.writeExcelSheet.excelWrite is PASSED

2018-12-11 16:52:27 - [MESSAGE][PASSED] - com.poi.writeExcelSheet.excelWrite is PASSED]]></system-out>
         <system-err><![CDATA[]]></system-err>
      </testcase>
      <testcase name="Test Cases/Nikita/Orange HRM/Excel_write_Demo" classname="Test Cases/Nikita/Orange HRM/Excel_write_Demo" status="PASSED">
         <system-out><![CDATA[2018-12-11 16:52:27 - [TEST_CASE][PASSED] - Test Cases/Nikita/Orange HRM/Excel_write_Demo: Test Cases/Nikita/Orange HRM/Excel_write_Demo

2018-12-11 16:52:28 - [TEST_STEP][PASSED] - com.poi.writeExcelSheet.excelWrite(): com.poi.writeExcelSheet.excelWrite is PASSED

2018-12-11 16:52:28 - [MESSAGE][PASSED] - com.poi.writeExcelSheet.excelWrite is PASSED

2018-12-11 16:52:28 - [TEST_STEP][PASSED] - println("Test passed"): null]]></system-out>
         <system-err><![CDATA[]]></system-err>
      </testcase>
      <system-out><![CDATA[2018-12-11 16:52:05 - [TEST_SUITE][PASSED] - Nikita: Test Cases/Nikita/Orange HRM/Excel_write_Demo]]></system-out>
      <system-err><![CDATA[]]></system-err>
   </testsuite>
</testsuites>
