<?xml version="1.0" encoding="UTF-8"?>
<testsuites name="Nikita" time="19" tests="2" failures="0" errors="0">
   <testsuite name="Nikita" tests="2" failures="0" errors="0" time="19" timestamp="2018-12-11 16:56:27" hostname="goswami_n - Nikita-G.India.XoriantCorp.com" id="Test Suites/Nikita/Nikita">
      <properties>
         <property name="deviceName" value=""/>
         <property name="devicePlatform" value=""/>
         <property name="logFolder" value="C:\\Users\\goswami_n\\git\\KatalonDemo\\Reports\\Nikita\\Nikita\\20181211_165624"/>
         <property name="logFiles" value="C:\\Users\\goswami_n\\git\\KatalonDemo\\Reports\\Nikita\\Nikita\\20181211_165624\\execution0.log"/>
         <property name="attachments" value=""/>
         <property name="hostName" value="goswami_n - Nikita-G.India.XoriantCorp.com"/>
         <property name="os" value="Windows 10 64bit"/>
         <property name="katalonVersion" value="5.9.1.2"/>
         <property name="browser" value="Chrome 70.0.3538.110"/>
         <property name="hostAddress" value="10.20.3.71"/>
         <property name="sessionId" value="0bfe6fe42981a75a3d1dfb1ee80c1eda"/>
         <property name="seleniumVersion" value="3.7.1"/>
         <property name="proxyInformation" value="ProxyInformation{proxyOption=NO_PROXY, proxyServerType=HTTP, password=, proxyServerAddress=, proxyServerPort=0}"/>
         <property name="platform" value="Windows 10"/>
      </properties>
      <testcase name="Test Cases/Nikita/Orange HRM/Login_Excel_Read_testdata" classname="Test Cases/Nikita/Orange HRM/Login_Excel_Read_testdata" status="PASSED">
         <system-out><![CDATA[2018-12-11 16:56:28 - [TEST_CASE][PASSED] - Test Cases/Nikita/Orange HRM/Login_Excel_Read_testdata: Test Cases/Nikita/Orange HRM/Login_Excel_Read_testdata

2018-12-11 16:56:28 - [TEST_STEP][PASSED] - openBrowser("https://opensource-demo.orangehrmlive.com/"): Browser is opened with url: 'https://opensource-demo.orangehrmlive.com/'

2018-12-11 16:56:29 - [MESSAGE][INFO] - Starting 'Chrome' driver

2018-12-11 16:56:29 - [MESSAGE][INFO] - Action delay is set to 0 seconds

2018-12-11 16:56:36 - [MESSAGE][PASSED] - Browser is opened with url: 'https://opensource-demo.orangehrmlive.com/'

2018-12-11 16:56:36 - [TEST_STEP][PASSED] - click(findTestObject("Object Repository/Page_OrangeHRM/span_Username")): Object: 'Object Repository/Page_OrangeHRM/span_Username' is clicked on

2018-12-11 16:56:37 - [MESSAGE][PASSED] - Object: 'Object Repository/Page_OrangeHRM/span_Username' is clicked on

2018-12-11 16:56:37 - [TEST_STEP][PASSED] - setText(findTestObject("Object Repository/Page_OrangeHRM/input_LOGIN Panel_txtUsername"), Username): Text 'admin' is set on object 'Object Repository/Page_OrangeHRM/input_LOGIN Panel_txtUsername'

2018-12-11 16:56:37 - [MESSAGE][PASSED] - Text 'admin' is set on object 'Object Repository/Page_OrangeHRM/input_LOGIN Panel_txtUsername'

2018-12-11 16:56:37 - [TEST_STEP][PASSED] - setText(findTestObject("Object Repository/Page_OrangeHRM/input_Username_txtPassword"), Password): Text 'admin123' is set on object 'Object Repository/Page_OrangeHRM/input_Username_txtPassword'

2018-12-11 16:56:37 - [MESSAGE][PASSED] - Text 'admin123' is set on object 'Object Repository/Page_OrangeHRM/input_Username_txtPassword'

2018-12-11 16:56:37 - [TEST_STEP][PASSED] - click(findTestObject("Object Repository/Page_OrangeHRM/input_Password_Submit")): Object: 'Object Repository/Page_OrangeHRM/input_Password_Submit' is clicked on

2018-12-11 16:56:39 - [MESSAGE][PASSED] - Object: 'Object Repository/Page_OrangeHRM/input_Password_Submit' is clicked on

2018-12-11 16:56:39 - [TEST_STEP][PASSED] - closeBrowser(): Browser is closed

2018-12-11 16:56:40 - [MESSAGE][PASSED] - Browser is closed]]></system-out>
         <system-err><![CDATA[]]></system-err>
      </testcase>
      <testcase name="Test Cases/Nikita/Orange HRM/Login_Excel_Read_testdata" classname="Test Cases/Nikita/Orange HRM/Login_Excel_Read_testdata" status="PASSED">
         <system-out><![CDATA[2018-12-11 16:56:40 - [TEST_CASE][PASSED] - Test Cases/Nikita/Orange HRM/Login_Excel_Read_testdata: Test Cases/Nikita/Orange HRM/Login_Excel_Read_testdata

2018-12-11 16:56:40 - [TEST_STEP][PASSED] - openBrowser("https://opensource-demo.orangehrmlive.com/"): Browser is opened with url: 'https://opensource-demo.orangehrmlive.com/'

2018-12-11 16:56:40 - [MESSAGE][INFO] - Starting 'Chrome' driver

2018-12-11 16:56:45 - [MESSAGE][PASSED] - Browser is opened with url: 'https://opensource-demo.orangehrmlive.com/'

2018-12-11 16:56:45 - [TEST_STEP][PASSED] - click(findTestObject("Object Repository/Page_OrangeHRM/span_Username")): Object: 'Object Repository/Page_OrangeHRM/span_Username' is clicked on

2018-12-11 16:56:45 - [MESSAGE][PASSED] - Object: 'Object Repository/Page_OrangeHRM/span_Username' is clicked on

2018-12-11 16:56:45 - [TEST_STEP][PASSED] - setText(findTestObject("Object Repository/Page_OrangeHRM/input_LOGIN Panel_txtUsername"), Username): Text 'admin1' is set on object 'Object Repository/Page_OrangeHRM/input_LOGIN Panel_txtUsername'

2018-12-11 16:56:46 - [MESSAGE][PASSED] - Text 'admin1' is set on object 'Object Repository/Page_OrangeHRM/input_LOGIN Panel_txtUsername'

2018-12-11 16:56:46 - [TEST_STEP][PASSED] - setText(findTestObject("Object Repository/Page_OrangeHRM/input_Username_txtPassword"), Password): Text 'admin123' is set on object 'Object Repository/Page_OrangeHRM/input_Username_txtPassword'

2018-12-11 16:56:46 - [MESSAGE][PASSED] - Text 'admin123' is set on object 'Object Repository/Page_OrangeHRM/input_Username_txtPassword'

2018-12-11 16:56:46 - [TEST_STEP][PASSED] - click(findTestObject("Object Repository/Page_OrangeHRM/input_Password_Submit")): Object: 'Object Repository/Page_OrangeHRM/input_Password_Submit' is clicked on

2018-12-11 16:56:46 - [MESSAGE][PASSED] - Object: 'Object Repository/Page_OrangeHRM/input_Password_Submit' is clicked on

2018-12-11 16:56:46 - [TEST_STEP][PASSED] - closeBrowser(): Browser is closed

2018-12-11 16:56:47 - [MESSAGE][PASSED] - Browser is closed]]></system-out>
         <system-err><![CDATA[]]></system-err>
      </testcase>
      <system-out><![CDATA[2018-12-11 16:56:27 - [TEST_SUITE][PASSED] - Nikita: Test Cases/Nikita/Orange HRM/Login_Excel_Read_testdata]]></system-out>
      <system-err><![CDATA[]]></system-err>
   </testsuite>
</testsuites>
