<?xml version="1.0" encoding="UTF-8"?>
<testsuites name="Basic_login" time="23" tests="1" failures="0" errors="0">
   <testsuite name="Basic_login" tests="1" failures="0" errors="0" time="23" timestamp="2018-12-12 14:33:15" hostname="Agrawal_nkt - Nikita-AL.India.XoriantCorp.com" id="Test Suites/Basic_login">
      <properties>
         <property name="deviceName" value=""/>
         <property name="devicePlatform" value=""/>
         <property name="logFolder" value="C:\\Users\\agrawal_nkt\\git\\KatalonDemo\\Reports\\Basic_login\\20181212_143312"/>
         <property name="logFiles" value="C:\\Users\\agrawal_nkt\\git\\KatalonDemo\\Reports\\Basic_login\\20181212_143312\\execution0.log"/>
         <property name="attachments" value=""/>
         <property name="hostName" value="Agrawal_nkt - Nikita-AL.India.XoriantCorp.com"/>
         <property name="os" value="Windows 10 64bit"/>
         <property name="katalonVersion" value="5.9.1.2"/>
         <property name="browser" value="Chrome 70.0.3538.110"/>
         <property name="hostAddress" value="10.20.2.227"/>
         <property name="sessionId" value="c984602227094c79bb9271dc3754bd03"/>
         <property name="seleniumVersion" value="3.7.1"/>
         <property name="proxyInformation" value="ProxyInformation{proxyOption=NO_PROXY, proxyServerType=HTTP, password=, proxyServerAddress=, proxyServerPort=0}"/>
         <property name="platform" value="Windows 10"/>
      </properties>
      <testcase name="Test Cases/Nikita.A/Basiclogin" classname="Test Cases/Nikita.A/Basiclogin" status="PASSED">
         <system-out><![CDATA[2018-12-12 14:33:16 - [TEST_CASE][PASSED] - Test Cases/Nikita.A/Basiclogin: Test Cases/Nikita.A/Basiclogin

2018-12-12 14:33:16 - [TEST_STEP][PASSED] - Start listener action : sampleBeforeTestCase: null

2018-12-12 14:33:16 - [TEST_STEP][PASSED] - println(testCaseContext.getTestCaseId()): null

2018-12-12 14:33:16 - [TEST_STEP][PASSED] - println(testCaseContext.getTestCaseVariables()): null

2018-12-12 14:33:16 - [TEST_STEP][PASSED] - Start listener action : sampleBeforeTestCase: null

2018-12-12 14:33:16 - [TEST_STEP][PASSED] - println(testCaseContext.getTestCaseId()): null

2018-12-12 14:33:16 - [TEST_STEP][PASSED] - println(testCaseContext.getTestCaseVariables()): null

2018-12-12 14:33:17 - [TEST_STEP][PASSED] - openBrowser(""): Browser is opened with url: ''

2018-12-12 14:33:17 - [MESSAGE][INFO] - Starting 'Chrome' driver

2018-12-12 14:33:17 - [MESSAGE][INFO] - Action delay is set to 0 seconds

2018-12-12 14:33:21 - [MESSAGE][PASSED] - Browser is opened with url: ''

2018-12-12 14:33:21 - [TEST_STEP][PASSED] - navigateToUrl("https://opensource-demo.orangehrmlive.com/"): Navigate to 'https://opensource-demo.orangehrmlive.com/' successfully

2018-12-12 14:33:24 - [MESSAGE][PASSED] - Navigate to 'https://opensource-demo.orangehrmlive.com/' successfully

2018-12-12 14:33:24 - [TEST_STEP][PASSED] - click(findTestObject("Object Repository/Basiclogin/span_Username (1)")): Object: 'Object Repository/Basiclogin/span_Username (1)' is clicked on

2018-12-12 14:33:24 - [MESSAGE][PASSED] - Object: 'Object Repository/Basiclogin/span_Username (1)' is clicked on

2018-12-12 14:33:24 - [TEST_STEP][PASSED] - setText(findTestObject("Object Repository/Basiclogin/input_LOGIN Panel_txtUsername (1)"), Username): Text 'Admin' is set on object 'Object Repository/Basiclogin/input_LOGIN Panel_txtUsername (1)'

2018-12-12 14:33:24 - [MESSAGE][PASSED] - Text 'Admin' is set on object 'Object Repository/Basiclogin/input_LOGIN Panel_txtUsername (1)'

2018-12-12 14:33:24 - [TEST_STEP][PASSED] - setText(findTestObject("Object Repository/Basiclogin/input_Username_txtPassword"), Password): Text 'admin123' is set on object 'Object Repository/Basiclogin/input_Username_txtPassword'

2018-12-12 14:33:24 - [MESSAGE][PASSED] - Text 'admin123' is set on object 'Object Repository/Basiclogin/input_Username_txtPassword'

2018-12-12 14:33:24 - [TEST_STEP][PASSED] - click(findTestObject("Object Repository/Basiclogin/input_Password_Submit (1)")): Object: 'Object Repository/Basiclogin/input_Password_Submit (1)' is clicked on

2018-12-12 14:33:36 - [MESSAGE][PASSED] - Object: 'Object Repository/Basiclogin/input_Password_Submit (1)' is clicked on

2018-12-12 14:33:36 - [TEST_STEP][PASSED] - nikitas.a.Sample.checkelement(findTestObject("Object Repository/Basiclogin/img")): nikitas.a.Sample.checkelement is PASSED

2018-12-12 14:33:36 - [MESSAGE][PASSED] - Object 'Object Repository/Basiclogin/img' is present

2018-12-12 14:33:36 - [MESSAGE][PASSED] - nikitas.a.Sample.checkelement is PASSED

2018-12-12 14:33:36 - [TEST_STEP][PASSED] - click(findTestObject("Basiclogin/img")): Object: 'Object Repository/Basiclogin/img' is clicked on

2018-12-12 14:33:38 - [MESSAGE][PASSED] - Object: 'Object Repository/Basiclogin/img' is clicked on

2018-12-12 14:33:38 - [TEST_STEP][PASSED] - setText(findTestObject("Object Repository/Basiclogin/input__timeemployeeName"), "abc"): Text 'abc' is set on object 'Object Repository/Basiclogin/input__timeemployeeName'

2018-12-12 14:33:38 - [MESSAGE][PASSED] - Text 'abc' is set on object 'Object Repository/Basiclogin/input__timeemployeeName'

2018-12-12 14:33:38 - [TEST_STEP][PASSED] - click(findTestObject("Object Repository/Basiclogin/input__btnView (1)")): Object: 'Object Repository/Basiclogin/input__btnView (1)' is clicked on

2018-12-12 14:33:38 - [MESSAGE][PASSED] - Object: 'Object Repository/Basiclogin/input__btnView (1)' is clicked on

2018-12-12 14:33:38 - [TEST_STEP][PASSED] - verifyElementPresent(findTestObject("Basiclogin/span_Invalid"), 0): Object 'Object Repository/Basiclogin/span_Invalid' is present

2018-12-12 14:33:38 - [MESSAGE][WARNING] - Timeout '0' is invalid. Using default page load timeout: '30'

2018-12-12 14:33:38 - [MESSAGE][PASSED] - Object 'Object Repository/Basiclogin/span_Invalid' is present

2018-12-12 14:33:38 - [TEST_STEP][PASSED] - closeBrowser(): Browser is closed

2018-12-12 14:33:39 - [MESSAGE][PASSED] - Browser is closed

2018-12-12 14:33:39 - [TEST_STEP][PASSED] - Start listener action : sampleAfterTestCase: null

2018-12-12 14:33:39 - [TEST_STEP][PASSED] - println(testCaseContext.getTestCaseId()): null

2018-12-12 14:33:39 - [TEST_STEP][PASSED] - println(testCaseContext.getTestCaseStatus()): null

2018-12-12 14:33:39 - [TEST_STEP][PASSED] - Start listener action : sampleAfterTestCase: null

2018-12-12 14:33:39 - [TEST_STEP][PASSED] - println(testCaseContext.getTestCaseId()): null

2018-12-12 14:33:39 - [TEST_STEP][PASSED] - println(testCaseContext.getTestCaseStatus()): null]]></system-out>
         <system-err><![CDATA[]]></system-err>
      </testcase>
      <system-out><![CDATA[2018-12-12 14:33:15 - [TEST_SUITE][PASSED] - Basic_login: Test Cases/Nikita.A/Basiclogin]]></system-out>
      <system-err><![CDATA[]]></system-err>
   </testsuite>
</testsuites>
