<?xml version="1.0" encoding="UTF-8"?>
<testsuites name="TestSuite 1" time="3" tests="0" failures="0" errors="0">
   <testsuite name="TestSuite 1" tests="0" failures="0" errors="0" time="3" timestamp="2018-12-11 12:29:04" hostname="C5281054 - INLN56580283A.apj.global.corp.sap" id="Test Suites/Mohit/TestSuite 1">
      <properties>
         <property name="deviceName" value=""/>
         <property name="devicePlatform" value=""/>
         <property name="logFolder" value="C:\\Users\\c5281054\\git\\KatalonDemo\\Reports\\Mohit\\TestSuite 1\\20181211_122858"/>
         <property name="logFiles" value="C:\\Users\\c5281054\\git\\KatalonDemo\\Reports\\Mohit\\TestSuite 1\\20181211_122858\\execution0.log"/>
         <property name="attachments" value=""/>
         <property name="hostName" value="C5281054 - INLN56580283A.apj.global.corp.sap"/>
         <property name="hostAddress" value="192.168.242.1"/>
         <property name="os" value="Windows 10 64bit"/>
         <property name="katalonVersion" value="5.9.1.2"/>
      </properties>
      <testcase name="Test Cases/Mohit/DemoSite/phpTravels" classname="Test Cases/Mohit/DemoSite/phpTravels" status="INCOMPLETE">
         <system-out><![CDATA[2018-12-11 12:29:05 - [TEST_CASE][INCOMPLETE] - Test Cases/Mohit/DemoSite/phpTravels: null

2018-12-11 12:29:05 - [TEST_STEP][PASSED] - Start listener action : sampleBeforeTestCase: null

2018-12-11 12:29:05 - [TEST_STEP][PASSED] - println(testCaseContext.getTestCaseId()): null

2018-12-11 12:29:06 - [TEST_STEP][PASSED] - println(testCaseContext.getTestCaseVariables()): null

2018-12-11 12:29:06 - [TEST_STEP][INCOMPLETE] - openBrowser("https://www.phptravels.net/"): Action delay is set to 0 seconds

2018-12-11 12:29:07 - [MESSAGE][INFO] - Starting 'Chrome' driver

2018-12-11 12:29:07 - [MESSAGE][INFO] - Action delay is set to 0 seconds]]></system-out>
         <system-err><![CDATA[2018-12-11 12:29:05 - [TEST_CASE][INCOMPLETE] - Test Cases/Mohit/DemoSite/phpTravels: null]]></system-err>
      </testcase>
      <system-out><![CDATA[2018-12-11 12:29:04 - [TEST_SUITE][INCOMPLETE] - TestSuite 1: null]]></system-out>
      <system-err><![CDATA[2018-12-11 12:29:04 - [TEST_SUITE][INCOMPLETE] - TestSuite 1: null]]></system-err>
   </testsuite>
</testsuites>
