<?xml version="1.0" encoding="UTF-8"?>
<testsuites name="grouping" time="74" tests="2" failures="0" errors="0">
   <testsuite name="grouping" tests="2" failures="0" errors="0" time="74" timestamp="2018-12-17 14:35:42" hostname="Gupta_shr - Shrutika-GT.India.XoriantCorp.com" id="Test Suites/Akshata/grouping">
      <properties>
         <property name="deviceName" value=""/>
         <property name="devicePlatform" value=""/>
         <property name="logFolder" value="C:\\Users\\gupta_shr\\git\\KatalonDemo\\Reports\\Akshata\\grouping\\20181217_143523"/>
         <property name="logFiles" value="C:\\Users\\gupta_shr\\git\\KatalonDemo\\Reports\\Akshata\\grouping\\20181217_143523\\execution0.log"/>
         <property name="attachments" value=""/>
         <property name="hostName" value="Gupta_shr - Shrutika-GT.India.XoriantCorp.com"/>
         <property name="os" value="Windows 10 64bit"/>
         <property name="katalonVersion" value="5.9.1.2"/>
         <property name="browser" value="Chrome 71.0.3578.98"/>
         <property name="hostAddress" value="10.20.3.151"/>
         <property name="sessionId" value="be6e33c294d0b9cc339fd7893c59e11e"/>
         <property name="seleniumVersion" value="3.7.1"/>
         <property name="proxyInformation" value="ProxyInformation{proxyOption=NO_PROXY, proxyServerType=HTTP, password=, proxyServerAddress=, proxyServerPort=0}"/>
         <property name="platform" value="Windows 10"/>
      </properties>
      <testcase name="Test Cases/Akshata/TC4 - grouping" classname="Test Cases/Akshata/TC4 - grouping" status="PASSED">
         <system-out><![CDATA[2018-12-17 14:35:43 - [TEST_CASE][PASSED] - Test Cases/Akshata/TC4 - grouping: Test Cases/Akshata/TC4 - grouping

2018-12-17 14:35:43 - [TEST_STEP][PASSED] - Start listener action : sampleBeforeTestCase: null

2018-12-17 14:35:43 - [TEST_STEP][PASSED] - println("This section belongs to @BeforeTestCase"): null

2018-12-17 14:35:43 - [TEST_STEP][PASSED] - println("***************************************************************"): null

2018-12-17 14:35:43 - [TEST_STEP][PASSED] - println(testCaseContext.getTestCaseId()): null

2018-12-17 14:35:43 - [TEST_STEP][PASSED] - println("***************************************************************"): null

2018-12-17 14:35:44 - [TEST_STEP][PASSED] - title = callTestCase(findTestCase("Akshata/TC5 - grouping"), [:], CONTINUE_ON_FAILURE): Call Test Case 'Test Cases/Akshata/TC5 - grouping' successfully

2018-12-17 14:35:44 - [TEST_CASE][PASSED] - Test Cases/Akshata/TC5 - grouping: Test Cases/Akshata/TC5 - grouping

2018-12-17 14:35:45 - [TEST_STEP][PASSED] - openBrowser("https://www.google.co.in/"): Browser is opened with url: 'https://www.google.co.in/'

2018-12-17 14:35:46 - [MESSAGE][INFO] - Starting 'Chrome' driver

2018-12-17 14:35:46 - [MESSAGE][INFO] - Action delay is set to 0 seconds

2018-12-17 14:36:13 - [MESSAGE][PASSED] - Browser is opened with url: 'https://www.google.co.in/'

2018-12-17 14:36:13 - [TEST_STEP][PASSED] - title = getWindowTitle(): Current window's title is: 'Google'

2018-12-17 14:36:13 - [MESSAGE][PASSED] - Current window's title is: 'Google'

2018-12-17 14:36:13 - [MESSAGE][PASSED] - Call Test Case 'Test Cases/Akshata/TC5 - grouping' successfully

2018-12-17 14:36:13 - [TEST_STEP][PASSED] - println(title): null

2018-12-17 14:36:13 - [TEST_STEP][PASSED] - closeBrowser(): Browser is closed

2018-12-17 14:36:17 - [MESSAGE][PASSED] - Browser is closed

2018-12-17 14:36:17 - [TEST_STEP][PASSED] - Start listener action : sampleAfterTestCase: null

2018-12-17 14:36:17 - [TEST_STEP][PASSED] - println("This section belongs to @AfterTestCase"): null

2018-12-17 14:36:17 - [TEST_STEP][PASSED] - println("***************************************************************"): null

2018-12-17 14:36:17 - [TEST_STEP][PASSED] - println(testCaseContext.getTestCaseId() + " : " + testCaseContext.getTestCaseStatus()): null

2018-12-17 14:36:17 - [TEST_STEP][PASSED] - println("***************************************************************"): null]]></system-out>
         <system-err><![CDATA[]]></system-err>
      </testcase>
      <testcase name="Test Cases/Akshata/TC3 - Drag and drop - List elements" classname="Test Cases/Akshata/TC3 - Drag and drop - List elements" status="PASSED">
         <system-out><![CDATA[2018-12-17 14:36:17 - [TEST_CASE][PASSED] - Test Cases/Akshata/TC3 - Drag and drop - List elements: Test Cases/Akshata/TC3 - Drag and drop - List elements

2018-12-17 14:36:17 - [TEST_STEP][PASSED] - Start listener action : sampleBeforeTestCase: null

2018-12-17 14:36:17 - [TEST_STEP][PASSED] - println("This section belongs to @BeforeTestCase"): null

2018-12-17 14:36:17 - [TEST_STEP][PASSED] - println("***************************************************************"): null

2018-12-17 14:36:17 - [TEST_STEP][PASSED] - println(testCaseContext.getTestCaseId()): null

2018-12-17 14:36:17 - [TEST_STEP][PASSED] - println("***************************************************************"): null

2018-12-17 14:36:18 - [TEST_STEP][PASSED] - openBrowser("http://executeautomation.com/demosite/Dragging.html"): Browser is opened with url: 'http://executeautomation.com/demosite/Dragging.html'

2018-12-17 14:36:18 - [MESSAGE][INFO] - Starting 'Chrome' driver

2018-12-17 14:36:49 - [MESSAGE][PASSED] - Browser is opened with url: 'http://executeautomation.com/demosite/Dragging.html'

2018-12-17 14:36:49 - [TEST_STEP][PASSED] - dragAndDropToObject(findTestObject("Object Repository/Drag and drop list elements/List element 4"), findTestObject("Object Repository/Drag and drop list elements/List element 1")): Dragged object with id 'Object Repository/Drag and drop list elements/List element 4' to object with id 'TestObject - 'Object Repository/Drag and drop list elements/List element 1'' successfully

2018-12-17 14:36:50 - [MESSAGE][PASSED] - Dragged object with id 'Object Repository/Drag and drop list elements/List element 4' to object with id 'TestObject - 'Object Repository/Drag and drop list elements/List element 1'' successfully

2018-12-17 14:36:50 - [TEST_STEP][PASSED] - delay(3): Delayed 3 second(s)

2018-12-17 14:36:53 - [MESSAGE][PASSED] - Delayed 3 second(s)

2018-12-17 14:36:53 - [TEST_STEP][PASSED] - dragAndDropToObject(findTestObject("Object Repository/Drag and drop list elements/List element 1"), findTestObject("Object Repository/Drag and drop list elements/List element 4")): Dragged object with id 'Object Repository/Drag and drop list elements/List element 1' to object with id 'TestObject - 'Object Repository/Drag and drop list elements/List element 4'' successfully

2018-12-17 14:36:54 - [MESSAGE][PASSED] - Dragged object with id 'Object Repository/Drag and drop list elements/List element 1' to object with id 'TestObject - 'Object Repository/Drag and drop list elements/List element 4'' successfully

2018-12-17 14:36:54 - [TEST_STEP][PASSED] - Start listener action : sampleAfterTestCase: null

2018-12-17 14:36:54 - [TEST_STEP][PASSED] - println("This section belongs to @AfterTestCase"): null

2018-12-17 14:36:54 - [TEST_STEP][PASSED] - println("***************************************************************"): null

2018-12-17 14:36:54 - [TEST_STEP][PASSED] - println(testCaseContext.getTestCaseId() + " : " + testCaseContext.getTestCaseStatus()): null

2018-12-17 14:36:54 - [TEST_STEP][PASSED] - println("***************************************************************"): null]]></system-out>
         <system-err><![CDATA[]]></system-err>
      </testcase>
      <system-out><![CDATA[2018-12-17 14:35:42 - [TEST_SUITE][PASSED] - grouping: Test Cases/Akshata/TC3 - Drag and drop - List elements]]></system-out>
      <system-err><![CDATA[]]></system-err>
   </testsuite>
</testsuites>
