<?xml version="1.0" encoding="UTF-8"?>
<testsuites name="custom keyword" time="45" tests="1" failures="0" errors="0">
   <testsuite name="custom keyword" tests="1" failures="0" errors="0" time="45" timestamp="2018-12-17 11:17:34" hostname="Agrawal_nkt - Nikita-AL.India.XoriantCorp.com" id="Test Suites/Rajiv/custom keyword">
      <properties>
         <property name="deviceName" value=""/>
         <property name="devicePlatform" value=""/>
         <property name="logFolder" value="C:\\Users\\agrawal_nkt\\git\\KatalonDemo\\Reports\\Rajiv\\custom keyword\\20181217_111728"/>
         <property name="logFiles" value="C:\\Users\\agrawal_nkt\\git\\KatalonDemo\\Reports\\Rajiv\\custom keyword\\20181217_111728\\execution0.log"/>
         <property name="attachments" value=""/>
         <property name="hostName" value="Agrawal_nkt - Nikita-AL.India.XoriantCorp.com"/>
         <property name="os" value="Windows 10 64bit"/>
         <property name="katalonVersion" value="5.9.1.2"/>
         <property name="browser" value="Chrome 70.0.3538.110"/>
         <property name="hostAddress" value="10.20.2.227"/>
         <property name="sessionId" value="39c11780853ae05d84681c0c7337bcb9"/>
         <property name="seleniumVersion" value="3.7.1"/>
         <property name="proxyInformation" value="ProxyInformation{proxyOption=NO_PROXY, proxyServerType=HTTP, password=, proxyServerAddress=, proxyServerPort=0}"/>
         <property name="platform" value="Windows 10"/>
      </properties>
      <testcase name="Test Cases/Rajiv/JavaScript" classname="Test Cases/Rajiv/JavaScript" status="PASSED">
         <system-out><![CDATA[2018-12-17 11:17:35 - [TEST_CASE][PASSED] - Test Cases/Rajiv/JavaScript: Test Cases/Rajiv/JavaScript

2018-12-17 11:17:36 - [TEST_STEP][PASSED] - Start listener action : sampleBeforeTestCase: null

2018-12-17 11:17:36 - [TEST_STEP][PASSED] - println(testCaseContext.getTestCaseId()): null

2018-12-17 11:17:36 - [TEST_STEP][PASSED] - println(testCaseContext.getTestCaseVariables()): null

2018-12-17 11:17:36 - [TEST_STEP][PASSED] - println(testCaseContext.getMessage()): null

2018-12-17 11:17:36 - [TEST_STEP][PASSED] - Start listener action : sampleBeforeTestCase: null

2018-12-17 11:17:36 - [TEST_STEP][PASSED] - println(testCaseContext.getTestCaseId()): null

2018-12-17 11:17:36 - [TEST_STEP][PASSED] - println(testCaseContext.getTestCaseVariables()): null

2018-12-17 11:17:36 - [TEST_STEP][PASSED] - openBrowser(""): Browser is opened with url: ''

2018-12-17 11:17:37 - [MESSAGE][INFO] - Starting 'Chrome' driver

2018-12-17 11:17:37 - [MESSAGE][INFO] - Action delay is set to 0 seconds

2018-12-17 11:17:43 - [MESSAGE][PASSED] - Browser is opened with url: ''

2018-12-17 11:17:43 - [TEST_STEP][PASSED] - maximizeWindow(): Current window maximized

2018-12-17 11:17:45 - [MESSAGE][PASSED] - Current window maximized

2018-12-17 11:17:45 - [TEST_STEP][PASSED] - executeJavaScript("window.location='https://www.freecrm.com'", null): Execute JavaScript 'window.location='https://www.freecrm.com'' successfully

2018-12-17 11:17:50 - [MESSAGE][PASSED] - Execute JavaScript 'window.location='https://www.freecrm.com'' successfully

2018-12-17 11:17:50 - [TEST_STEP][PASSED] - wb1 = findWebElement(findTestObject("Object Repository/JavaScript/FreeCRMUsername"), 5): null

2018-12-17 11:17:50 - [TEST_STEP][PASSED] - wb2 = findWebElement(findTestObject("Object Repository/JavaScript/FreeCRMPassword"), 5): null

2018-12-17 11:17:50 - [TEST_STEP][PASSED] - wb3 = findWebElement(findTestObject("Object Repository/JavaScript/FreeCRMLoginBtn"), 5): null

2018-12-17 11:17:50 - [TEST_STEP][PASSED] - delay(2): Delayed 2 second(s)

2018-12-17 11:17:52 - [MESSAGE][PASSED] - Delayed 2 second(s)

2018-12-17 11:17:52 - [TEST_STEP][PASSED] - javaScript.JavaScriptExecutor.jsType(variable, wb1): javaScript.JavaScriptExecutor.jsType is PASSED

2018-12-17 11:17:52 - [MESSAGE][PASSED] - Execute JavaScript 'arguments[0].style.border='3px solid blue'' successfully

2018-12-17 11:17:54 - [MESSAGE][PASSED] - Delayed 2 second(s)

2018-12-17 11:17:54 - [MESSAGE][PASSED] - Execute JavaScript 'arguments[0].value='Admin12'' successfully

2018-12-17 11:17:54 - [MESSAGE][PASSED] - javaScript.JavaScriptExecutor.jsType is PASSED

2018-12-17 11:17:54 - [TEST_STEP][PASSED] - javaScript.JavaScriptExecutor.jsType(variable_0, wb2): javaScript.JavaScriptExecutor.jsType is PASSED

2018-12-17 11:17:54 - [MESSAGE][PASSED] - Execute JavaScript 'arguments[0].style.border='3px solid blue'' successfully

2018-12-17 11:17:56 - [MESSAGE][PASSED] - Delayed 2 second(s)

2018-12-17 11:17:56 - [MESSAGE][PASSED] - Execute JavaScript 'arguments[0].value='Admin12'' successfully

2018-12-17 11:17:56 - [MESSAGE][PASSED] - javaScript.JavaScriptExecutor.jsType is PASSED

2018-12-17 11:17:56 - [TEST_STEP][PASSED] - javaScript.JavaScriptExecutor.jsClick(wb3): javaScript.JavaScriptExecutor.jsClick is PASSED

2018-12-17 11:17:56 - [MESSAGE][PASSED] - Execute JavaScript 'arguments[0].style.border='3px solid green'' successfully

2018-12-17 11:17:58 - [MESSAGE][PASSED] - Delayed 2 second(s)

2018-12-17 11:18:04 - [MESSAGE][PASSED] - Execute JavaScript 'arguments[0].click()' successfully

2018-12-17 11:18:04 - [MESSAGE][PASSED] - javaScript.JavaScriptExecutor.jsClick is PASSED

2018-12-17 11:18:04 - [TEST_STEP][PASSED] - javaScript.JavaScriptExecutor.alertGenerator("This Alert is generated by JavaScript !! "): javaScript.JavaScriptExecutor.alertGenerator is PASSED

2018-12-17 11:18:04 - [MESSAGE][PASSED] - Execute JavaScript 'alert('This Alert is generated by JavaScript !! ');' successfully

2018-12-17 11:18:07 - [MESSAGE][PASSED] - Delayed 3 second(s)

2018-12-17 11:18:07 - [MESSAGE][PASSED] - javaScript.JavaScriptExecutor.alertGenerator is PASSED

2018-12-17 11:18:07 - [TEST_STEP][PASSED] - delay(2): Delayed 2 second(s)

2018-12-17 11:18:09 - [MESSAGE][PASSED] - Delayed 2 second(s)

2018-12-17 11:18:09 - [TEST_STEP][PASSED] - acceptAlert(): Alert accepted

2018-12-17 11:18:09 - [MESSAGE][PASSED] - Alert accepted

2018-12-17 11:18:09 - [TEST_STEP][PASSED] - delay(3): Delayed 3 second(s)

2018-12-17 11:18:12 - [MESSAGE][PASSED] - Delayed 3 second(s)

2018-12-17 11:18:12 - [TEST_STEP][PASSED] - switchToFrame(findTestObject("Object Repository/JavaScript/iFrame"), 5): null

2018-12-17 11:18:12 - [TEST_STEP][PASSED] - wb4 = findWebElement(findTestObject("Object Repository/JavaScript/FreeCRMLogout"), 5): null

2018-12-17 11:18:12 - [TEST_STEP][PASSED] - javaScript.JavaScriptExecutor.jsClick(wb4): javaScript.JavaScriptExecutor.jsClick is PASSED

2018-12-17 11:18:12 - [MESSAGE][PASSED] - Execute JavaScript 'arguments[0].style.border='3px solid green'' successfully

2018-12-17 11:18:14 - [MESSAGE][PASSED] - Delayed 2 second(s)

2018-12-17 11:18:16 - [MESSAGE][PASSED] - Execute JavaScript 'arguments[0].click()' successfully

2018-12-17 11:18:16 - [MESSAGE][PASSED] - javaScript.JavaScriptExecutor.jsClick is PASSED

2018-12-17 11:18:16 - [TEST_STEP][PASSED] - delay(3): Delayed 3 second(s)

2018-12-17 11:18:19 - [MESSAGE][PASSED] - Delayed 3 second(s)

2018-12-17 11:18:19 - [TEST_STEP][PASSED] - closeBrowser(): Browser is closed

2018-12-17 11:18:19 - [MESSAGE][PASSED] - Browser is closed

2018-12-17 11:18:19 - [TEST_STEP][PASSED] - Start listener action : sampleAfterTestCase: null

2018-12-17 11:18:19 - [TEST_STEP][PASSED] - println(testCaseContext.getTestCaseId()): null

2018-12-17 11:18:19 - [TEST_STEP][PASSED] - println(testCaseContext.getTestCaseStatus()): null

2018-12-17 11:18:19 - [TEST_STEP][PASSED] - println(testCaseContext.getMessage()): null

2018-12-17 11:18:19 - [TEST_STEP][PASSED] - Start listener action : sampleAfterTestCase: null

2018-12-17 11:18:19 - [TEST_STEP][PASSED] - println(testCaseContext.getTestCaseId()): null

2018-12-17 11:18:19 - [TEST_STEP][PASSED] - println(testCaseContext.getTestCaseStatus()): null]]></system-out>
         <system-err><![CDATA[]]></system-err>
      </testcase>
      <system-out><![CDATA[2018-12-17 11:17:34 - [TEST_SUITE][PASSED] - custom keyword: Test Cases/Rajiv/JavaScript]]></system-out>
      <system-err><![CDATA[]]></system-err>
   </testsuite>
</testsuites>
