<?xml version="1.0" encoding="UTF-8"?>
<testsuites name="jenkins" time="74" tests="1" failures="0" errors="0">
   <testsuite name="jenkins" tests="1" failures="0" errors="0" time="74" timestamp="2018-12-10 11:15:53" hostname="goswami_n - Nikita-G.India.XoriantCorp.com" id="Test Suites/Nikita/jenkins">
      <properties>
         <property name="deviceName" value=""/>
         <property name="devicePlatform" value=""/>
         <property name="logFolder" value="C:\\Users\\goswami_n\\git\\KatalonDemo\\Reports\\Nikita\\jenkins\\20181210_111521"/>
         <property name="logFiles" value="C:\\Users\\goswami_n\\git\\KatalonDemo\\Reports\\Nikita\\jenkins\\20181210_111521\\execution0.log"/>
         <property name="attachments" value=""/>
         <property name="hostName" value="goswami_n - Nikita-G.India.XoriantCorp.com"/>
         <property name="os" value="Windows 10 64bit"/>
         <property name="katalonVersion" value="5.9.1.2"/>
         <property name="browser" value="Chrome 70.0.3538.110"/>
         <property name="hostAddress" value="10.20.3.71"/>
         <property name="sessionId" value="c1cab5f58dbda60e5b9f2f4eefdbc7ef"/>
         <property name="seleniumVersion" value="3.7.1"/>
         <property name="proxyInformation" value="ProxyInformation{proxyOption=NO_PROXY, proxyServerType=HTTP, password=, proxyServerAddress=, proxyServerPort=0}"/>
         <property name="platform" value="Windows 10"/>
      </properties>
      <testcase name="Test Cases/Rajiv/JavaScript" classname="Test Cases/Rajiv/JavaScript" status="PASSED">
         <system-out><![CDATA[2018-12-10 11:15:55 - [TEST_CASE][PASSED] - Test Cases/Rajiv/JavaScript: Test Cases/Rajiv/JavaScript

2018-12-10 11:15:58 - [TEST_STEP][PASSED] - openBrowser(""): Browser is opened with url: ''

2018-12-10 11:16:00 - [MESSAGE][INFO] - Starting 'Chrome' driver

2018-12-10 11:16:00 - [MESSAGE][INFO] - Action delay is set to 0 seconds

2018-12-10 11:16:21 - [MESSAGE][PASSED] - Browser is opened with url: ''

2018-12-10 11:16:21 - [TEST_STEP][PASSED] - maximizeWindow(): Current window maximized

2018-12-10 11:16:22 - [MESSAGE][PASSED] - Current window maximized

2018-12-10 11:16:22 - [TEST_STEP][PASSED] - executeJavaScript("window.location='https://www.freecrm.com'", null): Execute JavaScript 'window.location='https://www.freecrm.com'' successfully

2018-12-10 11:16:35 - [MESSAGE][PASSED] - Execute JavaScript 'window.location='https://www.freecrm.com'' successfully

2018-12-10 11:16:35 - [TEST_STEP][PASSED] - wb1 = findWebElement(findTestObject("Object Repository/JavaScript/FreeCRMUsername"), 5): null

2018-12-10 11:16:36 - [TEST_STEP][PASSED] - wb2 = findWebElement(findTestObject("Object Repository/JavaScript/FreeCRMPassword"), 5): null

2018-12-10 11:16:36 - [TEST_STEP][PASSED] - wb3 = findWebElement(findTestObject("Object Repository/JavaScript/FreeCRMLoginBtn"), 5): null

2018-12-10 11:16:36 - [TEST_STEP][PASSED] - delay(2): Delayed 2 second(s)

2018-12-10 11:16:38 - [MESSAGE][PASSED] - Delayed 2 second(s)

2018-12-10 11:16:38 - [TEST_STEP][PASSED] - javaScript.JavaScriptExecutor.jsType(variable, wb1): javaScript.JavaScriptExecutor.jsType is PASSED

2018-12-10 11:16:38 - [MESSAGE][PASSED] - Execute JavaScript 'arguments[0].style.border='3px solid blue'' successfully

2018-12-10 11:16:40 - [MESSAGE][PASSED] - Delayed 2 second(s)

2018-12-10 11:16:40 - [MESSAGE][PASSED] - Execute JavaScript 'arguments[0].value='Admin12'' successfully

2018-12-10 11:16:40 - [MESSAGE][PASSED] - javaScript.JavaScriptExecutor.jsType is PASSED

2018-12-10 11:16:40 - [TEST_STEP][PASSED] - javaScript.JavaScriptExecutor.jsType(variable_0, wb2): javaScript.JavaScriptExecutor.jsType is PASSED

2018-12-10 11:16:40 - [MESSAGE][PASSED] - Execute JavaScript 'arguments[0].style.border='3px solid blue'' successfully

2018-12-10 11:16:42 - [MESSAGE][PASSED] - Delayed 2 second(s)

2018-12-10 11:16:42 - [MESSAGE][PASSED] - Execute JavaScript 'arguments[0].value='Admin12'' successfully

2018-12-10 11:16:42 - [MESSAGE][PASSED] - javaScript.JavaScriptExecutor.jsType is PASSED

2018-12-10 11:16:42 - [TEST_STEP][PASSED] - javaScript.JavaScriptExecutor.jsClick(wb3): javaScript.JavaScriptExecutor.jsClick is PASSED

2018-12-10 11:16:42 - [MESSAGE][PASSED] - Execute JavaScript 'arguments[0].style.border='3px solid green'' successfully

2018-12-10 11:16:44 - [MESSAGE][PASSED] - Delayed 2 second(s)

2018-12-10 11:16:51 - [MESSAGE][PASSED] - Execute JavaScript 'arguments[0].click()' successfully

2018-12-10 11:16:51 - [MESSAGE][PASSED] - javaScript.JavaScriptExecutor.jsClick is PASSED

2018-12-10 11:16:51 - [TEST_STEP][PASSED] - javaScript.JavaScriptExecutor.alertGenerator("This Alert is generated by JavaScript !! "): javaScript.JavaScriptExecutor.alertGenerator is PASSED

2018-12-10 11:16:51 - [MESSAGE][PASSED] - Execute JavaScript 'alert('This Alert is generated by JavaScript !! ');' successfully

2018-12-10 11:16:54 - [MESSAGE][PASSED] - Delayed 3 second(s)

2018-12-10 11:16:54 - [MESSAGE][PASSED] - javaScript.JavaScriptExecutor.alertGenerator is PASSED

2018-12-10 11:16:54 - [TEST_STEP][PASSED] - delay(2): Delayed 2 second(s)

2018-12-10 11:16:56 - [MESSAGE][PASSED] - Delayed 2 second(s)

2018-12-10 11:16:56 - [TEST_STEP][PASSED] - acceptAlert(): Alert accepted

2018-12-10 11:16:56 - [MESSAGE][PASSED] - Alert accepted

2018-12-10 11:16:56 - [TEST_STEP][PASSED] - delay(3): Delayed 3 second(s)

2018-12-10 11:16:59 - [MESSAGE][PASSED] - Delayed 3 second(s)

2018-12-10 11:16:59 - [TEST_STEP][PASSED] - switchToFrame(findTestObject("Object Repository/JavaScript/iFrame"), 5): null

2018-12-10 11:16:59 - [TEST_STEP][PASSED] - wb4 = findWebElement(findTestObject("Object Repository/JavaScript/FreeCRMLogout"), 5): null

2018-12-10 11:16:59 - [TEST_STEP][PASSED] - javaScript.JavaScriptExecutor.jsClick(wb4): javaScript.JavaScriptExecutor.jsClick is PASSED

2018-12-10 11:16:59 - [MESSAGE][PASSED] - Execute JavaScript 'arguments[0].style.border='3px solid green'' successfully

2018-12-10 11:17:01 - [MESSAGE][PASSED] - Delayed 2 second(s)

2018-12-10 11:17:04 - [MESSAGE][PASSED] - Execute JavaScript 'arguments[0].click()' successfully

2018-12-10 11:17:04 - [MESSAGE][PASSED] - javaScript.JavaScriptExecutor.jsClick is PASSED

2018-12-10 11:17:04 - [TEST_STEP][PASSED] - delay(3): Delayed 3 second(s)

2018-12-10 11:17:07 - [MESSAGE][PASSED] - Delayed 3 second(s)

2018-12-10 11:17:07 - [TEST_STEP][PASSED] - closeBrowser(): Browser is closed

2018-12-10 11:17:08 - [MESSAGE][PASSED] - Browser is closed]]></system-out>
         <system-err><![CDATA[]]></system-err>
      </testcase>
      <system-out><![CDATA[2018-12-10 11:15:53 - [TEST_SUITE][PASSED] - jenkins: Test Cases/Rajiv/JavaScript]]></system-out>
      <system-err><![CDATA[]]></system-err>
   </testsuite>
</testsuites>
