<?xml version="1.0" encoding="UTF-8"?>
<testsuites name="finalDemoSuite" time="108" tests="2" failures="0" errors="0">
   <testsuite name="finalDemoSuite" tests="2" failures="0" errors="0" time="108" timestamp="2018-12-18 11:03:15" hostname="C5281054 - INLN56580283A.apj.global.corp.sap" id="Test Suites/Thalesh/finalDemoSuite">
      <properties>
         <property name="deviceName" value=""/>
         <property name="devicePlatform" value=""/>
         <property name="logFolder" value="C:\\Users\\c5281054\\git\\KatalonDemo\\Reports\\Thalesh\\finalDemoSuite\\20181218_110254"/>
         <property name="logFiles" value="C:\\Users\\c5281054\\git\\KatalonDemo\\Reports\\Thalesh\\finalDemoSuite\\20181218_110254\\execution0.log"/>
         <property name="attachments" value=""/>
         <property name="hostName" value="C5281054 - INLN56580283A.apj.global.corp.sap"/>
         <property name="os" value="Windows 10 64bit"/>
         <property name="katalonVersion" value="5.9.1.2"/>
         <property name="browser" value="Chrome 71.0.3578.98"/>
         <property name="hostAddress" value="192.168.242.1"/>
         <property name="sessionId" value="b196ed24c6425d2bc0f9c2e7190b2489"/>
         <property name="seleniumVersion" value="3.7.1"/>
         <property name="proxyInformation" value="ProxyInformation{proxyOption=NO_PROXY, proxyServerType=HTTP, password=, proxyServerAddress=, proxyServerPort=0}"/>
         <property name="platform" value="Windows 10"/>
      </properties>
      <testcase name="Test Cases/Thalesh/AutomationDemoSite" classname="Test Cases/Thalesh/AutomationDemoSite" status="PASSED">
         <system-out><![CDATA[2018-12-18 11:03:21 - [TEST_CASE][PASSED] - Test Cases/Thalesh/AutomationDemoSite: Test Cases/Thalesh/AutomationDemoSite

2018-12-18 11:03:21 - [TEST_STEP][PASSED] - Start listener action : sampleBeforeTestCase: null

2018-12-18 11:03:21 - [TEST_STEP][PASSED] - println(testCaseContext.getTestCaseId()): null

2018-12-18 11:03:21 - [TEST_STEP][PASSED] - println(testCaseContext.getTestCaseVariables()): null

2018-12-18 11:03:21 - [TEST_STEP][PASSED] - println(testCaseContext.getMessage()): null

2018-12-18 11:03:21 - [TEST_STEP][PASSED] - Start listener action : sampleBeforeTestCase: null

2018-12-18 11:03:21 - [TEST_STEP][PASSED] - println(testCaseContext.getTestCaseId()): null

2018-12-18 11:03:21 - [TEST_STEP][PASSED] - println(testCaseContext.getTestCaseVariables()): null

2018-12-18 11:03:25 - [TEST_STEP][PASSED] - openBrowser(null): Browser is opened with url: 'null'

2018-12-18 11:03:27 - [MESSAGE][INFO] - Starting 'Chrome (headless)' driver

2018-12-18 11:03:28 - [MESSAGE][INFO] - Action delay is set to 0 seconds

2018-12-18 11:04:06 - [MESSAGE][PASSED] - Browser is opened with url: 'null'

2018-12-18 11:04:06 - [TEST_STEP][PASSED] - navigateToUrl("http://demo.automationtesting.in/Register.html"): Navigate to 'http://demo.automationtesting.in/Register.html' successfully

2018-12-18 11:04:10 - [MESSAGE][PASSED] - Navigate to 'http://demo.automationtesting.in/Register.html' successfully

2018-12-18 11:04:10 - [TEST_STEP][PASSED] - setText(findTestObject("DemoAuto/input_FirstName"), "thalesh"): Text 'thalesh' is set on object 'Object Repository/DemoAuto/input_FirstName'

2018-12-18 11:04:12 - [MESSAGE][PASSED] - Text 'thalesh' is set on object 'Object Repository/DemoAuto/input_FirstName'

2018-12-18 11:04:12 - [TEST_STEP][PASSED] - setText(findTestObject("DemoAuto/input_LastName"), "sharma"): Text 'sharma' is set on object 'Object Repository/DemoAuto/input_LastName'

2018-12-18 11:04:14 - [MESSAGE][PASSED] - Text 'sharma' is set on object 'Object Repository/DemoAuto/input_LastName'

2018-12-18 11:04:14 - [TEST_STEP][PASSED] - setText(findTestObject("DemoAuto/textarea_Address"), "test text area"): Text 'test text area' is set on object 'Object Repository/DemoAuto/textarea_Address'

2018-12-18 11:04:15 - [MESSAGE][PASSED] - Text 'test text area' is set on object 'Object Repository/DemoAuto/textarea_Address'

2018-12-18 11:04:15 - [TEST_STEP][PASSED] - setText(findTestObject("DemoAuto/input_EmailAddress"), "thalesh.s@gmail.com"): Text 'thalesh.s@gmail.com' is set on object 'Object Repository/DemoAuto/input_EmailAddress'

2018-12-18 11:04:17 - [MESSAGE][PASSED] - Text 'thalesh.s@gmail.com' is set on object 'Object Repository/DemoAuto/input_EmailAddress'

2018-12-18 11:04:17 - [TEST_STEP][PASSED] - setText(findTestObject("Object Repository/DemoAuto/input_Phone"), "1234567890"): Text '1234567890' is set on object 'Object Repository/DemoAuto/input_Phone'

2018-12-18 11:04:19 - [MESSAGE][PASSED] - Text '1234567890' is set on object 'Object Repository/DemoAuto/input_Phone'

2018-12-18 11:04:19 - [TEST_STEP][PASSED] - click(findTestObject("DemoAuto/input_GenderRadioOptions")): Object: 'Object Repository/DemoAuto/input_GenderRadioOptions' is clicked on

2018-12-18 11:04:19 - [MESSAGE][PASSED] - Object: 'Object Repository/DemoAuto/input_GenderRadioOptions' is clicked on

2018-12-18 11:04:19 - [TEST_STEP][PASSED] - click(findTestObject("DemoAuto/input_HobbiesCheckbox")): Object: 'Object Repository/DemoAuto/input_HobbiesCheckbox' is clicked on

2018-12-18 11:04:19 - [MESSAGE][PASSED] - Object: 'Object Repository/DemoAuto/input_HobbiesCheckbox' is clicked on

2018-12-18 11:04:19 - [TEST_STEP][PASSED] - scrollToElement(findTestObject("DemoAuto/select_Skills"), 5): Scroll to object 'Object Repository/DemoAuto/select_Skills' successfully

2018-12-18 11:04:19 - [MESSAGE][PASSED] - Scroll to object 'Object Repository/DemoAuto/select_Skills' successfully

2018-12-18 11:04:19 - [TEST_STEP][PASSED] - click(findTestObject("DemoAuto/select_Skills")): Object: 'Object Repository/DemoAuto/select_Skills' is clicked on

2018-12-18 11:04:20 - [MESSAGE][PASSED] - Object: 'Object Repository/DemoAuto/select_Skills' is clicked on

2018-12-18 11:04:20 - [TEST_STEP][PASSED] - selectOptionByValue(findTestObject("DemoAuto/select_Skills"), "Java", true): All options with value 'Java' are selected in object 'Object Repository/DemoAuto/select_Skills'  using regular expression

2018-12-18 11:04:22 - [MESSAGE][PASSED] - All options with value 'Java' are selected in object 'Object Repository/DemoAuto/select_Skills'  using regular expression

2018-12-18 11:04:22 - [TEST_STEP][PASSED] - click(findTestObject("DemoAuto/select_Country")): Object: 'Object Repository/DemoAuto/select_Country' is clicked on

2018-12-18 11:04:23 - [MESSAGE][PASSED] - Object: 'Object Repository/DemoAuto/select_Country' is clicked on

2018-12-18 11:04:23 - [TEST_STEP][PASSED] - selectOptionByValue(findTestObject("DemoAuto/select_Country"), "United Kingdom", true): All options with value 'United Kingdom' are selected in object 'Object Repository/DemoAuto/select_Country'  using regular expression

2018-12-18 11:04:29 - [MESSAGE][PASSED] - All options with value 'United Kingdom' are selected in object 'Object Repository/DemoAuto/select_Country'  using regular expression

2018-12-18 11:04:29 - [TEST_STEP][PASSED] - click(findTestObject("DemoAuto/li_Country0")): Object: 'Object Repository/DemoAuto/li_Country0' is clicked on

2018-12-18 11:04:29 - [MESSAGE][PASSED] - Object: 'Object Repository/DemoAuto/li_Country0' is clicked on

2018-12-18 11:04:29 - [TEST_STEP][PASSED] - obj = new com.kms.katalon.core.testobject.TestObject(TheObjectName): null

2018-12-18 11:04:29 - [TEST_STEP][PASSED] - obj.addProperty("xpath", EQUALS, "//ul[@id='select2-country-results']/li[text()='India']"): null

2018-12-18 11:04:29 - [TEST_STEP][PASSED] - click(obj): Object: 'TheObjectName' is clicked on

2018-12-18 11:04:29 - [MESSAGE][PASSED] - Object: 'TheObjectName' is clicked on

2018-12-18 11:04:29 - [TEST_STEP][PASSED] - selectOptionByValue(findTestObject("DemoAuto/select_Year"), "1990", true): All options with value '1990' are selected in object 'Object Repository/DemoAuto/select_Year'  using regular expression

2018-12-18 11:04:31 - [MESSAGE][PASSED] - All options with value '1990' are selected in object 'Object Repository/DemoAuto/select_Year'  using regular expression

2018-12-18 11:04:31 - [TEST_STEP][PASSED] - selectOptionByValue(findTestObject("Object Repository/DemoAuto/select_Month"), "January", true): All options with value 'January' are selected in object 'Object Repository/DemoAuto/select_Month'  using regular expression

2018-12-18 11:04:31 - [MESSAGE][PASSED] - All options with value 'January' are selected in object 'Object Repository/DemoAuto/select_Month'  using regular expression

2018-12-18 11:04:31 - [TEST_STEP][PASSED] - selectOptionByValue(findTestObject("Object Repository/DemoAuto/select_Day"), "1", true): All options with value '1' are selected in object 'Object Repository/DemoAuto/select_Day'  using regular expression

2018-12-18 11:04:31 - [MESSAGE][PASSED] - All options with value '1' are selected in object 'Object Repository/DemoAuto/select_Day'  using regular expression

2018-12-18 11:04:31 - [TEST_STEP][PASSED] - setText(findTestObject("DemoAuto/input_FirstPassword"), "Tt123456"): Text 'Tt123456' is set on object 'Object Repository/DemoAuto/input_FirstPassword'

2018-12-18 11:04:32 - [MESSAGE][PASSED] - Text 'Tt123456' is set on object 'Object Repository/DemoAuto/input_FirstPassword'

2018-12-18 11:04:32 - [TEST_STEP][PASSED] - setText(findTestObject("DemoAuto/input_ConfirmPassword"), "Tt123456"): Text 'Tt123456' is set on object 'Object Repository/DemoAuto/input_ConfirmPassword'

2018-12-18 11:04:32 - [MESSAGE][PASSED] - Text 'Tt123456' is set on object 'Object Repository/DemoAuto/input_ConfirmPassword'

2018-12-18 11:04:32 - [TEST_STEP][PASSED] - click(findTestObject("Object Repository/DemoAuto/button_Submit")): Object: 'Object Repository/DemoAuto/button_Submit' is clicked on

2018-12-18 11:04:32 - [MESSAGE][PASSED] - Object: 'Object Repository/DemoAuto/button_Submit' is clicked on

2018-12-18 11:04:32 - [TEST_STEP][PASSED] - closeBrowser(): Browser is closed

2018-12-18 11:04:33 - [MESSAGE][PASSED] - Browser is closed

2018-12-18 11:04:33 - [TEST_STEP][PASSED] - Start listener action : sampleAfterTestCase: null

2018-12-18 11:04:33 - [TEST_STEP][PASSED] - println(testCaseContext.getTestCaseId()): null

2018-12-18 11:04:33 - [TEST_STEP][PASSED] - println(testCaseContext.getTestCaseStatus()): null

2018-12-18 11:04:33 - [TEST_STEP][PASSED] - println(testCaseContext.getMessage()): null

2018-12-18 11:04:33 - [TEST_STEP][PASSED] - Start listener action : sampleAfterTestCase: null

2018-12-18 11:04:33 - [TEST_STEP][PASSED] - println(testCaseContext.getTestCaseId()): null

2018-12-18 11:04:33 - [TEST_STEP][PASSED] - println(testCaseContext.getTestCaseStatus()): null]]></system-out>
         <system-err><![CDATA[]]></system-err>
      </testcase>
      <testcase name="Test Cases/Thalesh/Test1_InputForm" classname="Test Cases/Thalesh/Test1_InputForm" status="PASSED">
         <system-out><![CDATA[2018-12-18 11:04:33 - [TEST_CASE][PASSED] - Test Cases/Thalesh/Test1_InputForm: Test Cases/Thalesh/Test1_InputForm

2018-12-18 11:04:33 - [TEST_STEP][PASSED] - Start listener action : sampleBeforeTestCase: null

2018-12-18 11:04:33 - [TEST_STEP][PASSED] - println(testCaseContext.getTestCaseId()): null

2018-12-18 11:04:33 - [TEST_STEP][PASSED] - println(testCaseContext.getTestCaseVariables()): null

2018-12-18 11:04:33 - [TEST_STEP][PASSED] - println(testCaseContext.getMessage()): null

2018-12-18 11:04:33 - [TEST_STEP][PASSED] - Start listener action : sampleBeforeTestCase: null

2018-12-18 11:04:33 - [TEST_STEP][PASSED] - println(testCaseContext.getTestCaseId()): null

2018-12-18 11:04:33 - [TEST_STEP][PASSED] - println(testCaseContext.getTestCaseVariables()): null

2018-12-18 11:04:33 - [TEST_STEP][PASSED] - openBrowser(null): Browser is opened with url: 'null'

2018-12-18 11:04:33 - [MESSAGE][INFO] - Starting 'Chrome (headless)' driver

2018-12-18 11:04:57 - [MESSAGE][PASSED] - Browser is opened with url: 'null'

2018-12-18 11:04:57 - [TEST_STEP][PASSED] - maximizeWindow(): Current window maximized

2018-12-18 11:04:58 - [MESSAGE][PASSED] - Current window maximized

2018-12-18 11:04:58 - [TEST_STEP][PASSED] - navigateToUrl("https://www.seleniumeasy.com/test"): Navigate to 'https://www.seleniumeasy.com/test' successfully

2018-12-18 11:05:00 - [MESSAGE][PASSED] - Navigate to 'https://www.seleniumeasy.com/test' successfully

2018-12-18 11:05:00 - [TEST_STEP][PASSED] - waitForPageLoad(10): Wait for page load successfully

2018-12-18 11:05:00 - [MESSAGE][PASSED] - Wait for page load successfully

2018-12-18 11:05:00 - [TEST_STEP][PASSED] - waitForElementPresent(findTestObject("Page_Home/li_All Examples"), 10): Object 'Object Repository/Page_Home/li_All Examples' is present

2018-12-18 11:05:00 - [MESSAGE][PASSED] - Object 'Object Repository/Page_Home/li_All Examples' is present

2018-12-18 11:05:00 - [TEST_STEP][PASSED] - scrollToElement(findTestObject("Page_Home/li_All Examples"), 5): Scroll to object 'Object Repository/Page_Home/li_All Examples' successfully

2018-12-18 11:05:00 - [MESSAGE][PASSED] - Scroll to object 'Object Repository/Page_Home/li_All Examples' successfully

2018-12-18 11:05:00 - [TEST_STEP][PASSED] - click(findTestObject("Object Repository/Page_Home/a_Input Forms")): Object: 'Object Repository/Page_Home/a_Input Forms' is clicked on

2018-12-18 11:05:00 - [MESSAGE][PASSED] - Object: 'Object Repository/Page_Home/a_Input Forms' is clicked on

2018-12-18 11:05:00 - [TEST_STEP][PASSED] - click(findTestObject("Object Repository/Page_Home/a_InputFormSubmit")): Object: 'Object Repository/Page_Home/a_InputFormSubmit' is clicked on

2018-12-18 11:05:01 - [MESSAGE][PASSED] - Object: 'Object Repository/Page_Home/a_InputFormSubmit' is clicked on

2018-12-18 11:05:01 - [TEST_STEP][PASSED] - setText(findTestObject("Object Repository/Page_Home/input_FirstName"), "thalesh"): Text 'thalesh' is set on object 'Object Repository/Page_Home/input_FirstName'

2018-12-18 11:05:01 - [MESSAGE][PASSED] - Text 'thalesh' is set on object 'Object Repository/Page_Home/input_FirstName'

2018-12-18 11:05:01 - [TEST_STEP][PASSED] - setText(findTestObject("Object Repository/Page_Home/input_LastName"), "Sharma"): Text 'Sharma' is set on object 'Object Repository/Page_Home/input_LastName'

2018-12-18 11:05:01 - [MESSAGE][PASSED] - Text 'Sharma' is set on object 'Object Repository/Page_Home/input_LastName'

2018-12-18 11:05:01 - [TEST_STEP][PASSED] - setText(findTestObject("Object Repository/Page_Home/input_EMail"), "thalesh@gmail.com"): Text 'thalesh@gmail.com' is set on object 'Object Repository/Page_Home/input_EMail'

2018-12-18 11:05:01 - [MESSAGE][PASSED] - Text 'thalesh@gmail.com' is set on object 'Object Repository/Page_Home/input_EMail'

2018-12-18 11:05:01 - [TEST_STEP][PASSED] - setText(findTestObject("Object Repository/Page_Home/input_Phone"), "1234567890"): Text '1234567890' is set on object 'Object Repository/Page_Home/input_Phone'

2018-12-18 11:05:01 - [MESSAGE][PASSED] - Text '1234567890' is set on object 'Object Repository/Page_Home/input_Phone'

2018-12-18 11:05:01 - [TEST_STEP][PASSED] - setText(findTestObject("Object Repository/Page_Home/input_Address"), "Baner, Pune"): Text 'Baner, Pune' is set on object 'Object Repository/Page_Home/input_Address'

2018-12-18 11:05:01 - [MESSAGE][PASSED] - Text 'Baner, Pune' is set on object 'Object Repository/Page_Home/input_Address'

2018-12-18 11:05:01 - [TEST_STEP][PASSED] - setText(findTestObject("Object Repository/Page_Home/input_City"), "Pune"): Text 'Pune' is set on object 'Object Repository/Page_Home/input_City'

2018-12-18 11:05:02 - [MESSAGE][PASSED] - Text 'Pune' is set on object 'Object Repository/Page_Home/input_City'

2018-12-18 11:05:02 - [TEST_STEP][PASSED] - selectOptionByLabel(findTestObject("Object Repository/Page_Home/select_State"), "California", false): All options with label 'California' are selected in object 'Object Repository/Page_Home/select_State' 

2018-12-18 11:05:02 - [MESSAGE][PASSED] - All options with label 'California' are selected in object 'Object Repository/Page_Home/select_State' 

2018-12-18 11:05:02 - [TEST_STEP][PASSED] - setText(findTestObject("Object Repository/Page_Home/input_ZipCode"), "EJ08 2EX"): Text 'EJ08 2EX' is set on object 'Object Repository/Page_Home/input_ZipCode'

2018-12-18 11:05:02 - [MESSAGE][PASSED] - Text 'EJ08 2EX' is set on object 'Object Repository/Page_Home/input_ZipCode'

2018-12-18 11:05:02 - [TEST_STEP][PASSED] - setText(findTestObject("Object Repository/Page_Home/input_Website"), "www.facebook.com"): Text 'www.facebook.com' is set on object 'Object Repository/Page_Home/input_Website'

2018-12-18 11:05:02 - [MESSAGE][PASSED] - Text 'www.facebook.com' is set on object 'Object Repository/Page_Home/input_Website'

2018-12-18 11:05:02 - [TEST_STEP][PASSED] - click(findTestObject("Object Repository/Page_Home/input_hosting")): Object: 'Object Repository/Page_Home/input_hosting' is clicked on

2018-12-18 11:05:02 - [MESSAGE][PASSED] - Object: 'Object Repository/Page_Home/input_hosting' is clicked on

2018-12-18 11:05:02 - [TEST_STEP][PASSED] - setText(findTestObject("Object Repository/Page_Home/Project Description"), "test"): Text 'test' is set on object 'Object Repository/Page_Home/Project Description'

2018-12-18 11:05:02 - [MESSAGE][PASSED] - Text 'test' is set on object 'Object Repository/Page_Home/Project Description'

2018-12-18 11:05:02 - [TEST_STEP][PASSED] - click(findTestObject("Object Repository/Page_Home/button_Send")): Object: 'Object Repository/Page_Home/button_Send' is clicked on

2018-12-18 11:05:03 - [MESSAGE][PASSED] - Object: 'Object Repository/Page_Home/button_Send' is clicked on

2018-12-18 11:05:03 - [TEST_STEP][PASSED] - Start listener action : sampleAfterTestCase: null

2018-12-18 11:05:03 - [TEST_STEP][PASSED] - println(testCaseContext.getTestCaseId()): null

2018-12-18 11:05:03 - [TEST_STEP][PASSED] - println(testCaseContext.getTestCaseStatus()): null

2018-12-18 11:05:03 - [TEST_STEP][PASSED] - println(testCaseContext.getMessage()): null

2018-12-18 11:05:03 - [TEST_STEP][PASSED] - Start listener action : sampleAfterTestCase: null

2018-12-18 11:05:03 - [TEST_STEP][PASSED] - println(testCaseContext.getTestCaseId()): null

2018-12-18 11:05:03 - [TEST_STEP][PASSED] - println(testCaseContext.getTestCaseStatus()): null]]></system-out>
         <system-err><![CDATA[]]></system-err>
      </testcase>
      <system-out><![CDATA[2018-12-18 11:03:15 - [TEST_SUITE][PASSED] - finalDemoSuite: Test Cases/Thalesh/Test1_InputForm]]></system-out>
      <system-err><![CDATA[]]></system-err>
   </testsuite>
</testsuites>
