<?xml version="1.0" encoding="UTF-8"?>
<testsuites name="Nikita" time="49" tests="4" failures="0" errors="0">
   <testsuite name="Nikita" tests="4" failures="0" errors="0" time="49" timestamp="2018-12-11 16:48:48" hostname="goswami_n - Nikita-G.India.XoriantCorp.com" id="Test Suites/Nikita/Nikita">
      <properties>
         <property name="deviceName" value=""/>
         <property name="devicePlatform" value=""/>
         <property name="logFolder" value="C:\\Users\\goswami_n\\git\\KatalonDemo\\Reports\\Nikita\\Nikita\\20181211_164834"/>
         <property name="logFiles" value="C:\\Users\\goswami_n\\git\\KatalonDemo\\Reports\\Nikita\\Nikita\\20181211_164834\\execution0.log"/>
         <property name="attachments" value=""/>
         <property name="hostName" value="goswami_n - Nikita-G.India.XoriantCorp.com"/>
         <property name="os" value="Windows 10 64bit"/>
         <property name="katalonVersion" value="5.9.1.2"/>
         <property name="browser" value="Chrome 70.0.3538.110"/>
         <property name="hostAddress" value="10.20.3.71"/>
         <property name="sessionId" value="cbb9e1909539ef1381a0db87596bf43e"/>
         <property name="seleniumVersion" value="3.7.1"/>
         <property name="proxyInformation" value="ProxyInformation{proxyOption=NO_PROXY, proxyServerType=HTTP, password=, proxyServerAddress=, proxyServerPort=0}"/>
         <property name="platform" value="Windows 10"/>
      </properties>
      <testcase name="Test Cases/Nikita/Orange HRM/Login_Excel_Read_testdata" classname="Test Cases/Nikita/Orange HRM/Login_Excel_Read_testdata" status="PASSED">
         <system-out><![CDATA[2018-12-11 16:48:49 - [TEST_CASE][PASSED] - Test Cases/Nikita/Orange HRM/Login_Excel_Read_testdata: Test Cases/Nikita/Orange HRM/Login_Excel_Read_testdata

2018-12-11 16:48:50 - [TEST_STEP][PASSED] - openBrowser("https://opensource-demo.orangehrmlive.com/"): Browser is opened with url: 'https://opensource-demo.orangehrmlive.com/'

2018-12-11 16:48:50 - [MESSAGE][INFO] - Starting 'Chrome' driver

2018-12-11 16:48:51 - [MESSAGE][INFO] - Action delay is set to 0 seconds

2018-12-11 16:49:03 - [MESSAGE][PASSED] - Browser is opened with url: 'https://opensource-demo.orangehrmlive.com/'

2018-12-11 16:49:03 - [TEST_STEP][PASSED] - click(findTestObject("Object Repository/Page_OrangeHRM/span_Username")): Object: 'Object Repository/Page_OrangeHRM/span_Username' is clicked on

2018-12-11 16:49:03 - [MESSAGE][PASSED] - Object: 'Object Repository/Page_OrangeHRM/span_Username' is clicked on

2018-12-11 16:49:04 - [TEST_STEP][PASSED] - setText(findTestObject("Object Repository/Page_OrangeHRM/input_LOGIN Panel_txtUsername"), Username): Text 'admin' is set on object 'Object Repository/Page_OrangeHRM/input_LOGIN Panel_txtUsername'

2018-12-11 16:49:04 - [MESSAGE][PASSED] - Text 'admin' is set on object 'Object Repository/Page_OrangeHRM/input_LOGIN Panel_txtUsername'

2018-12-11 16:49:04 - [TEST_STEP][PASSED] - setText(findTestObject("Object Repository/Page_OrangeHRM/input_Username_txtPassword"), Password): Text 'admin123' is set on object 'Object Repository/Page_OrangeHRM/input_Username_txtPassword'

2018-12-11 16:49:04 - [MESSAGE][PASSED] - Text 'admin123' is set on object 'Object Repository/Page_OrangeHRM/input_Username_txtPassword'

2018-12-11 16:49:04 - [TEST_STEP][PASSED] - click(findTestObject("Object Repository/Page_OrangeHRM/input_Password_Submit")): Object: 'Object Repository/Page_OrangeHRM/input_Password_Submit' is clicked on

2018-12-11 16:49:09 - [MESSAGE][PASSED] - Object: 'Object Repository/Page_OrangeHRM/input_Password_Submit' is clicked on

2018-12-11 16:49:09 - [TEST_STEP][PASSED] - closeBrowser(): Browser is closed

2018-12-11 16:49:10 - [MESSAGE][PASSED] - Browser is closed]]></system-out>
         <system-err><![CDATA[]]></system-err>
      </testcase>
      <testcase name="Test Cases/Nikita/Orange HRM/Login_Excel_Read_testdata" classname="Test Cases/Nikita/Orange HRM/Login_Excel_Read_testdata" status="PASSED">
         <system-out><![CDATA[2018-12-11 16:49:10 - [TEST_CASE][PASSED] - Test Cases/Nikita/Orange HRM/Login_Excel_Read_testdata: Test Cases/Nikita/Orange HRM/Login_Excel_Read_testdata

2018-12-11 16:49:10 - [TEST_STEP][PASSED] - openBrowser("https://opensource-demo.orangehrmlive.com/"): Browser is opened with url: 'https://opensource-demo.orangehrmlive.com/'

2018-12-11 16:49:10 - [MESSAGE][INFO] - Starting 'Chrome' driver

2018-12-11 16:49:16 - [MESSAGE][PASSED] - Browser is opened with url: 'https://opensource-demo.orangehrmlive.com/'

2018-12-11 16:49:16 - [TEST_STEP][PASSED] - click(findTestObject("Object Repository/Page_OrangeHRM/span_Username")): Object: 'Object Repository/Page_OrangeHRM/span_Username' is clicked on

2018-12-11 16:49:16 - [MESSAGE][PASSED] - Object: 'Object Repository/Page_OrangeHRM/span_Username' is clicked on

2018-12-11 16:49:16 - [TEST_STEP][PASSED] - setText(findTestObject("Object Repository/Page_OrangeHRM/input_LOGIN Panel_txtUsername"), Username): Text 'admin1' is set on object 'Object Repository/Page_OrangeHRM/input_LOGIN Panel_txtUsername'

2018-12-11 16:49:16 - [MESSAGE][PASSED] - Text 'admin1' is set on object 'Object Repository/Page_OrangeHRM/input_LOGIN Panel_txtUsername'

2018-12-11 16:49:16 - [TEST_STEP][PASSED] - setText(findTestObject("Object Repository/Page_OrangeHRM/input_Username_txtPassword"), Password): Text 'admin123' is set on object 'Object Repository/Page_OrangeHRM/input_Username_txtPassword'

2018-12-11 16:49:16 - [MESSAGE][PASSED] - Text 'admin123' is set on object 'Object Repository/Page_OrangeHRM/input_Username_txtPassword'

2018-12-11 16:49:16 - [TEST_STEP][PASSED] - click(findTestObject("Object Repository/Page_OrangeHRM/input_Password_Submit")): Object: 'Object Repository/Page_OrangeHRM/input_Password_Submit' is clicked on

2018-12-11 16:49:17 - [MESSAGE][PASSED] - Object: 'Object Repository/Page_OrangeHRM/input_Password_Submit' is clicked on

2018-12-11 16:49:17 - [TEST_STEP][PASSED] - closeBrowser(): Browser is closed

2018-12-11 16:49:18 - [MESSAGE][PASSED] - Browser is closed]]></system-out>
         <system-err><![CDATA[]]></system-err>
      </testcase>
      <testcase name="Test Cases/Nikita/Orange HRM/List_excel Write" classname="Test Cases/Nikita/Orange HRM/List_excel Write" status="PASSED">
         <system-out><![CDATA[2018-12-11 16:49:18 - [TEST_CASE][PASSED] - Test Cases/Nikita/Orange HRM/List_excel Write: Test Cases/Nikita/Orange HRM/List_excel Write

2018-12-11 16:49:19 - [TEST_STEP][PASSED] - openBrowser("https://www.w3schools.com/"): Browser is opened with url: 'https://www.w3schools.com/'

2018-12-11 16:49:19 - [MESSAGE][INFO] - Starting 'Chrome' driver

2018-12-11 16:49:27 - [MESSAGE][PASSED] - Browser is opened with url: 'https://www.w3schools.com/'

2018-12-11 16:49:27 - [TEST_STEP][PASSED] - wb = findWebElements(findTestObject("Object Repository/List"), 30): null

2018-12-11 16:49:28 - [TEST_STEP][PASSED] - for (org.openqa.selenium.WebElement wa : wb): com.poi.writeExcelSheet.excelWrite is PASSED

2018-12-11 16:49:28 - [TEST_STEP][PASSED] - element_list = wa.getText(): null

2018-12-11 16:49:28 - [TEST_STEP][PASSED] - println(element_list): null

2018-12-11 16:49:28 - [TEST_STEP][PASSED] - com.poi.writeExcelSheet.excelWrite(element_list): com.poi.writeExcelSheet.excelWrite is PASSED

2018-12-11 16:49:31 - [MESSAGE][PASSED] - com.poi.writeExcelSheet.excelWrite is PASSED

2018-12-11 16:49:31 - [TEST_STEP][PASSED] - element_list = wa.getText(): null

2018-12-11 16:49:31 - [TEST_STEP][PASSED] - println(element_list): null

2018-12-11 16:49:31 - [TEST_STEP][PASSED] - com.poi.writeExcelSheet.excelWrite(element_list): com.poi.writeExcelSheet.excelWrite is PASSED

2018-12-11 16:49:31 - [MESSAGE][PASSED] - com.poi.writeExcelSheet.excelWrite is PASSED

2018-12-11 16:49:31 - [TEST_STEP][PASSED] - element_list = wa.getText(): null

2018-12-11 16:49:31 - [TEST_STEP][PASSED] - println(element_list): null

2018-12-11 16:49:31 - [TEST_STEP][PASSED] - com.poi.writeExcelSheet.excelWrite(element_list): com.poi.writeExcelSheet.excelWrite is PASSED

2018-12-11 16:49:32 - [MESSAGE][PASSED] - com.poi.writeExcelSheet.excelWrite is PASSED

2018-12-11 16:49:32 - [TEST_STEP][PASSED] - element_list = wa.getText(): null

2018-12-11 16:49:32 - [TEST_STEP][PASSED] - println(element_list): null

2018-12-11 16:49:32 - [TEST_STEP][PASSED] - com.poi.writeExcelSheet.excelWrite(element_list): com.poi.writeExcelSheet.excelWrite is PASSED

2018-12-11 16:49:32 - [MESSAGE][PASSED] - com.poi.writeExcelSheet.excelWrite is PASSED

2018-12-11 16:49:32 - [TEST_STEP][PASSED] - element_list = wa.getText(): null

2018-12-11 16:49:32 - [TEST_STEP][PASSED] - println(element_list): null

2018-12-11 16:49:32 - [TEST_STEP][PASSED] - com.poi.writeExcelSheet.excelWrite(element_list): com.poi.writeExcelSheet.excelWrite is PASSED

2018-12-11 16:49:32 - [MESSAGE][PASSED] - com.poi.writeExcelSheet.excelWrite is PASSED

2018-12-11 16:49:32 - [TEST_STEP][PASSED] - element_list = wa.getText(): null

2018-12-11 16:49:32 - [TEST_STEP][PASSED] - println(element_list): null

2018-12-11 16:49:32 - [TEST_STEP][PASSED] - com.poi.writeExcelSheet.excelWrite(element_list): com.poi.writeExcelSheet.excelWrite is PASSED

2018-12-11 16:49:32 - [MESSAGE][PASSED] - com.poi.writeExcelSheet.excelWrite is PASSED

2018-12-11 16:49:32 - [TEST_STEP][PASSED] - element_list = wa.getText(): null

2018-12-11 16:49:32 - [TEST_STEP][PASSED] - println(element_list): null

2018-12-11 16:49:32 - [TEST_STEP][PASSED] - com.poi.writeExcelSheet.excelWrite(element_list): com.poi.writeExcelSheet.excelWrite is PASSED

2018-12-11 16:49:32 - [MESSAGE][PASSED] - com.poi.writeExcelSheet.excelWrite is PASSED

2018-12-11 16:49:32 - [TEST_STEP][PASSED] - element_list = wa.getText(): null

2018-12-11 16:49:32 - [TEST_STEP][PASSED] - println(element_list): null

2018-12-11 16:49:32 - [TEST_STEP][PASSED] - com.poi.writeExcelSheet.excelWrite(element_list): com.poi.writeExcelSheet.excelWrite is PASSED

2018-12-11 16:49:32 - [MESSAGE][PASSED] - com.poi.writeExcelSheet.excelWrite is PASSED

2018-12-11 16:49:32 - [TEST_STEP][PASSED] - element_list = wa.getText(): null

2018-12-11 16:49:32 - [TEST_STEP][PASSED] - println(element_list): null

2018-12-11 16:49:32 - [TEST_STEP][PASSED] - com.poi.writeExcelSheet.excelWrite(element_list): com.poi.writeExcelSheet.excelWrite is PASSED

2018-12-11 16:49:32 - [MESSAGE][PASSED] - com.poi.writeExcelSheet.excelWrite is PASSED

2018-12-11 16:49:32 - [TEST_STEP][PASSED] - element_list = wa.getText(): null

2018-12-11 16:49:32 - [TEST_STEP][PASSED] - println(element_list): null

2018-12-11 16:49:32 - [TEST_STEP][PASSED] - com.poi.writeExcelSheet.excelWrite(element_list): com.poi.writeExcelSheet.excelWrite is PASSED

2018-12-11 16:49:32 - [MESSAGE][PASSED] - com.poi.writeExcelSheet.excelWrite is PASSED

2018-12-11 16:49:32 - [TEST_STEP][PASSED] - element_list = wa.getText(): null

2018-12-11 16:49:32 - [TEST_STEP][PASSED] - println(element_list): null

2018-12-11 16:49:32 - [TEST_STEP][PASSED] - com.poi.writeExcelSheet.excelWrite(element_list): com.poi.writeExcelSheet.excelWrite is PASSED

2018-12-11 16:49:32 - [MESSAGE][PASSED] - com.poi.writeExcelSheet.excelWrite is PASSED

2018-12-11 16:49:32 - [TEST_STEP][PASSED] - element_list = wa.getText(): null

2018-12-11 16:49:32 - [TEST_STEP][PASSED] - println(element_list): null

2018-12-11 16:49:32 - [TEST_STEP][PASSED] - com.poi.writeExcelSheet.excelWrite(element_list): com.poi.writeExcelSheet.excelWrite is PASSED

2018-12-11 16:49:32 - [MESSAGE][PASSED] - com.poi.writeExcelSheet.excelWrite is PASSED

2018-12-11 16:49:32 - [TEST_STEP][PASSED] - element_list = wa.getText(): null

2018-12-11 16:49:32 - [TEST_STEP][PASSED] - println(element_list): null

2018-12-11 16:49:32 - [TEST_STEP][PASSED] - com.poi.writeExcelSheet.excelWrite(element_list): com.poi.writeExcelSheet.excelWrite is PASSED

2018-12-11 16:49:33 - [MESSAGE][PASSED] - com.poi.writeExcelSheet.excelWrite is PASSED

2018-12-11 16:49:33 - [TEST_STEP][PASSED] - element_list = wa.getText(): null

2018-12-11 16:49:33 - [TEST_STEP][PASSED] - println(element_list): null

2018-12-11 16:49:33 - [TEST_STEP][PASSED] - com.poi.writeExcelSheet.excelWrite(element_list): com.poi.writeExcelSheet.excelWrite is PASSED

2018-12-11 16:49:33 - [MESSAGE][PASSED] - com.poi.writeExcelSheet.excelWrite is PASSED

2018-12-11 16:49:33 - [TEST_STEP][PASSED] - element_list = wa.getText(): null

2018-12-11 16:49:33 - [TEST_STEP][PASSED] - println(element_list): null

2018-12-11 16:49:33 - [TEST_STEP][PASSED] - com.poi.writeExcelSheet.excelWrite(element_list): com.poi.writeExcelSheet.excelWrite is PASSED

2018-12-11 16:49:33 - [MESSAGE][PASSED] - com.poi.writeExcelSheet.excelWrite is PASSED

2018-12-11 16:49:33 - [TEST_STEP][PASSED] - element_list = wa.getText(): null

2018-12-11 16:49:33 - [TEST_STEP][PASSED] - println(element_list): null

2018-12-11 16:49:33 - [TEST_STEP][PASSED] - com.poi.writeExcelSheet.excelWrite(element_list): com.poi.writeExcelSheet.excelWrite is PASSED

2018-12-11 16:49:33 - [MESSAGE][PASSED] - com.poi.writeExcelSheet.excelWrite is PASSED

2018-12-11 16:49:33 - [TEST_STEP][PASSED] - element_list = wa.getText(): null

2018-12-11 16:49:33 - [TEST_STEP][PASSED] - println(element_list): null

2018-12-11 16:49:33 - [TEST_STEP][PASSED] - com.poi.writeExcelSheet.excelWrite(element_list): com.poi.writeExcelSheet.excelWrite is PASSED

2018-12-11 16:49:33 - [MESSAGE][PASSED] - com.poi.writeExcelSheet.excelWrite is PASSED

2018-12-11 16:49:33 - [TEST_STEP][PASSED] - element_list = wa.getText(): null

2018-12-11 16:49:33 - [TEST_STEP][PASSED] - println(element_list): null

2018-12-11 16:49:33 - [TEST_STEP][PASSED] - com.poi.writeExcelSheet.excelWrite(element_list): com.poi.writeExcelSheet.excelWrite is PASSED

2018-12-11 16:49:33 - [MESSAGE][PASSED] - com.poi.writeExcelSheet.excelWrite is PASSED

2018-12-11 16:49:33 - [TEST_STEP][PASSED] - element_list = wa.getText(): null

2018-12-11 16:49:33 - [TEST_STEP][PASSED] - println(element_list): null

2018-12-11 16:49:33 - [TEST_STEP][PASSED] - com.poi.writeExcelSheet.excelWrite(element_list): com.poi.writeExcelSheet.excelWrite is PASSED

2018-12-11 16:49:33 - [MESSAGE][PASSED] - com.poi.writeExcelSheet.excelWrite is PASSED

2018-12-11 16:49:33 - [TEST_STEP][PASSED] - element_list = wa.getText(): null

2018-12-11 16:49:33 - [TEST_STEP][PASSED] - println(element_list): null

2018-12-11 16:49:33 - [TEST_STEP][PASSED] - com.poi.writeExcelSheet.excelWrite(element_list): com.poi.writeExcelSheet.excelWrite is PASSED

2018-12-11 16:49:33 - [MESSAGE][PASSED] - com.poi.writeExcelSheet.excelWrite is PASSED

2018-12-11 16:49:33 - [TEST_STEP][PASSED] - element_list = wa.getText(): null

2018-12-11 16:49:33 - [TEST_STEP][PASSED] - println(element_list): null

2018-12-11 16:49:33 - [TEST_STEP][PASSED] - com.poi.writeExcelSheet.excelWrite(element_list): com.poi.writeExcelSheet.excelWrite is PASSED

2018-12-11 16:49:33 - [MESSAGE][PASSED] - com.poi.writeExcelSheet.excelWrite is PASSED

2018-12-11 16:49:33 - [TEST_STEP][PASSED] - element_list = wa.getText(): null

2018-12-11 16:49:33 - [TEST_STEP][PASSED] - println(element_list): null

2018-12-11 16:49:33 - [TEST_STEP][PASSED] - com.poi.writeExcelSheet.excelWrite(element_list): com.poi.writeExcelSheet.excelWrite is PASSED

2018-12-11 16:49:33 - [MESSAGE][PASSED] - com.poi.writeExcelSheet.excelWrite is PASSED

2018-12-11 16:49:33 - [TEST_STEP][PASSED] - element_list = wa.getText(): null

2018-12-11 16:49:34 - [TEST_STEP][PASSED] - println(element_list): null

2018-12-11 16:49:34 - [TEST_STEP][PASSED] - com.poi.writeExcelSheet.excelWrite(element_list): com.poi.writeExcelSheet.excelWrite is PASSED

2018-12-11 16:49:34 - [MESSAGE][PASSED] - com.poi.writeExcelSheet.excelWrite is PASSED

2018-12-11 16:49:34 - [TEST_STEP][PASSED] - element_list = wa.getText(): null

2018-12-11 16:49:34 - [TEST_STEP][PASSED] - println(element_list): null

2018-12-11 16:49:34 - [TEST_STEP][PASSED] - com.poi.writeExcelSheet.excelWrite(element_list): com.poi.writeExcelSheet.excelWrite is PASSED

2018-12-11 16:49:34 - [MESSAGE][PASSED] - com.poi.writeExcelSheet.excelWrite is PASSED

2018-12-11 16:49:34 - [TEST_STEP][PASSED] - element_list = wa.getText(): null

2018-12-11 16:49:34 - [TEST_STEP][PASSED] - println(element_list): null

2018-12-11 16:49:34 - [TEST_STEP][PASSED] - com.poi.writeExcelSheet.excelWrite(element_list): com.poi.writeExcelSheet.excelWrite is PASSED

2018-12-11 16:49:34 - [MESSAGE][PASSED] - com.poi.writeExcelSheet.excelWrite is PASSED

2018-12-11 16:49:34 - [TEST_STEP][PASSED] - element_list = wa.getText(): null

2018-12-11 16:49:34 - [TEST_STEP][PASSED] - println(element_list): null

2018-12-11 16:49:34 - [TEST_STEP][PASSED] - com.poi.writeExcelSheet.excelWrite(element_list): com.poi.writeExcelSheet.excelWrite is PASSED

2018-12-11 16:49:34 - [MESSAGE][PASSED] - com.poi.writeExcelSheet.excelWrite is PASSED

2018-12-11 16:49:34 - [TEST_STEP][PASSED] - element_list = wa.getText(): null

2018-12-11 16:49:34 - [TEST_STEP][PASSED] - println(element_list): null

2018-12-11 16:49:34 - [TEST_STEP][PASSED] - com.poi.writeExcelSheet.excelWrite(element_list): com.poi.writeExcelSheet.excelWrite is PASSED

2018-12-11 16:49:34 - [MESSAGE][PASSED] - com.poi.writeExcelSheet.excelWrite is PASSED

2018-12-11 16:49:34 - [TEST_STEP][PASSED] - element_list = wa.getText(): null

2018-12-11 16:49:34 - [TEST_STEP][PASSED] - println(element_list): null

2018-12-11 16:49:34 - [TEST_STEP][PASSED] - com.poi.writeExcelSheet.excelWrite(element_list): com.poi.writeExcelSheet.excelWrite is PASSED

2018-12-11 16:49:34 - [MESSAGE][PASSED] - com.poi.writeExcelSheet.excelWrite is PASSED

2018-12-11 16:49:34 - [TEST_STEP][PASSED] - element_list = wa.getText(): null

2018-12-11 16:49:34 - [TEST_STEP][PASSED] - println(element_list): null

2018-12-11 16:49:34 - [TEST_STEP][PASSED] - com.poi.writeExcelSheet.excelWrite(element_list): com.poi.writeExcelSheet.excelWrite is PASSED

2018-12-11 16:49:34 - [MESSAGE][PASSED] - com.poi.writeExcelSheet.excelWrite is PASSED

2018-12-11 16:49:34 - [TEST_STEP][PASSED] - element_list = wa.getText(): null

2018-12-11 16:49:34 - [TEST_STEP][PASSED] - println(element_list): null

2018-12-11 16:49:34 - [TEST_STEP][PASSED] - com.poi.writeExcelSheet.excelWrite(element_list): com.poi.writeExcelSheet.excelWrite is PASSED

2018-12-11 16:49:34 - [MESSAGE][PASSED] - com.poi.writeExcelSheet.excelWrite is PASSED

2018-12-11 16:49:34 - [TEST_STEP][PASSED] - element_list = wa.getText(): null

2018-12-11 16:49:34 - [TEST_STEP][PASSED] - println(element_list): null

2018-12-11 16:49:34 - [TEST_STEP][PASSED] - com.poi.writeExcelSheet.excelWrite(element_list): com.poi.writeExcelSheet.excelWrite is PASSED

2018-12-11 16:49:35 - [MESSAGE][PASSED] - com.poi.writeExcelSheet.excelWrite is PASSED

2018-12-11 16:49:35 - [TEST_STEP][PASSED] - element_list = wa.getText(): null

2018-12-11 16:49:35 - [TEST_STEP][PASSED] - println(element_list): null

2018-12-11 16:49:35 - [TEST_STEP][PASSED] - com.poi.writeExcelSheet.excelWrite(element_list): com.poi.writeExcelSheet.excelWrite is PASSED

2018-12-11 16:49:35 - [MESSAGE][PASSED] - com.poi.writeExcelSheet.excelWrite is PASSED

2018-12-11 16:49:35 - [TEST_STEP][PASSED] - element_list = wa.getText(): null

2018-12-11 16:49:35 - [TEST_STEP][PASSED] - println(element_list): null

2018-12-11 16:49:35 - [TEST_STEP][PASSED] - com.poi.writeExcelSheet.excelWrite(element_list): com.poi.writeExcelSheet.excelWrite is PASSED

2018-12-11 16:49:35 - [MESSAGE][PASSED] - com.poi.writeExcelSheet.excelWrite is PASSED

2018-12-11 16:49:35 - [TEST_STEP][PASSED] - element_list = wa.getText(): null

2018-12-11 16:49:35 - [TEST_STEP][PASSED] - println(element_list): null

2018-12-11 16:49:35 - [TEST_STEP][PASSED] - com.poi.writeExcelSheet.excelWrite(element_list): com.poi.writeExcelSheet.excelWrite is PASSED

2018-12-11 16:49:35 - [MESSAGE][PASSED] - com.poi.writeExcelSheet.excelWrite is PASSED

2018-12-11 16:49:35 - [TEST_STEP][PASSED] - element_list = wa.getText(): null

2018-12-11 16:49:35 - [TEST_STEP][PASSED] - println(element_list): null

2018-12-11 16:49:35 - [TEST_STEP][PASSED] - com.poi.writeExcelSheet.excelWrite(element_list): com.poi.writeExcelSheet.excelWrite is PASSED

2018-12-11 16:49:35 - [MESSAGE][PASSED] - com.poi.writeExcelSheet.excelWrite is PASSED

2018-12-11 16:49:35 - [TEST_STEP][PASSED] - element_list = wa.getText(): null

2018-12-11 16:49:35 - [TEST_STEP][PASSED] - println(element_list): null

2018-12-11 16:49:35 - [TEST_STEP][PASSED] - com.poi.writeExcelSheet.excelWrite(element_list): com.poi.writeExcelSheet.excelWrite is PASSED

2018-12-11 16:49:35 - [MESSAGE][PASSED] - com.poi.writeExcelSheet.excelWrite is PASSED

2018-12-11 16:49:35 - [TEST_STEP][PASSED] - element_list = wa.getText(): null

2018-12-11 16:49:35 - [TEST_STEP][PASSED] - println(element_list): null

2018-12-11 16:49:35 - [TEST_STEP][PASSED] - com.poi.writeExcelSheet.excelWrite(element_list): com.poi.writeExcelSheet.excelWrite is PASSED

2018-12-11 16:49:35 - [MESSAGE][PASSED] - com.poi.writeExcelSheet.excelWrite is PASSED

2018-12-11 16:49:35 - [TEST_STEP][PASSED] - element_list = wa.getText(): null

2018-12-11 16:49:35 - [TEST_STEP][PASSED] - println(element_list): null

2018-12-11 16:49:35 - [TEST_STEP][PASSED] - com.poi.writeExcelSheet.excelWrite(element_list): com.poi.writeExcelSheet.excelWrite is PASSED

2018-12-11 16:49:35 - [MESSAGE][PASSED] - com.poi.writeExcelSheet.excelWrite is PASSED

2018-12-11 16:49:35 - [TEST_STEP][PASSED] - element_list = wa.getText(): null

2018-12-11 16:49:35 - [TEST_STEP][PASSED] - println(element_list): null

2018-12-11 16:49:35 - [TEST_STEP][PASSED] - com.poi.writeExcelSheet.excelWrite(element_list): com.poi.writeExcelSheet.excelWrite is PASSED

2018-12-11 16:49:35 - [MESSAGE][PASSED] - com.poi.writeExcelSheet.excelWrite is PASSED

2018-12-11 16:49:35 - [TEST_STEP][PASSED] - element_list = wa.getText(): null

2018-12-11 16:49:35 - [TEST_STEP][PASSED] - println(element_list): null

2018-12-11 16:49:35 - [TEST_STEP][PASSED] - com.poi.writeExcelSheet.excelWrite(element_list): com.poi.writeExcelSheet.excelWrite is PASSED

2018-12-11 16:49:36 - [MESSAGE][PASSED] - com.poi.writeExcelSheet.excelWrite is PASSED

2018-12-11 16:49:36 - [TEST_STEP][PASSED] - element_list = wa.getText(): null

2018-12-11 16:49:36 - [TEST_STEP][PASSED] - println(element_list): null

2018-12-11 16:49:36 - [TEST_STEP][PASSED] - com.poi.writeExcelSheet.excelWrite(element_list): com.poi.writeExcelSheet.excelWrite is PASSED

2018-12-11 16:49:36 - [MESSAGE][PASSED] - com.poi.writeExcelSheet.excelWrite is PASSED

2018-12-11 16:49:36 - [TEST_STEP][PASSED] - element_list = wa.getText(): null

2018-12-11 16:49:36 - [TEST_STEP][PASSED] - println(element_list): null

2018-12-11 16:49:36 - [TEST_STEP][PASSED] - com.poi.writeExcelSheet.excelWrite(element_list): com.poi.writeExcelSheet.excelWrite is PASSED

2018-12-11 16:49:36 - [MESSAGE][PASSED] - com.poi.writeExcelSheet.excelWrite is PASSED

2018-12-11 16:49:36 - [TEST_STEP][PASSED] - element_list = wa.getText(): null

2018-12-11 16:49:36 - [TEST_STEP][PASSED] - println(element_list): null

2018-12-11 16:49:36 - [TEST_STEP][PASSED] - com.poi.writeExcelSheet.excelWrite(element_list): com.poi.writeExcelSheet.excelWrite is PASSED

2018-12-11 16:49:36 - [MESSAGE][PASSED] - com.poi.writeExcelSheet.excelWrite is PASSED

2018-12-11 16:49:36 - [TEST_STEP][PASSED] - element_list = wa.getText(): null

2018-12-11 16:49:36 - [TEST_STEP][PASSED] - println(element_list): null

2018-12-11 16:49:36 - [TEST_STEP][PASSED] - com.poi.writeExcelSheet.excelWrite(element_list): com.poi.writeExcelSheet.excelWrite is PASSED

2018-12-11 16:49:36 - [MESSAGE][PASSED] - com.poi.writeExcelSheet.excelWrite is PASSED

2018-12-11 16:49:36 - [TEST_STEP][PASSED] - element_list = wa.getText(): null

2018-12-11 16:49:36 - [TEST_STEP][PASSED] - println(element_list): null

2018-12-11 16:49:36 - [TEST_STEP][PASSED] - com.poi.writeExcelSheet.excelWrite(element_list): com.poi.writeExcelSheet.excelWrite is PASSED

2018-12-11 16:49:36 - [MESSAGE][PASSED] - com.poi.writeExcelSheet.excelWrite is PASSED

2018-12-11 16:49:36 - [TEST_STEP][PASSED] - element_list = wa.getText(): null

2018-12-11 16:49:36 - [TEST_STEP][PASSED] - println(element_list): null

2018-12-11 16:49:36 - [TEST_STEP][PASSED] - com.poi.writeExcelSheet.excelWrite(element_list): com.poi.writeExcelSheet.excelWrite is PASSED

2018-12-11 16:49:36 - [MESSAGE][PASSED] - com.poi.writeExcelSheet.excelWrite is PASSED

2018-12-11 16:49:36 - [TEST_STEP][PASSED] - element_list = wa.getText(): null

2018-12-11 16:49:36 - [TEST_STEP][PASSED] - println(element_list): null

2018-12-11 16:49:36 - [TEST_STEP][PASSED] - com.poi.writeExcelSheet.excelWrite(element_list): com.poi.writeExcelSheet.excelWrite is PASSED

2018-12-11 16:49:36 - [MESSAGE][PASSED] - com.poi.writeExcelSheet.excelWrite is PASSED

2018-12-11 16:49:36 - [TEST_STEP][PASSED] - element_list = wa.getText(): null

2018-12-11 16:49:36 - [TEST_STEP][PASSED] - println(element_list): null

2018-12-11 16:49:36 - [TEST_STEP][PASSED] - com.poi.writeExcelSheet.excelWrite(element_list): com.poi.writeExcelSheet.excelWrite is PASSED

2018-12-11 16:49:36 - [MESSAGE][PASSED] - com.poi.writeExcelSheet.excelWrite is PASSED

2018-12-11 16:49:36 - [TEST_STEP][PASSED] - element_list = wa.getText(): null

2018-12-11 16:49:36 - [TEST_STEP][PASSED] - println(element_list): null

2018-12-11 16:49:36 - [TEST_STEP][PASSED] - com.poi.writeExcelSheet.excelWrite(element_list): com.poi.writeExcelSheet.excelWrite is PASSED

2018-12-11 16:49:36 - [MESSAGE][PASSED] - com.poi.writeExcelSheet.excelWrite is PASSED

2018-12-11 16:49:36 - [TEST_STEP][PASSED] - element_list = wa.getText(): null

2018-12-11 16:49:36 - [TEST_STEP][PASSED] - println(element_list): null

2018-12-11 16:49:36 - [TEST_STEP][PASSED] - com.poi.writeExcelSheet.excelWrite(element_list): com.poi.writeExcelSheet.excelWrite is PASSED

2018-12-11 16:49:36 - [MESSAGE][PASSED] - com.poi.writeExcelSheet.excelWrite is PASSED

2018-12-11 16:49:36 - [TEST_STEP][PASSED] - element_list = wa.getText(): null

2018-12-11 16:49:36 - [TEST_STEP][PASSED] - println(element_list): null

2018-12-11 16:49:36 - [TEST_STEP][PASSED] - com.poi.writeExcelSheet.excelWrite(element_list): com.poi.writeExcelSheet.excelWrite is PASSED

2018-12-11 16:49:36 - [MESSAGE][PASSED] - com.poi.writeExcelSheet.excelWrite is PASSED]]></system-out>
         <system-err><![CDATA[]]></system-err>
      </testcase>
      <testcase name="Test Cases/Nikita/Orange HRM/Excel_write_Demo" classname="Test Cases/Nikita/Orange HRM/Excel_write_Demo" status="PASSED">
         <system-out><![CDATA[2018-12-11 16:49:36 - [TEST_CASE][PASSED] - Test Cases/Nikita/Orange HRM/Excel_write_Demo: Test Cases/Nikita/Orange HRM/Excel_write_Demo

2018-12-11 16:49:37 - [TEST_STEP][PASSED] - com.poi.writeExcelSheet.excelWrite(): com.poi.writeExcelSheet.excelWrite is PASSED

2018-12-11 16:49:37 - [MESSAGE][PASSED] - com.poi.writeExcelSheet.excelWrite is PASSED

2018-12-11 16:49:37 - [TEST_STEP][PASSED] - println("Test passed"): null]]></system-out>
         <system-err><![CDATA[]]></system-err>
      </testcase>
      <system-out><![CDATA[2018-12-11 16:48:48 - [TEST_SUITE][PASSED] - Nikita: Test Cases/Nikita/Orange HRM/Excel_write_Demo]]></system-out>
      <system-err><![CDATA[]]></system-err>
   </testsuite>
</testsuites>
