<?xml version="1.0" encoding="UTF-8"?>
<testsuites name="grouping" time="14" tests="2" failures="0" errors="0">
   <testsuite name="grouping" tests="2" failures="0" errors="0" time="14" timestamp="2018-12-17 11:21:04" hostname="Agrawal_nkt - Nikita-AL.India.XoriantCorp.com" id="Test Suites/Akshata/grouping">
      <properties>
         <property name="deviceName" value=""/>
         <property name="devicePlatform" value=""/>
         <property name="logFolder" value="C:\\Users\\agrawal_nkt\\git\\KatalonDemo\\Reports\\Akshata\\grouping\\20181217_111728"/>
         <property name="logFiles" value="C:\\Users\\agrawal_nkt\\git\\KatalonDemo\\Reports\\Akshata\\grouping\\20181217_111728\\execution0.log"/>
         <property name="attachments" value=""/>
         <property name="hostName" value="Agrawal_nkt - Nikita-AL.India.XoriantCorp.com"/>
         <property name="os" value="Windows 10 64bit"/>
         <property name="katalonVersion" value="5.9.1.2"/>
         <property name="browser" value="Chrome 70.0.3538.110"/>
         <property name="hostAddress" value="10.20.2.227"/>
         <property name="sessionId" value="534a9068fca222ba150c82112b3fdb8f"/>
         <property name="seleniumVersion" value="3.7.1"/>
         <property name="proxyInformation" value="ProxyInformation{proxyOption=NO_PROXY, proxyServerType=HTTP, password=, proxyServerAddress=, proxyServerPort=0}"/>
         <property name="platform" value="Windows 10"/>
      </properties>
      <testcase name="Test Cases/Akshata/TC4 - grouping" classname="Test Cases/Akshata/TC4 - grouping" status="PASSED">
         <system-out><![CDATA[2018-12-17 11:21:05 - [TEST_CASE][PASSED] - Test Cases/Akshata/TC4 - grouping: Test Cases/Akshata/TC4 - grouping

2018-12-17 11:21:05 - [TEST_STEP][PASSED] - Start listener action : sampleBeforeTestCase: null

2018-12-17 11:21:05 - [TEST_STEP][PASSED] - println(testCaseContext.getTestCaseId()): null

2018-12-17 11:21:05 - [TEST_STEP][PASSED] - println(testCaseContext.getTestCaseVariables()): null

2018-12-17 11:21:05 - [TEST_STEP][PASSED] - println(testCaseContext.getMessage()): null

2018-12-17 11:21:05 - [TEST_STEP][PASSED] - Start listener action : sampleBeforeTestCase: null

2018-12-17 11:21:05 - [TEST_STEP][PASSED] - println(testCaseContext.getTestCaseId()): null

2018-12-17 11:21:05 - [TEST_STEP][PASSED] - println(testCaseContext.getTestCaseVariables()): null

2018-12-17 11:21:05 - [TEST_STEP][PASSED] - title = callTestCase(findTestCase("Akshata/TC5 - grouping"), [:], CONTINUE_ON_FAILURE): Call Test Case 'Test Cases/Akshata/TC5 - grouping' successfully

2018-12-17 11:21:06 - [TEST_CASE][PASSED] - Test Cases/Akshata/TC5 - grouping: Test Cases/Akshata/TC5 - grouping

2018-12-17 11:21:06 - [TEST_STEP][PASSED] - openBrowser("https://www.google.co.in/"): Browser is opened with url: 'https://www.google.co.in/'

2018-12-17 11:21:07 - [MESSAGE][INFO] - Starting 'Chrome' driver

2018-12-17 11:21:07 - [MESSAGE][INFO] - Action delay is set to 0 seconds

2018-12-17 11:21:13 - [MESSAGE][PASSED] - Browser is opened with url: 'https://www.google.co.in/'

2018-12-17 11:21:13 - [TEST_STEP][PASSED] - title = getWindowTitle(): Current window's title is: 'Google'

2018-12-17 11:21:13 - [MESSAGE][PASSED] - Current window's title is: 'Google'

2018-12-17 11:21:13 - [MESSAGE][PASSED] - Call Test Case 'Test Cases/Akshata/TC5 - grouping' successfully

2018-12-17 11:21:13 - [TEST_STEP][PASSED] - println(title): null

2018-12-17 11:21:13 - [TEST_STEP][PASSED] - Start listener action : sampleAfterTestCase: null

2018-12-17 11:21:13 - [TEST_STEP][PASSED] - println(testCaseContext.getTestCaseId()): null

2018-12-17 11:21:13 - [TEST_STEP][PASSED] - println(testCaseContext.getTestCaseStatus()): null

2018-12-17 11:21:13 - [TEST_STEP][PASSED] - println(testCaseContext.getMessage()): null

2018-12-17 11:21:13 - [TEST_STEP][PASSED] - Start listener action : sampleAfterTestCase: null

2018-12-17 11:21:13 - [TEST_STEP][PASSED] - println(testCaseContext.getTestCaseId()): null

2018-12-17 11:21:13 - [TEST_STEP][PASSED] - println(testCaseContext.getTestCaseStatus()): null]]></system-out>
         <system-err><![CDATA[]]></system-err>
      </testcase>
      <testcase name="Test Cases/Akshata/TC5 - grouping" classname="Test Cases/Akshata/TC5 - grouping" status="PASSED">
         <system-out><![CDATA[2018-12-17 11:21:13 - [TEST_CASE][PASSED] - Test Cases/Akshata/TC5 - grouping: Test Cases/Akshata/TC5 - grouping

2018-12-17 11:21:13 - [TEST_STEP][PASSED] - Start listener action : sampleBeforeTestCase: null

2018-12-17 11:21:13 - [TEST_STEP][PASSED] - println(testCaseContext.getTestCaseId()): null

2018-12-17 11:21:13 - [TEST_STEP][PASSED] - println(testCaseContext.getTestCaseVariables()): null

2018-12-17 11:21:13 - [TEST_STEP][PASSED] - println(testCaseContext.getMessage()): null

2018-12-17 11:21:13 - [TEST_STEP][PASSED] - Start listener action : sampleBeforeTestCase: null

2018-12-17 11:21:13 - [TEST_STEP][PASSED] - println(testCaseContext.getTestCaseId()): null

2018-12-17 11:21:13 - [TEST_STEP][PASSED] - println(testCaseContext.getTestCaseVariables()): null

2018-12-17 11:21:13 - [TEST_STEP][PASSED] - openBrowser("https://www.google.co.in/"): Browser is opened with url: 'https://www.google.co.in/'

2018-12-17 11:21:13 - [MESSAGE][WARNING] - A browser is already opened. Closing browser and opening a new one

2018-12-17 11:21:14 - [MESSAGE][INFO] - Starting 'Chrome' driver

2018-12-17 11:21:18 - [MESSAGE][PASSED] - Browser is opened with url: 'https://www.google.co.in/'

2018-12-17 11:21:18 - [TEST_STEP][PASSED] - title = getWindowTitle(): Current window's title is: 'Google'

2018-12-17 11:21:18 - [MESSAGE][PASSED] - Current window's title is: 'Google'

2018-12-17 11:21:18 - [TEST_STEP][PASSED] - Start listener action : sampleAfterTestCase: null

2018-12-17 11:21:18 - [TEST_STEP][PASSED] - println(testCaseContext.getTestCaseId()): null

2018-12-17 11:21:18 - [TEST_STEP][PASSED] - println(testCaseContext.getTestCaseStatus()): null

2018-12-17 11:21:18 - [TEST_STEP][PASSED] - println(testCaseContext.getMessage()): null

2018-12-17 11:21:18 - [TEST_STEP][PASSED] - Start listener action : sampleAfterTestCase: null

2018-12-17 11:21:18 - [TEST_STEP][PASSED] - println(testCaseContext.getTestCaseId()): null

2018-12-17 11:21:18 - [TEST_STEP][PASSED] - println(testCaseContext.getTestCaseStatus()): null]]></system-out>
         <system-err><![CDATA[]]></system-err>
      </testcase>
      <system-out><![CDATA[2018-12-17 11:21:04 - [TEST_SUITE][PASSED] - grouping: Test Cases/Akshata/TC5 - grouping]]></system-out>
      <system-err><![CDATA[]]></system-err>
   </testsuite>
</testsuites>
