<?xml version="1.0" encoding="UTF-8"?>
<testsuites name="TestSuite_2" time="78" tests="3" failures="0" errors="0">
   <testsuite name="TestSuite_2" tests="3" failures="0" errors="0" time="78" timestamp="2018-12-12 15:49:53" hostname="Gupta_shr - Shrutika-GT.India.XoriantCorp.com" id="Test Suites/Shrutika/TestSuite_2">
      <properties>
         <property name="deviceName" value=""/>
         <property name="devicePlatform" value=""/>
         <property name="logFolder" value="C:\\Users\\gupta_shr\\git\\KatalonDemo\\Reports\\Shrutika\\TestSuite_2\\20181212_154840"/>
         <property name="logFiles" value="C:\\Users\\gupta_shr\\git\\KatalonDemo\\Reports\\Shrutika\\TestSuite_2\\20181212_154840\\execution0.log"/>
         <property name="attachments" value="C:\\Users\\gupta_shr\\git\\KatalonDemo\\Reports\\Shrutika\\TestSuite_2\\20181212_154840\\D://Shrutika Stuff//KetalonDemo//class Script1544605689611.png"/>
         <property name="hostName" value="Gupta_shr - Shrutika-GT.India.XoriantCorp.com"/>
         <property name="os" value="Windows 10 64bit"/>
         <property name="katalonVersion" value="5.9.1.2"/>
         <property name="browser" value="Chrome 71.0.3578.80"/>
         <property name="hostAddress" value="10.20.3.151"/>
         <property name="sessionId" value="b2abe8612c6e9ed9c221fb589901b7bb"/>
         <property name="seleniumVersion" value="3.7.1"/>
         <property name="proxyInformation" value="ProxyInformation{proxyOption=NO_PROXY, proxyServerType=HTTP, password=, proxyServerAddress=, proxyServerPort=0}"/>
         <property name="platform" value="Windows 10"/>
      </properties>
      <testcase name="Test Cases/Shrutika/IFrame Test Case" classname="Test Cases/Shrutika/IFrame Test Case" status="PASSED">
         <system-out><![CDATA[2018-12-12 15:49:53 - [TEST_CASE][PASSED] - Test Cases/Shrutika/IFrame Test Case: Test Cases/Shrutika/IFrame Test Case

2018-12-12 15:49:53 - [TEST_STEP][PASSED] - Start listener action : sampleBeforeTestCase: null

2018-12-12 15:49:53 - [TEST_STEP][PASSED] - println(testCaseContext.getTestCaseId()): null

2018-12-12 15:49:54 - [TEST_STEP][PASSED] - println(testCaseContext.getTestCaseVariables()): null

2018-12-12 15:49:54 - [TEST_STEP][PASSED] - println(testCaseContext.getMessage()): null

2018-12-12 15:49:54 - [TEST_STEP][PASSED] - Start listener action : sampleBeforeTestCase: null

2018-12-12 15:49:54 - [TEST_STEP][PASSED] - println(testCaseContext.getTestCaseId()): null

2018-12-12 15:49:54 - [TEST_STEP][PASSED] - println(testCaseContext.getTestCaseVariables()): null

2018-12-12 15:49:54 - [TEST_STEP][PASSED] - openBrowser("http://toolsqa.com/iframe-practice-page/"): Browser is opened with url: 'http://toolsqa.com/iframe-practice-page/'

2018-12-12 15:49:54 - [MESSAGE][INFO] - Starting 'Chrome' driver

2018-12-12 15:49:54 - [MESSAGE][INFO] - Action delay is set to 0 seconds

2018-12-12 15:50:12 - [MESSAGE][PASSED] - Browser is opened with url: 'http://toolsqa.com/iframe-practice-page/'

2018-12-12 15:50:12 - [TEST_STEP][PASSED] - maximizeWindow(): Current window maximized

2018-12-12 15:50:13 - [MESSAGE][PASSED] - Current window maximized

2018-12-12 15:50:13 - [TEST_STEP][PASSED] - scrollToElement(findTestObject("Shrutika/Page_TOOLSQA  Free QA Automation To/iframe_1"), 1): Scroll to object 'Object Repository/Shrutika/Page_TOOLSQA  Free QA Automation To/iframe_1' successfully

2018-12-12 15:50:13 - [MESSAGE][PASSED] - Scroll to object 'Object Repository/Shrutika/Page_TOOLSQA  Free QA Automation To/iframe_1' successfully

2018-12-12 15:50:13 - [TEST_STEP][PASSED] - switchToFrame(findTestObject("Shrutika/Page_TOOLSQA  Free QA Automation To/iframe_1"), 2): null

2018-12-12 15:50:14 - [TEST_STEP][PASSED] - if (!(verifyElementPresent(findTestObject("Shrutika/Page_TOOLSQA  Free QA Automation To/input_First name_firstname"), 1))): Object 'Object Repository/Shrutika/Page_TOOLSQA  Free QA Automation To/input_First name_firstname' is present

2018-12-12 15:50:14 - [MESSAGE][PASSED] - Object 'Object Repository/Shrutika/Page_TOOLSQA  Free QA Automation To/input_First name_firstname' is present

2018-12-12 15:50:14 - [TEST_STEP][PASSED] - scrollToElement(findTestObject("Shrutika/Page_TOOLSQA  Free QA Automation To/input_First name_firstname"), 1): Scroll to object 'Object Repository/Shrutika/Page_TOOLSQA  Free QA Automation To/input_First name_firstname' successfully

2018-12-12 15:50:14 - [MESSAGE][PASSED] - Scroll to object 'Object Repository/Shrutika/Page_TOOLSQA  Free QA Automation To/input_First name_firstname' successfully

2018-12-12 15:50:14 - [TEST_STEP][PASSED] - setText(findTestObject("Shrutika/Page_TOOLSQA  Free QA Automation To/input_First name_firstname"), "Shrutika"): Text 'Shrutika' is set on object 'Object Repository/Shrutika/Page_TOOLSQA  Free QA Automation To/input_First name_firstname'

2018-12-12 15:50:14 - [MESSAGE][PASSED] - Text 'Shrutika' is set on object 'Object Repository/Shrutika/Page_TOOLSQA  Free QA Automation To/input_First name_firstname'

2018-12-12 15:50:14 - [TEST_STEP][PASSED] - scrollToElement(findTestObject("Shrutika/Page_TOOLSQA  Free QA Automation To/input_Last name_lastname"), 1): Scroll to object 'Object Repository/Shrutika/Page_TOOLSQA  Free QA Automation To/input_Last name_lastname' successfully

2018-12-12 15:50:14 - [MESSAGE][PASSED] - Scroll to object 'Object Repository/Shrutika/Page_TOOLSQA  Free QA Automation To/input_Last name_lastname' successfully

2018-12-12 15:50:14 - [TEST_STEP][PASSED] - setText(findTestObject("Shrutika/Page_TOOLSQA  Free QA Automation To/input_Last name_lastname"), "Gupta"): Text 'Gupta' is set on object 'Object Repository/Shrutika/Page_TOOLSQA  Free QA Automation To/input_Last name_lastname'

2018-12-12 15:50:14 - [MESSAGE][PASSED] - Text 'Gupta' is set on object 'Object Repository/Shrutika/Page_TOOLSQA  Free QA Automation To/input_Last name_lastname'

2018-12-12 15:50:14 - [TEST_STEP][PASSED] - takeScreenshot("D://Shrutika Stuff//KetalonDemo//" + getClass() + ".png"): Taking screenshot successfully

2018-12-12 15:50:15 - [MESSAGE][PASSED] - Taking screenshot successfully
[[ATTACHMENT|C:\\Users\\gupta_shr\\git\\KatalonDemo\\Reports\\Shrutika\\TestSuite_2\\20181212_154840\\D://Shrutika Stuff//KetalonDemo//class Script1544605689611.png]]

2018-12-12 15:50:15 - [TEST_STEP][PASSED] - delay(5): Delayed 5 second(s)

2018-12-12 15:50:20 - [MESSAGE][PASSED] - Delayed 5 second(s)

2018-12-12 15:50:20 - [TEST_STEP][PASSED] - switchToDefaultContent(): null

2018-12-12 15:50:20 - [TEST_STEP][PASSED] - delay(5): Delayed 5 second(s)

2018-12-12 15:50:25 - [MESSAGE][PASSED] - Delayed 5 second(s)

2018-12-12 15:50:25 - [TEST_STEP][PASSED] - switchToFrame(findTestObject("Shrutika/Page_TOOLSQA  Free QA Automation To/iframe_2"), 1): null

2018-12-12 15:50:25 - [TEST_STEP][PASSED] - println(getText(findTestObject("Shrutika/Page_TOOLSQA  Free QA Automation To/h2_Hello world"))): Text of object 'Object Repository/Shrutika/Page_TOOLSQA  Free QA Automation To/h2_Hello world' is: 'Hello world!'

2018-12-12 15:50:25 - [MESSAGE][PASSED] - Text of object 'Object Repository/Shrutika/Page_TOOLSQA  Free QA Automation To/h2_Hello world' is: 'Hello world!'

2018-12-12 15:50:25 - [TEST_STEP][PASSED] - closeBrowser(): Browser is closed

2018-12-12 15:50:26 - [MESSAGE][PASSED] - Browser is closed

2018-12-12 15:50:26 - [TEST_STEP][PASSED] - Start listener action : sampleAfterTestCase: null

2018-12-12 15:50:26 - [TEST_STEP][PASSED] - println(testCaseContext.getTestCaseId()): null

2018-12-12 15:50:26 - [TEST_STEP][PASSED] - println(testCaseContext.getTestCaseStatus()): null

2018-12-12 15:50:26 - [TEST_STEP][PASSED] - println(testCaseContext.getMessage()): null

2018-12-12 15:50:26 - [TEST_STEP][PASSED] - Start listener action : sampleAfterTestCase: null

2018-12-12 15:50:26 - [TEST_STEP][PASSED] - println(testCaseContext.getTestCaseId()): null

2018-12-12 15:50:26 - [TEST_STEP][PASSED] - println(testCaseContext.getTestCaseStatus()): null]]></system-out>
         <system-err><![CDATA[]]></system-err>
      </testcase>
      <testcase name="Test Cases/Shrutika/PopUp/AlertPopUp Test Case" classname="Test Cases/Shrutika/PopUp/AlertPopUp Test Case" status="PASSED">
         <system-out><![CDATA[2018-12-12 15:50:26 - [TEST_CASE][PASSED] - Test Cases/Shrutika/PopUp/AlertPopUp Test Case: Test Cases/Shrutika/PopUp/AlertPopUp Test Case

2018-12-12 15:50:26 - [TEST_STEP][PASSED] - Start listener action : sampleBeforeTestCase: null

2018-12-12 15:50:26 - [TEST_STEP][PASSED] - println(testCaseContext.getTestCaseId()): null

2018-12-12 15:50:26 - [TEST_STEP][PASSED] - println(testCaseContext.getTestCaseVariables()): null

2018-12-12 15:50:26 - [TEST_STEP][PASSED] - println(testCaseContext.getMessage()): null

2018-12-12 15:50:26 - [TEST_STEP][PASSED] - Start listener action : sampleBeforeTestCase: null

2018-12-12 15:50:26 - [TEST_STEP][PASSED] - println(testCaseContext.getTestCaseId()): null

2018-12-12 15:50:26 - [TEST_STEP][PASSED] - println(testCaseContext.getTestCaseVariables()): null

2018-12-12 15:50:26 - [TEST_STEP][PASSED] - openBrowser("http://toolsqa.com/handling-alerts-using-selenium-webdriver/"): Browser is opened with url: 'http://toolsqa.com/handling-alerts-using-selenium-webdriver/'

2018-12-12 15:50:26 - [MESSAGE][INFO] - Starting 'Chrome' driver

2018-12-12 15:50:43 - [MESSAGE][PASSED] - Browser is opened with url: 'http://toolsqa.com/handling-alerts-using-selenium-webdriver/'

2018-12-12 15:50:43 - [TEST_STEP][PASSED] - maximizeWindow(): Current window maximized

2018-12-12 15:50:44 - [MESSAGE][PASSED] - Current window maximized

2018-12-12 15:50:44 - [TEST_STEP][PASSED] - delay(1): Delayed 1 second(s)

2018-12-12 15:50:45 - [MESSAGE][PASSED] - Delayed 1 second(s)

2018-12-12 15:50:45 - [TEST_STEP][PASSED] - scrollToElement(findTestObject("Shrutika/Page_TOOLSQA  Free QA Automation To/Simple Alert Pop up text"), 2): Scroll to object 'Object Repository/Shrutika/Page_TOOLSQA  Free QA Automation To/Simple Alert Pop up text' successfully

2018-12-12 15:50:45 - [MESSAGE][PASSED] - Scroll to object 'Object Repository/Shrutika/Page_TOOLSQA  Free QA Automation To/Simple Alert Pop up text' successfully

2018-12-12 15:50:45 - [TEST_STEP][PASSED] - click(findTestObject("Shrutika/Page_TOOLSQA  Free QA Automation To/button_Simple Alert")): Object: 'Object Repository/Shrutika/Page_TOOLSQA  Free QA Automation To/button_Simple Alert' is clicked on

2018-12-12 15:50:46 - [MESSAGE][PASSED] - Object: 'Object Repository/Shrutika/Page_TOOLSQA  Free QA Automation To/button_Simple Alert' is clicked on

2018-12-12 15:50:46 - [TEST_STEP][PASSED] - delay(1): Delayed 1 second(s)

2018-12-12 15:50:47 - [MESSAGE][PASSED] - Delayed 1 second(s)

2018-12-12 15:50:47 - [TEST_STEP][PASSED] - if (waitForAlert(5)): No alert found after 5 second(s).

2018-12-12 15:50:52 - [MESSAGE][WARNING] - No alert found after 5 second(s).

2018-12-12 15:50:52 - [TEST_STEP][PASSED] - delay(1): Delayed 1 second(s)

2018-12-12 15:50:53 - [MESSAGE][PASSED] - Delayed 1 second(s)

2018-12-12 15:50:53 - [TEST_STEP][PASSED] - switchToDefaultContent(): null

2018-12-12 15:50:53 - [TEST_STEP][PASSED] - click(findTestObject("Shrutika/Page_TOOLSQA  Free QA Automation To/button_Confirm Pop up")): Object: 'Object Repository/Shrutika/Page_TOOLSQA  Free QA Automation To/button_Confirm Pop up' is clicked on

2018-12-12 15:50:53 - [MESSAGE][PASSED] - Object: 'Object Repository/Shrutika/Page_TOOLSQA  Free QA Automation To/button_Confirm Pop up' is clicked on

2018-12-12 15:50:53 - [TEST_STEP][PASSED] - delay(1): Delayed 1 second(s)

2018-12-12 15:50:54 - [MESSAGE][PASSED] - Delayed 1 second(s)

2018-12-12 15:50:54 - [TEST_STEP][PASSED] - if (waitForAlert(2)): Alert dismissed

2018-12-12 15:50:54 - [MESSAGE][PASSED] - Alert is present after 2 second(s).

2018-12-12 15:50:54 - [TEST_STEP][PASSED] - switchToWindowIndex(0): Switched to window with index: '0'

2018-12-12 15:50:54 - [MESSAGE][PASSED] - Switched to window with index: '0'

2018-12-12 15:50:54 - [TEST_STEP][PASSED] - dismissAlert(): Alert dismissed

2018-12-12 15:50:54 - [MESSAGE][PASSED] - Alert dismissed

2018-12-12 15:50:54 - [TEST_STEP][PASSED] - delay(2): Delayed 2 second(s)

2018-12-12 15:50:56 - [MESSAGE][PASSED] - Delayed 2 second(s)

2018-12-12 15:50:56 - [TEST_STEP][PASSED] - switchToDefaultContent(): null

2018-12-12 15:50:56 - [TEST_STEP][PASSED] - click(findTestObject("Shrutika/Page_TOOLSQA  Free QA Automation To/button_Prompt Pop up")): Object: 'Object Repository/Shrutika/Page_TOOLSQA  Free QA Automation To/button_Prompt Pop up' is clicked on

2018-12-12 15:50:56 - [MESSAGE][PASSED] - Object: 'Object Repository/Shrutika/Page_TOOLSQA  Free QA Automation To/button_Prompt Pop up' is clicked on

2018-12-12 15:50:56 - [TEST_STEP][PASSED] - delay(2): Delayed 2 second(s)

2018-12-12 15:50:58 - [MESSAGE][PASSED] - Delayed 2 second(s)

2018-12-12 15:50:58 - [TEST_STEP][PASSED] - if (waitForAlert(5)): Alert accepted

2018-12-12 15:50:58 - [MESSAGE][PASSED] - Alert is present after 5 second(s).

2018-12-12 15:50:58 - [TEST_STEP][PASSED] - switchToWindowIndex(0): Switched to window with index: '0'

2018-12-12 15:50:58 - [MESSAGE][PASSED] - Switched to window with index: '0'

2018-12-12 15:50:58 - [TEST_STEP][PASSED] - println(getAlertText()): Get alert text successfully: 'Do you like toolsqa?'

2018-12-12 15:50:58 - [MESSAGE][PASSED] - Get alert text successfully: 'Do you like toolsqa?'

2018-12-12 15:50:58 - [TEST_STEP][PASSED] - delay(2): Delayed 2 second(s)

2018-12-12 15:51:00 - [MESSAGE][PASSED] - Delayed 2 second(s)

2018-12-12 15:51:00 - [TEST_STEP][PASSED] - acceptAlert(): Alert accepted

2018-12-12 15:51:01 - [MESSAGE][PASSED] - Alert accepted

2018-12-12 15:51:01 - [TEST_STEP][PASSED] - switchToDefaultContent(): null

2018-12-12 15:51:01 - [TEST_STEP][PASSED] - closeBrowser(): Browser is closed

2018-12-12 15:51:01 - [MESSAGE][PASSED] - Browser is closed

2018-12-12 15:51:01 - [TEST_STEP][PASSED] - Start listener action : sampleAfterTestCase: null

2018-12-12 15:51:01 - [TEST_STEP][PASSED] - println(testCaseContext.getTestCaseId()): null

2018-12-12 15:51:01 - [TEST_STEP][PASSED] - println(testCaseContext.getTestCaseStatus()): null

2018-12-12 15:51:01 - [TEST_STEP][PASSED] - println(testCaseContext.getMessage()): null

2018-12-12 15:51:01 - [TEST_STEP][PASSED] - Start listener action : sampleAfterTestCase: null

2018-12-12 15:51:01 - [TEST_STEP][PASSED] - println(testCaseContext.getTestCaseId()): null

2018-12-12 15:51:01 - [TEST_STEP][PASSED] - println(testCaseContext.getTestCaseStatus()): null]]></system-out>
         <system-err><![CDATA[]]></system-err>
      </testcase>
      <testcase name="Test Cases/Shrutika/PopUp/AlertWindowPopUp Test Case" classname="Test Cases/Shrutika/PopUp/AlertWindowPopUp Test Case" status="PASSED">
         <system-out><![CDATA[2018-12-12 15:51:01 - [TEST_CASE][PASSED] - Test Cases/Shrutika/PopUp/AlertWindowPopUp Test Case: Test Cases/Shrutika/PopUp/AlertWindowPopUp Test Case

2018-12-12 15:51:01 - [TEST_STEP][PASSED] - Start listener action : sampleBeforeTestCase: null

2018-12-12 15:51:01 - [TEST_STEP][PASSED] - println(testCaseContext.getTestCaseId()): null

2018-12-12 15:51:01 - [TEST_STEP][PASSED] - println(testCaseContext.getTestCaseVariables()): null

2018-12-12 15:51:01 - [TEST_STEP][PASSED] - println(testCaseContext.getMessage()): null

2018-12-12 15:51:01 - [TEST_STEP][PASSED] - Start listener action : sampleBeforeTestCase: null

2018-12-12 15:51:01 - [TEST_STEP][PASSED] - println(testCaseContext.getTestCaseId()): null

2018-12-12 15:51:01 - [TEST_STEP][PASSED] - println(testCaseContext.getTestCaseVariables()): null

2018-12-12 15:51:02 - [TEST_STEP][PASSED] - openBrowser("https://www.elated.com/articles/javascript-tabs/"): Browser is opened with url: 'https://www.elated.com/articles/javascript-tabs/'

2018-12-12 15:51:02 - [MESSAGE][INFO] - Starting 'Chrome' driver

2018-12-12 15:51:07 - [MESSAGE][PASSED] - Browser is opened with url: 'https://www.elated.com/articles/javascript-tabs/'

2018-12-12 15:51:07 - [TEST_STEP][PASSED] - maximizeWindow(): Current window maximized

2018-12-12 15:51:09 - [MESSAGE][PASSED] - Current window maximized

2018-12-12 15:51:09 - [TEST_STEP][PASSED] - switchToFrame(findTestObject("Object Repository/Shrutika/Page_JavaScript Tabs - Create Tabbe/iframe_The Document Object Mod"), 2): null

2018-12-12 15:51:09 - [TEST_STEP][PASSED] - click(findTestObject("Object Repository/Shrutika/Page_JavaScript Tabs - Create Tabbe/div_id(katalon-spy_elementInfo")): Object: 'Object Repository/Shrutika/Page_JavaScript Tabs - Create Tabbe/div_id(katalon-spy_elementInfo' is clicked on

2018-12-12 15:51:09 - [MESSAGE][PASSED] - Object: 'Object Repository/Shrutika/Page_JavaScript Tabs - Create Tabbe/div_id(katalon-spy_elementInfo' is clicked on

2018-12-12 15:51:09 - [TEST_STEP][PASSED] - switchToWindowTitle("Share a link on Twitter"): Switched to window with title: 'Share a link on Twitter'

2018-12-12 15:51:10 - [MESSAGE][PASSED] - Switched to window with title: 'Share a link on Twitter'

2018-12-12 15:51:10 - [TEST_STEP][PASSED] - setText(findTestObject("Object Repository/Shrutika/Page_Share a link on Twitter/input_Phone email or username_"), "Abc"): Text 'Abc' is set on object 'Object Repository/Shrutika/Page_Share a link on Twitter/input_Phone email or username_'

2018-12-12 15:51:10 - [MESSAGE][PASSED] - Text 'Abc' is set on object 'Object Repository/Shrutika/Page_Share a link on Twitter/input_Phone email or username_'

2018-12-12 15:51:10 - [TEST_STEP][PASSED] - setText(findTestObject("Object Repository/Shrutika/Page_Share a link on Twitter/input_Password_sessionpassword"), "Password"): Text 'Password' is set on object 'Object Repository/Shrutika/Page_Share a link on Twitter/input_Password_sessionpassword'

2018-12-12 15:51:10 - [MESSAGE][PASSED] - Text 'Password' is set on object 'Object Repository/Shrutika/Page_Share a link on Twitter/input_Password_sessionpassword'

2018-12-12 15:51:10 - [TEST_STEP][PASSED] - verifyTextPresent("Share a link with your followers", false): Text 'Share a link with your followers' is present on page 

2018-12-12 15:51:11 - [MESSAGE][PASSED] - Text 'Share a link with your followers' is present on page 

2018-12-12 15:51:11 - [TEST_STEP][PASSED] - closeBrowser(): Browser is closed

2018-12-12 15:51:11 - [MESSAGE][PASSED] - Browser is closed

2018-12-12 15:51:11 - [TEST_STEP][PASSED] - Start listener action : sampleAfterTestCase: null

2018-12-12 15:51:11 - [TEST_STEP][PASSED] - println(testCaseContext.getTestCaseId()): null

2018-12-12 15:51:11 - [TEST_STEP][PASSED] - println(testCaseContext.getTestCaseStatus()): null

2018-12-12 15:51:11 - [TEST_STEP][PASSED] - println(testCaseContext.getMessage()): null

2018-12-12 15:51:11 - [TEST_STEP][PASSED] - Start listener action : sampleAfterTestCase: null

2018-12-12 15:51:11 - [TEST_STEP][PASSED] - println(testCaseContext.getTestCaseId()): null

2018-12-12 15:51:11 - [TEST_STEP][PASSED] - println(testCaseContext.getTestCaseStatus()): null]]></system-out>
         <system-err><![CDATA[]]></system-err>
      </testcase>
      <system-out><![CDATA[2018-12-12 15:49:53 - [TEST_SUITE][PASSED] - TestSuite_2: Test Cases/Shrutika/PopUp/AlertWindowPopUp Test Case]]></system-out>
      <system-err><![CDATA[]]></system-err>
   </testsuite>
</testsuites>
