<?xml version="1.0" encoding="UTF-8"?>
<testsuites name="TestSuite1" time="91" tests="1" failures="0" errors="0">
   <testsuite name="TestSuite1" tests="1" failures="0" errors="0" time="91" timestamp="2018-12-17 14:35:33" hostname="Gupta_shr - Shrutika-GT.India.XoriantCorp.com" id="Test Suites/Bhawna/TestSuite1">
      <properties>
         <property name="deviceName" value=""/>
         <property name="devicePlatform" value=""/>
         <property name="logFolder" value="C:\\Users\\gupta_shr\\git\\KatalonDemo\\Reports\\Bhawna\\TestSuite1\\20181217_143523"/>
         <property name="logFiles" value="C:\\Users\\gupta_shr\\git\\KatalonDemo\\Reports\\Bhawna\\TestSuite1\\20181217_143523\\execution0.log"/>
         <property name="attachments" value="C:\\Users\\gupta_shr\\git\\KatalonDemo\\Snapshots\\MainPage.PNG"/>
         <property name="hostName" value="Gupta_shr - Shrutika-GT.India.XoriantCorp.com"/>
         <property name="os" value="Windows 10 64bit"/>
         <property name="katalonVersion" value="5.9.1.2"/>
         <property name="browser" value="Firefox 64.0"/>
         <property name="hostAddress" value="10.20.3.151"/>
         <property name="sessionId" value="379fce3e-51e4-4b6d-be42-68105e5dff9f"/>
         <property name="seleniumVersion" value="3.7.1"/>
         <property name="proxyInformation" value="ProxyInformation{proxyOption=NO_PROXY, proxyServerType=HTTP, password=, proxyServerAddress=, proxyServerPort=0}"/>
         <property name="platform" value="Windows 10"/>
      </properties>
      <testcase name="Test Cases/Bhawna/TC_MouseHoverAndScreenshot" classname="Test Cases/Bhawna/TC_MouseHoverAndScreenshot" status="PASSED">
         <system-out><![CDATA[2018-12-17 14:35:37 - [TEST_CASE][PASSED] - Test Cases/Bhawna/TC_MouseHoverAndScreenshot: Test Cases/Bhawna/TC_MouseHoverAndScreenshot

2018-12-17 14:35:38 - [TEST_STEP][PASSED] - Start listener action : sampleBeforeTestCase: null

2018-12-17 14:35:38 - [TEST_STEP][PASSED] - println("This section belongs to @BeforeTestCase"): null

2018-12-17 14:35:38 - [TEST_STEP][PASSED] - println("***************************************************************"): null

2018-12-17 14:35:38 - [TEST_STEP][PASSED] - println(testCaseContext.getTestCaseId()): null

2018-12-17 14:35:38 - [TEST_STEP][PASSED] - println("***************************************************************"): null

2018-12-17 14:35:39 - [TEST_STEP][PASSED] - openBrowser(Url): Browser is opened with url: 'https://siteorigin.com/'

2018-12-17 14:35:40 - [MESSAGE][INFO] - Starting 'Firefox' driver

2018-12-17 14:35:41 - [MESSAGE][INFO] - Action delay is set to 0 seconds

2018-12-17 14:36:54 - [MESSAGE][PASSED] - Browser is opened with url: 'https://siteorigin.com/'

2018-12-17 14:36:54 - [TEST_STEP][PASSED] - maximizeWindow(): Current window maximized

2018-12-17 14:36:58 - [MESSAGE][PASSED] - Current window maximized

2018-12-17 14:36:58 - [TEST_STEP][PASSED] - if (verifyElementVisible(findTestObject("Object Repository/Page_SiteOrigin - Free WordPress Th/a_Plugins"))): Object: 'Object Repository/Page_SiteOrigin - Free WordPress Th/a_Plugins' is hovered

2018-12-17 14:36:58 - [MESSAGE][PASSED] - Object 'Object Repository/Page_SiteOrigin - Free WordPress Th/a_Plugins' is visible

2018-12-17 14:36:58 - [TEST_STEP][PASSED] - mouseOver(findTestObject("Object Repository/Page_SiteOrigin - Free WordPress Th/a_Plugins")): Object: 'Object Repository/Page_SiteOrigin - Free WordPress Th/a_Plugins' is hovered

2018-12-17 14:36:58 - [MESSAGE][PASSED] - Object: 'Object Repository/Page_SiteOrigin - Free WordPress Th/a_Plugins' is hovered

2018-12-17 14:36:58 - [TEST_STEP][PASSED] - delay(3): Delayed 3 second(s)

2018-12-17 14:37:01 - [MESSAGE][PASSED] - Delayed 3 second(s)

2018-12-17 14:37:01 - [TEST_STEP][PASSED] - com.util.TakeScreenshot.takeScreenshotOfWebPage(filename): com.util.TakeScreenshot.takeScreenshotOfWebPage is PASSED

2018-12-17 14:37:02 - [MESSAGE][PASSED] - Taking screenshot successfully
[[ATTACHMENT|C:\\Users\\gupta_shr\\git\\KatalonDemo\\Snapshots\\MainPage.PNG]]

2018-12-17 14:37:02 - [MESSAGE][PASSED] - com.util.TakeScreenshot.takeScreenshotOfWebPage is PASSED

2018-12-17 14:37:02 - [TEST_STEP][PASSED] - closeBrowser(): Browser is closed

2018-12-17 14:37:05 - [MESSAGE][PASSED] - Browser is closed

2018-12-17 14:37:05 - [TEST_STEP][PASSED] - Start listener action : sampleAfterTestCase: null

2018-12-17 14:37:05 - [TEST_STEP][PASSED] - println("This section belongs to @AfterTestCase"): null

2018-12-17 14:37:05 - [TEST_STEP][PASSED] - println("***************************************************************"): null

2018-12-17 14:37:05 - [TEST_STEP][PASSED] - println(testCaseContext.getTestCaseId() + " : " + testCaseContext.getTestCaseStatus()): null

2018-12-17 14:37:05 - [TEST_STEP][PASSED] - println("***************************************************************"): null]]></system-out>
         <system-err><![CDATA[]]></system-err>
      </testcase>
      <system-out><![CDATA[2018-12-17 14:35:33 - [TEST_SUITE][PASSED] - TestSuite1: Test Cases/Bhawna/TC_MouseHoverAndScreenshot]]></system-out>
      <system-err><![CDATA[]]></system-err>
   </testsuite>
</testsuites>
