<?xml version="1.0" encoding="UTF-8"?>
<testsuites name="Nikita" time="71" tests="2" failures="0" errors="0">
   <testsuite name="Nikita" tests="2" failures="0" errors="0" time="71" timestamp="2018-12-07 16:51:03" hostname="goswami_n - Nikita-G.India.XoriantCorp.com" id="Test Suites/Nikita/Nikita">
      <properties>
         <property name="deviceName" value=""/>
         <property name="devicePlatform" value=""/>
         <property name="logFolder" value="C:\\Users\\goswami_n\\git\\KatalonDemo\\Reports\\Nikita\\Nikita\\20181207_165100"/>
         <property name="logFiles" value="C:\\Users\\goswami_n\\git\\KatalonDemo\\Reports\\Nikita\\Nikita\\20181207_165100\\execution0.log"/>
         <property name="attachments" value=""/>
         <property name="hostName" value="goswami_n - Nikita-G.India.XoriantCorp.com"/>
         <property name="os" value="Windows 10 64bit"/>
         <property name="katalonVersion" value="5.9.1.2"/>
         <property name="browser" value="Chrome 70.0.3538.110"/>
         <property name="hostAddress" value="10.20.3.71"/>
         <property name="sessionId" value="e00bd00656fd9c17ddb7a4d378f15661"/>
         <property name="seleniumVersion" value="3.7.1"/>
         <property name="proxyInformation" value="ProxyInformation{proxyOption=NO_PROXY, proxyServerType=HTTP, password=, proxyServerAddress=, proxyServerPort=0}"/>
         <property name="platform" value="Windows 10"/>
      </properties>
      <testcase name="Test Cases/Nikita/Orange HRM/Login_Excel_testdata" classname="Test Cases/Nikita/Orange HRM/Login_Excel_testdata" status="PASSED">
         <system-out><![CDATA[2018-12-07 16:51:04 - [TEST_CASE][PASSED] - Test Cases/Nikita/Orange HRM/Login_Excel_testdata: Test Cases/Nikita/Orange HRM/Login_Excel_testdata

2018-12-07 16:51:05 - [TEST_STEP][PASSED] - openBrowser(""): Browser is opened with url: ''

2018-12-07 16:51:05 - [MESSAGE][INFO] - Starting 'Chrome' driver

2018-12-07 16:51:05 - [MESSAGE][INFO] - Action delay is set to 0 seconds

2018-12-07 16:51:35 - [MESSAGE][PASSED] - Browser is opened with url: ''

2018-12-07 16:51:35 - [TEST_STEP][PASSED] - navigateToUrl("https://opensource-demo.orangehrmlive.com/"): Navigate to 'https://opensource-demo.orangehrmlive.com/' successfully

2018-12-07 16:51:49 - [MESSAGE][PASSED] - Navigate to 'https://opensource-demo.orangehrmlive.com/' successfully

2018-12-07 16:51:49 - [TEST_STEP][PASSED] - click(findTestObject("Object Repository/Page_OrangeHRM/span_Username")): Object: 'Object Repository/Page_OrangeHRM/span_Username' is clicked on

2018-12-07 16:51:53 - [MESSAGE][PASSED] - Object: 'Object Repository/Page_OrangeHRM/span_Username' is clicked on

2018-12-07 16:51:53 - [TEST_STEP][PASSED] - setText(findTestObject("Object Repository/Page_OrangeHRM/input_LOGIN Panel_txtUsername"), Username): Text 'admin' is set on object 'Object Repository/Page_OrangeHRM/input_LOGIN Panel_txtUsername'

2018-12-07 16:51:54 - [MESSAGE][PASSED] - Text 'admin' is set on object 'Object Repository/Page_OrangeHRM/input_LOGIN Panel_txtUsername'

2018-12-07 16:51:54 - [TEST_STEP][PASSED] - setText(findTestObject("Object Repository/Page_OrangeHRM/input_Username_txtPassword"), Password): Text 'admin123' is set on object 'Object Repository/Page_OrangeHRM/input_Username_txtPassword'

2018-12-07 16:51:55 - [MESSAGE][PASSED] - Text 'admin123' is set on object 'Object Repository/Page_OrangeHRM/input_Username_txtPassword'

2018-12-07 16:51:55 - [TEST_STEP][PASSED] - click(findTestObject("Object Repository/Page_OrangeHRM/input_Password_Submit")): Object: 'Object Repository/Page_OrangeHRM/input_Password_Submit' is clicked on

2018-12-07 16:52:03 - [MESSAGE][PASSED] - Object: 'Object Repository/Page_OrangeHRM/input_Password_Submit' is clicked on]]></system-out>
         <system-err><![CDATA[]]></system-err>
      </testcase>
      <testcase name="Test Cases/Nikita/Orange HRM/Login_Excel_testdata" classname="Test Cases/Nikita/Orange HRM/Login_Excel_testdata" status="PASSED">
         <system-out><![CDATA[2018-12-07 16:52:03 - [TEST_CASE][PASSED] - Test Cases/Nikita/Orange HRM/Login_Excel_testdata: Test Cases/Nikita/Orange HRM/Login_Excel_testdata

2018-12-07 16:52:04 - [TEST_STEP][PASSED] - openBrowser(""): Browser is opened with url: ''

2018-12-07 16:52:04 - [MESSAGE][WARNING] - A browser is already opened. Closing browser and opening a new one

2018-12-07 16:52:05 - [MESSAGE][INFO] - Starting 'Chrome' driver

2018-12-07 16:52:09 - [MESSAGE][PASSED] - Browser is opened with url: ''

2018-12-07 16:52:09 - [TEST_STEP][PASSED] - navigateToUrl("https://opensource-demo.orangehrmlive.com/"): Navigate to 'https://opensource-demo.orangehrmlive.com/' successfully

2018-12-07 16:52:13 - [MESSAGE][PASSED] - Navigate to 'https://opensource-demo.orangehrmlive.com/' successfully

2018-12-07 16:52:13 - [TEST_STEP][PASSED] - click(findTestObject("Object Repository/Page_OrangeHRM/span_Username")): Object: 'Object Repository/Page_OrangeHRM/span_Username' is clicked on

2018-12-07 16:52:13 - [MESSAGE][PASSED] - Object: 'Object Repository/Page_OrangeHRM/span_Username' is clicked on

2018-12-07 16:52:13 - [TEST_STEP][PASSED] - setText(findTestObject("Object Repository/Page_OrangeHRM/input_LOGIN Panel_txtUsername"), Username): Text 'admin1' is set on object 'Object Repository/Page_OrangeHRM/input_LOGIN Panel_txtUsername'

2018-12-07 16:52:13 - [MESSAGE][PASSED] - Text 'admin1' is set on object 'Object Repository/Page_OrangeHRM/input_LOGIN Panel_txtUsername'

2018-12-07 16:52:13 - [TEST_STEP][PASSED] - setText(findTestObject("Object Repository/Page_OrangeHRM/input_Username_txtPassword"), Password): Text 'admin123' is set on object 'Object Repository/Page_OrangeHRM/input_Username_txtPassword'

2018-12-07 16:52:13 - [MESSAGE][PASSED] - Text 'admin123' is set on object 'Object Repository/Page_OrangeHRM/input_Username_txtPassword'

2018-12-07 16:52:13 - [TEST_STEP][PASSED] - click(findTestObject("Object Repository/Page_OrangeHRM/input_Password_Submit")): Object: 'Object Repository/Page_OrangeHRM/input_Password_Submit' is clicked on

2018-12-07 16:52:14 - [MESSAGE][PASSED] - Object: 'Object Repository/Page_OrangeHRM/input_Password_Submit' is clicked on]]></system-out>
         <system-err><![CDATA[]]></system-err>
      </testcase>
      <system-out><![CDATA[2018-12-07 16:51:03 - [TEST_SUITE][PASSED] - Nikita: Test Cases/Nikita/Orange HRM/Login_Excel_testdata]]></system-out>
      <system-err><![CDATA[]]></system-err>
   </testsuite>
</testsuites>
