<?xml version="1.0" encoding="UTF-8"?>
<testsuites name="alerts_and_popup" time="52" tests="2" failures="0" errors="0">
   <testsuite name="alerts_and_popup" tests="2" failures="0" errors="0" time="52" timestamp="2018-12-17 11:20:00" hostname="Agrawal_nkt - Nikita-AL.India.XoriantCorp.com" id="Test Suites/Shrutika/alerts_and_popup">
      <properties>
         <property name="deviceName" value=""/>
         <property name="devicePlatform" value=""/>
         <property name="logFolder" value="C:\\Users\\agrawal_nkt\\git\\KatalonDemo\\Reports\\Shrutika\\alerts_and_popup\\20181217_111728"/>
         <property name="logFiles" value="C:\\Users\\agrawal_nkt\\git\\KatalonDemo\\Reports\\Shrutika\\alerts_and_popup\\20181217_111728\\execution0.log"/>
         <property name="attachments" value=""/>
         <property name="hostName" value="Agrawal_nkt - Nikita-AL.India.XoriantCorp.com"/>
         <property name="os" value="Windows 10 64bit"/>
         <property name="katalonVersion" value="5.9.1.2"/>
         <property name="browser" value="Chrome 70.0.3538.110"/>
         <property name="hostAddress" value="10.20.2.227"/>
         <property name="sessionId" value="2a52bbbeb6777a2901e5e2ae3011e9b3"/>
         <property name="seleniumVersion" value="3.7.1"/>
         <property name="proxyInformation" value="ProxyInformation{proxyOption=NO_PROXY, proxyServerType=HTTP, password=, proxyServerAddress=, proxyServerPort=0}"/>
         <property name="platform" value="Windows 10"/>
      </properties>
      <testcase name="Test Cases/Shrutika/PopUp/AlertPopUp Test Case" classname="Test Cases/Shrutika/PopUp/AlertPopUp Test Case" status="PASSED">
         <system-out><![CDATA[2018-12-17 11:20:01 - [TEST_CASE][PASSED] - Test Cases/Shrutika/PopUp/AlertPopUp Test Case: Test Cases/Shrutika/PopUp/AlertPopUp Test Case

2018-12-17 11:20:01 - [TEST_STEP][PASSED] - Start listener action : sampleBeforeTestCase: null

2018-12-17 11:20:01 - [TEST_STEP][PASSED] - println(testCaseContext.getTestCaseId()): null

2018-12-17 11:20:01 - [TEST_STEP][PASSED] - println(testCaseContext.getTestCaseVariables()): null

2018-12-17 11:20:01 - [TEST_STEP][PASSED] - println(testCaseContext.getMessage()): null

2018-12-17 11:20:01 - [TEST_STEP][PASSED] - Start listener action : sampleBeforeTestCase: null

2018-12-17 11:20:01 - [TEST_STEP][PASSED] - println(testCaseContext.getTestCaseId()): null

2018-12-17 11:20:01 - [TEST_STEP][PASSED] - println(testCaseContext.getTestCaseVariables()): null

2018-12-17 11:20:02 - [TEST_STEP][PASSED] - openBrowser("http://toolsqa.com/handling-alerts-using-selenium-webdriver/"): Browser is opened with url: 'http://toolsqa.com/handling-alerts-using-selenium-webdriver/'

2018-12-17 11:20:03 - [MESSAGE][INFO] - Starting 'Chrome' driver

2018-12-17 11:20:03 - [MESSAGE][INFO] - Action delay is set to 0 seconds

2018-12-17 11:20:20 - [MESSAGE][PASSED] - Browser is opened with url: 'http://toolsqa.com/handling-alerts-using-selenium-webdriver/'

2018-12-17 11:20:20 - [TEST_STEP][PASSED] - maximizeWindow(): Current window maximized

2018-12-17 11:20:22 - [MESSAGE][PASSED] - Current window maximized

2018-12-17 11:20:22 - [TEST_STEP][PASSED] - delay(1): Delayed 1 second(s)

2018-12-17 11:20:23 - [MESSAGE][PASSED] - Delayed 1 second(s)

2018-12-17 11:20:23 - [TEST_STEP][PASSED] - scrollToElement(findTestObject("Shrutika/Page_TOOLSQA  Free QA Automation To/Simple Alert Pop up text"), 2): Scroll to object 'Object Repository/Shrutika/Page_TOOLSQA  Free QA Automation To/Simple Alert Pop up text' successfully

2018-12-17 11:20:23 - [MESSAGE][PASSED] - Scroll to object 'Object Repository/Shrutika/Page_TOOLSQA  Free QA Automation To/Simple Alert Pop up text' successfully

2018-12-17 11:20:23 - [TEST_STEP][PASSED] - click(findTestObject("Shrutika/Page_TOOLSQA  Free QA Automation To/button_Simple Alert")): Object: 'Object Repository/Shrutika/Page_TOOLSQA  Free QA Automation To/button_Simple Alert' is clicked on

2018-12-17 11:20:24 - [MESSAGE][PASSED] - Object: 'Object Repository/Shrutika/Page_TOOLSQA  Free QA Automation To/button_Simple Alert' is clicked on

2018-12-17 11:20:24 - [TEST_STEP][PASSED] - delay(1): Delayed 1 second(s)

2018-12-17 11:20:25 - [MESSAGE][PASSED] - Delayed 1 second(s)

2018-12-17 11:20:25 - [TEST_STEP][PASSED] - if (waitForAlert(5)): Alert accepted

2018-12-17 11:20:25 - [MESSAGE][PASSED] - Alert is present after 5 second(s).

2018-12-17 11:20:25 - [TEST_STEP][PASSED] - switchToWindowIndex(0): Switched to window with index: '0'

2018-12-17 11:20:26 - [MESSAGE][PASSED] - Switched to window with index: '0'

2018-12-17 11:20:26 - [TEST_STEP][PASSED] - acceptAlert(): Alert accepted

2018-12-17 11:20:26 - [MESSAGE][PASSED] - Alert accepted

2018-12-17 11:20:26 - [TEST_STEP][PASSED] - delay(1): Delayed 1 second(s)

2018-12-17 11:20:27 - [MESSAGE][PASSED] - Delayed 1 second(s)

2018-12-17 11:20:27 - [TEST_STEP][PASSED] - switchToDefaultContent(): null

2018-12-17 11:20:27 - [TEST_STEP][PASSED] - click(findTestObject("Shrutika/Page_TOOLSQA  Free QA Automation To/button_Confirm Pop up")): Object: 'Object Repository/Shrutika/Page_TOOLSQA  Free QA Automation To/button_Confirm Pop up' is clicked on

2018-12-17 11:20:27 - [MESSAGE][PASSED] - Object: 'Object Repository/Shrutika/Page_TOOLSQA  Free QA Automation To/button_Confirm Pop up' is clicked on

2018-12-17 11:20:27 - [TEST_STEP][PASSED] - delay(1): Delayed 1 second(s)

2018-12-17 11:20:28 - [MESSAGE][PASSED] - Delayed 1 second(s)

2018-12-17 11:20:28 - [TEST_STEP][PASSED] - if (waitForAlert(2)): Alert dismissed

2018-12-17 11:20:28 - [MESSAGE][PASSED] - Alert is present after 2 second(s).

2018-12-17 11:20:28 - [TEST_STEP][PASSED] - switchToWindowIndex(0): Switched to window with index: '0'

2018-12-17 11:20:28 - [MESSAGE][PASSED] - Switched to window with index: '0'

2018-12-17 11:20:28 - [TEST_STEP][PASSED] - dismissAlert(): Alert dismissed

2018-12-17 11:20:28 - [MESSAGE][PASSED] - Alert dismissed

2018-12-17 11:20:28 - [TEST_STEP][PASSED] - delay(2): Delayed 2 second(s)

2018-12-17 11:20:30 - [MESSAGE][PASSED] - Delayed 2 second(s)

2018-12-17 11:20:30 - [TEST_STEP][PASSED] - switchToDefaultContent(): null

2018-12-17 11:20:30 - [TEST_STEP][PASSED] - click(findTestObject("Shrutika/Page_TOOLSQA  Free QA Automation To/button_Prompt Pop up")): Object: 'Object Repository/Shrutika/Page_TOOLSQA  Free QA Automation To/button_Prompt Pop up' is clicked on

2018-12-17 11:20:30 - [MESSAGE][PASSED] - Object: 'Object Repository/Shrutika/Page_TOOLSQA  Free QA Automation To/button_Prompt Pop up' is clicked on

2018-12-17 11:20:30 - [TEST_STEP][PASSED] - delay(2): Delayed 2 second(s)

2018-12-17 11:20:32 - [MESSAGE][PASSED] - Delayed 2 second(s)

2018-12-17 11:20:32 - [TEST_STEP][PASSED] - if (waitForAlert(5)): Alert accepted

2018-12-17 11:20:32 - [MESSAGE][PASSED] - Alert is present after 5 second(s).

2018-12-17 11:20:32 - [TEST_STEP][PASSED] - switchToWindowIndex(0): Switched to window with index: '0'

2018-12-17 11:20:32 - [MESSAGE][PASSED] - Switched to window with index: '0'

2018-12-17 11:20:32 - [TEST_STEP][PASSED] - println(getAlertText()): Get alert text successfully: 'Do you like toolsqa?'

2018-12-17 11:20:32 - [MESSAGE][PASSED] - Get alert text successfully: 'Do you like toolsqa?'

2018-12-17 11:20:32 - [TEST_STEP][PASSED] - delay(2): Delayed 2 second(s)

2018-12-17 11:20:34 - [MESSAGE][PASSED] - Delayed 2 second(s)

2018-12-17 11:20:34 - [TEST_STEP][PASSED] - acceptAlert(): Alert accepted

2018-12-17 11:20:34 - [MESSAGE][PASSED] - Alert accepted

2018-12-17 11:20:34 - [TEST_STEP][PASSED] - switchToDefaultContent(): null

2018-12-17 11:20:34 - [TEST_STEP][PASSED] - closeBrowser(): Browser is closed

2018-12-17 11:20:35 - [MESSAGE][PASSED] - Browser is closed

2018-12-17 11:20:35 - [TEST_STEP][PASSED] - Start listener action : sampleAfterTestCase: null

2018-12-17 11:20:35 - [TEST_STEP][PASSED] - println(testCaseContext.getTestCaseId()): null

2018-12-17 11:20:35 - [TEST_STEP][PASSED] - println(testCaseContext.getTestCaseStatus()): null

2018-12-17 11:20:35 - [TEST_STEP][PASSED] - println(testCaseContext.getMessage()): null

2018-12-17 11:20:35 - [TEST_STEP][PASSED] - Start listener action : sampleAfterTestCase: null

2018-12-17 11:20:35 - [TEST_STEP][PASSED] - println(testCaseContext.getTestCaseId()): null

2018-12-17 11:20:35 - [TEST_STEP][PASSED] - println(testCaseContext.getTestCaseStatus()): null]]></system-out>
         <system-err><![CDATA[]]></system-err>
      </testcase>
      <testcase name="Test Cases/Shrutika/PopUp/AlertWindowPopUp Test Case" classname="Test Cases/Shrutika/PopUp/AlertWindowPopUp Test Case" status="PASSED">
         <system-out><![CDATA[2018-12-17 11:20:35 - [TEST_CASE][PASSED] - Test Cases/Shrutika/PopUp/AlertWindowPopUp Test Case: Test Cases/Shrutika/PopUp/AlertWindowPopUp Test Case

2018-12-17 11:20:35 - [TEST_STEP][PASSED] - Start listener action : sampleBeforeTestCase: null

2018-12-17 11:20:35 - [TEST_STEP][PASSED] - println(testCaseContext.getTestCaseId()): null

2018-12-17 11:20:35 - [TEST_STEP][PASSED] - println(testCaseContext.getTestCaseVariables()): null

2018-12-17 11:20:35 - [TEST_STEP][PASSED] - println(testCaseContext.getMessage()): null

2018-12-17 11:20:35 - [TEST_STEP][PASSED] - Start listener action : sampleBeforeTestCase: null

2018-12-17 11:20:35 - [TEST_STEP][PASSED] - println(testCaseContext.getTestCaseId()): null

2018-12-17 11:20:35 - [TEST_STEP][PASSED] - println(testCaseContext.getTestCaseVariables()): null

2018-12-17 11:20:35 - [TEST_STEP][PASSED] - openBrowser("https://www.elated.com/articles/javascript-tabs/"): Browser is opened with url: 'https://www.elated.com/articles/javascript-tabs/'

2018-12-17 11:20:35 - [MESSAGE][INFO] - Starting 'Chrome' driver

2018-12-17 11:20:47 - [MESSAGE][PASSED] - Browser is opened with url: 'https://www.elated.com/articles/javascript-tabs/'

2018-12-17 11:20:47 - [TEST_STEP][PASSED] - maximizeWindow(): Current window maximized

2018-12-17 11:20:49 - [MESSAGE][PASSED] - Current window maximized

2018-12-17 11:20:49 - [TEST_STEP][PASSED] - switchToFrame(findTestObject("Object Repository/Shrutika/Page_JavaScript Tabs - Create Tabbe/iframe_The Document Object Mod"), 2): null

2018-12-17 11:20:49 - [TEST_STEP][PASSED] - click(findTestObject("Object Repository/Shrutika/Page_JavaScript Tabs - Create Tabbe/div_id(katalon-spy_elementInfo")): Object: 'Object Repository/Shrutika/Page_JavaScript Tabs - Create Tabbe/div_id(katalon-spy_elementInfo' is clicked on

2018-12-17 11:20:49 - [MESSAGE][PASSED] - Object: 'Object Repository/Shrutika/Page_JavaScript Tabs - Create Tabbe/div_id(katalon-spy_elementInfo' is clicked on

2018-12-17 11:20:49 - [TEST_STEP][PASSED] - switchToWindowTitle("Share a link on Twitter"): Switched to window with title: 'Share a link on Twitter'

2018-12-17 11:20:50 - [MESSAGE][PASSED] - Switched to window with title: 'Share a link on Twitter'

2018-12-17 11:20:50 - [TEST_STEP][PASSED] - setText(findTestObject("Object Repository/Shrutika/Page_Share a link on Twitter/input_Phone email or username_"), "Abc"): Text 'Abc' is set on object 'Object Repository/Shrutika/Page_Share a link on Twitter/input_Phone email or username_'

2018-12-17 11:20:51 - [MESSAGE][PASSED] - Text 'Abc' is set on object 'Object Repository/Shrutika/Page_Share a link on Twitter/input_Phone email or username_'

2018-12-17 11:20:51 - [TEST_STEP][PASSED] - setText(findTestObject("Object Repository/Shrutika/Page_Share a link on Twitter/input_Password_sessionpassword"), "Password"): Text 'Password' is set on object 'Object Repository/Shrutika/Page_Share a link on Twitter/input_Password_sessionpassword'

2018-12-17 11:20:51 - [MESSAGE][PASSED] - Text 'Password' is set on object 'Object Repository/Shrutika/Page_Share a link on Twitter/input_Password_sessionpassword'

2018-12-17 11:20:51 - [TEST_STEP][PASSED] - verifyTextPresent("Share a link with your followers", false): Text 'Share a link with your followers' is present on page 

2018-12-17 11:20:52 - [MESSAGE][PASSED] - Text 'Share a link with your followers' is present on page 

2018-12-17 11:20:52 - [TEST_STEP][PASSED] - closeBrowser(): Browser is closed

2018-12-17 11:20:52 - [MESSAGE][PASSED] - Browser is closed

2018-12-17 11:20:52 - [TEST_STEP][PASSED] - Start listener action : sampleAfterTestCase: null

2018-12-17 11:20:52 - [TEST_STEP][PASSED] - println(testCaseContext.getTestCaseId()): null

2018-12-17 11:20:52 - [TEST_STEP][PASSED] - println(testCaseContext.getTestCaseStatus()): null

2018-12-17 11:20:52 - [TEST_STEP][PASSED] - println(testCaseContext.getMessage()): null

2018-12-17 11:20:52 - [TEST_STEP][PASSED] - Start listener action : sampleAfterTestCase: null

2018-12-17 11:20:52 - [TEST_STEP][PASSED] - println(testCaseContext.getTestCaseId()): null

2018-12-17 11:20:52 - [TEST_STEP][PASSED] - println(testCaseContext.getTestCaseStatus()): null]]></system-out>
         <system-err><![CDATA[]]></system-err>
      </testcase>
      <system-out><![CDATA[2018-12-17 11:20:00 - [TEST_SUITE][PASSED] - alerts_and_popup: Test Cases/Shrutika/PopUp/AlertWindowPopUp Test Case]]></system-out>
      <system-err><![CDATA[]]></system-err>
   </testsuite>
</testsuites>
